  [1m[35m (1.1ms)[0m  [1m[34mSELECT sqlite_version(*)[0m
  [1m[35m (9.5ms)[0m  [1m[35mCREATE TABLE "schema_migrations" ("version" varchar NOT NULL PRIMARY KEY)[0m
  [1m[35m (7.8ms)[0m  [1m[35mCREATE TABLE "ar_internal_metadata" ("key" varchar NOT NULL PRIMARY KEY, "value" varchar, "created_at" datetime(6) NOT NULL, "updated_at" datetime(6) NOT NULL)[0m
  [1m[35m (0.1ms)[0m  [1m[34mSELECT "schema_migrations"."version" FROM "schema_migrations" ORDER BY "schema_migrations"."version" ASC[0m
Migrating to DeviseCreateUsers (20210731171913)
  [1m[36mTRANSACTION (0.1ms)[0m  [1m[36mbegin transaction[0m
  [1m[35m (0.3ms)[0m  [1m[35mCREATE TABLE "users" ("id" integer PRIMARY KEY AUTOINCREMENT NOT NULL, "email" varchar DEFAULT '' NOT NULL, "encrypted_password" varchar DEFAULT '' NOT NULL, "reset_password_token" varchar, "reset_password_sent_at" datetime, "remember_created_at" datetime, "created_at" datetime(6) NOT NULL, "updated_at" datetime(6) NOT NULL)[0m
  [1m[35m (0.1ms)[0m  [1m[35mCREATE UNIQUE INDEX "index_users_on_email" ON "users" ("email")[0m
  [1m[35m (0.1ms)[0m  [1m[35mCREATE UNIQUE INDEX "index_users_on_reset_password_token" ON "users" ("reset_password_token")[0m
  [1m[36mActiveRecord::SchemaMigration Create (1.0ms)[0m  [1m[32mINSERT INTO "schema_migrations" ("version") VALUES (?)[0m  [["version", "20210731171913"]]
  [1m[36mTRANSACTION (9.0ms)[0m  [1m[36mcommit transaction[0m
Migrating to AddStatusToUsers (20210731202803)
  [1m[36mTRANSACTION (0.1ms)[0m  [1m[36mbegin transaction[0m
  [1m[35m (0.3ms)[0m  [1m[35mALTER TABLE "users" ADD "status" varchar[0m
  [1m[36mActiveRecord::SchemaMigration Create (0.3ms)[0m  [1m[32mINSERT INTO "schema_migrations" ("version") VALUES (?)[0m  [["version", "20210731202803"]]
  [1m[36mTRANSACTION (12.4ms)[0m  [1m[36mcommit transaction[0m
Migrating to AddPermToUsers (20210731202812)
  [1m[36mTRANSACTION (0.2ms)[0m  [1m[36mbegin transaction[0m
  [1m[35m (0.4ms)[0m  [1m[35mALTER TABLE "users" ADD "perm" varchar[0m
  [1m[36mActiveRecord::SchemaMigration Create (0.2ms)[0m  [1m[32mINSERT INTO "schema_migrations" ("version") VALUES (?)[0m  [["version", "20210731202812"]]
  [1m[36mTRANSACTION (10.0ms)[0m  [1m[36mcommit transaction[0m
Migrating to AddUsernameToUsers (20210812005352)
  [1m[36mTRANSACTION (0.1ms)[0m  [1m[36mbegin transaction[0m
  [1m[35m (0.5ms)[0m  [1m[35mALTER TABLE "users" ADD "username" varchar[0m
  [1m[36mActiveRecord::SchemaMigration Create (1.8ms)[0m  [1m[32mINSERT INTO "schema_migrations" ("version") VALUES (?)[0m  [["version", "20210812005352"]]
  [1m[36mTRANSACTION (10.9ms)[0m  [1m[36mcommit transaction[0m
Migrating to CreateDatabases (20210818005602)
  [1m[36mTRANSACTION (0.1ms)[0m  [1m[36mbegin transaction[0m
  [1m[35m (0.3ms)[0m  [1m[35mCREATE TABLE "databases" ("id" integer PRIMARY KEY AUTOINCREMENT NOT NULL, "created_at" datetime(6) NOT NULL, "updated_at" datetime(6) NOT NULL)[0m
  [1m[36mActiveRecord::SchemaMigration Create (0.9ms)[0m  [1m[32mINSERT INTO "schema_migrations" ("version") VALUES (?)[0m  [["version", "20210818005602"]]
  [1m[36mTRANSACTION (13.2ms)[0m  [1m[36mcommit transaction[0m
Migrating to AddBackgroundToUsers (20211202160902)
  [1m[36mTRANSACTION (0.1ms)[0m  [1m[36mbegin transaction[0m
  [1m[35m (1.7ms)[0m  [1m[35mALTER TABLE "users" ADD "background" varchar[0m
  [1m[36mActiveRecord::SchemaMigration Create (0.5ms)[0m  [1m[32mINSERT INTO "schema_migrations" ("version") VALUES (?)[0m  [["version", "20211202160902"]]
  [1m[36mTRANSACTION (10.5ms)[0m  [1m[36mcommit transaction[0m
Migrating to AddRdpUserToUsers (20211214013950)
  [1m[36mTRANSACTION (0.2ms)[0m  [1m[36mbegin transaction[0m
  [1m[35m (0.5ms)[0m  [1m[35mALTER TABLE "users" ADD "rdp_user" varchar[0m
  [1m[36mActiveRecord::SchemaMigration Create (0.2ms)[0m  [1m[32mINSERT INTO "schema_migrations" ("version") VALUES (?)[0m  [["version", "20211214013950"]]
  [1m[36mTRANSACTION (10.1ms)[0m  [1m[36mcommit transaction[0m
  [1m[36mActiveRecord::InternalMetadata Load (0.4ms)[0m  [1m[34mSELECT "ar_internal_metadata".* FROM "ar_internal_metadata" WHERE "ar_internal_metadata"."key" = ? LIMIT ?[0m  [["key", "environment"], ["LIMIT", 1]]
  [1m[36mTRANSACTION (0.1ms)[0m  [1m[36mbegin transaction[0m
  [1m[36mActiveRecord::InternalMetadata Create (0.2ms)[0m  [1m[32mINSERT INTO "ar_internal_metadata" ("key", "value", "created_at", "updated_at") VALUES (?, ?, ?, ?)[0m  [["key", "environment"], ["value", "development"], ["created_at", "2021-12-19 20:08:46.277188"], ["updated_at", "2021-12-19 20:08:46.277188"]]
  [1m[36mTRANSACTION (9.6ms)[0m  [1m[36mcommit transaction[0m
  [1m[35m (0.1ms)[0m  [1m[34mSELECT sqlite_version(*)[0m
  [1m[35m (0.1ms)[0m  [1m[34mSELECT "schema_migrations"."version" FROM "schema_migrations" ORDER BY "schema_migrations"."version" ASC[0m
Started GET "/" for 192.168.137.1 at 2021-12-19 13:20:31 -0700
Cannot render console from 192.168.137.1! Allowed networks: 127.0.0.0/127.255.255.255, ::1
  [1m[35m (0.5ms)[0m  [1m[34mSELECT sqlite_version(*)[0m
  [1m[35m (0.2ms)[0m  [1m[34mSELECT "schema_migrations"."version" FROM "schema_migrations" ORDER BY "schema_migrations"."version" ASC[0m
Processing by HomeController#index as HTML
Redirected to http://vatlnetwork:3000/login/sessions?notice=true&t=&b=Please select a session or create a new session to continue!&m=info
Filter chain halted as :verify_login rendered or redirected
Completed 302 Found in 11ms (ActiveRecord: 0.0ms | Allocations: 2349)


Started GET "/login/sessions?notice=true&t=&b=Please%20select%20a%20session%20or%20create%20a%20new%20session%20to%20continue!&m=info" for 192.168.137.1 at 2021-12-19 13:20:31 -0700
Cannot render console from 192.168.137.1! Allowed networks: 127.0.0.0/127.255.255.255, ::1
Processing by LoginController#sessions as HTML
  Parameters: {"notice"=>"true", "t"=>"", "b"=>"Please select a session or create a new session to continue!", "m"=>"info"}
  Rendering layout layouts/application.html.erb
  Rendering login/sessions.html.erb within layouts/application
  Rendered login/_script.html.erb (Duration: 0.4ms | Allocations: 268)
  Rendered login/sessions.html.erb within layouts/application (Duration: 1.8ms | Allocations: 1018)
  Rendered layouts/_jqueryjs.html.erb (Duration: 1.3ms | Allocations: 386)
  Rendered layouts/_notifyjs.html.erb (Duration: 0.8ms | Allocations: 683)
  Rendered layouts/_script.html.erb (Duration: 0.8ms | Allocations: 345)
  Rendered layouts/_notifycss.html.erb (Duration: 0.4ms | Allocations: 275)
  Rendered layouts/_styles.html.erb (Duration: 0.5ms | Allocations: 741)
[Webpacker] Compiling...
[Webpacker] Compiled all packs in /home/vatlnetwork/sites/fc/public/packs
[Webpacker] Browserslist: caniuse-lite is outdated. Please run:
npx browserslist@latest --update-db

Why you should do it regularly:
https://github.com/browserslist/browserslist#browsers-data-updating
Though the "loose" option was set to "false" in your @babel/preset-env config, it will not be used for @babel/plugin-proposal-private-methods since the "loose" mode option was set to "true" for @babel/plugin-proposal-class-properties.
The "loose" option must be the same for @babel/plugin-proposal-class-properties, @babel/plugin-proposal-private-methods and @babel/plugin-proposal-private-property-in-object (when they are enabled): you can silence this warning by explicitly adding
	["@babel/plugin-proposal-private-methods", { "loose": true }]
to the "plugins" section of your Babel config.
Though the "loose" option was set to "false" in your @babel/preset-env config, it will not be used for @babel/plugin-proposal-private-methods since the "loose" mode option was set to "true" for @babel/plugin-proposal-class-properties.
The "loose" option must be the same for @babel/plugin-proposal-class-properties, @babel/plugin-proposal-private-methods and @babel/plugin-proposal-private-property-in-object (when they are enabled): you can silence this warning by explicitly adding
	["@babel/plugin-proposal-private-methods", { "loose": true }]
to the "plugins" section of your Babel config.
Though the "loose" option was set to "false" in your @babel/preset-env config, it will not be used for @babel/plugin-proposal-private-methods since the "loose" mode option was set to "true" for @babel/plugin-proposal-class-properties.
The "loose" option must be the same for @babel/plugin-proposal-class-properties, @babel/plugin-proposal-private-methods and @babel/plugin-proposal-private-property-in-object (when they are enabled): you can silence this warning by explicitly adding
	["@babel/plugin-proposal-private-methods", { "loose": true }]
to the "plugins" section of your Babel config.
Though the "loose" option was set to "false" in your @babel/preset-env config, it will not be used for @babel/plugin-proposal-private-methods since the "loose" mode option was set to "true" for @babel/plugin-proposal-class-properties.
The "loose" option must be the same for @babel/plugin-proposal-class-properties, @babel/plugin-proposal-private-methods and @babel/plugin-proposal-private-property-in-object (when they are enabled): you can silence this warning by explicitly adding
	["@babel/plugin-proposal-private-methods", { "loose": true }]
to the "plugins" section of your Babel config.
Though the "loose" option was set to "false" in your @babel/preset-env config, it will not be used for @babel/plugin-proposal-private-methods since the "loose" mode option was set to "true" for @babel/plugin-proposal-class-properties.
The "loose" option must be the same for @babel/plugin-proposal-class-properties, @babel/plugin-proposal-private-methods and @babel/plugin-proposal-private-property-in-object (when they are enabled): you can silence this warning by explicitly adding
	["@babel/plugin-proposal-private-methods", { "loose": true }]
to the "plugins" section of your Babel config.
Though the "loose" option was set to "false" in your @babel/preset-env config, it will not be used for @babel/plugin-proposal-private-methods since the "loose" mode option was set to "true" for @babel/plugin-proposal-class-properties.
The "loose" option must be the same for @babel/plugin-proposal-class-properties, @babel/plugin-proposal-private-methods and @babel/plugin-proposal-private-property-in-object (when they are enabled): you can silence this warning by explicitly adding
	["@babel/plugin-proposal-private-methods", { "loose": true }]
to the "plugins" section of your Babel config.

[Webpacker] Hash: ce14c115e350524bb5a9
Version: webpack 4.46.0
Time: 1384ms
Built at: 12/19/2021 1:20:34 PM
                                     Asset       Size       Chunks                         Chunk Names
    js/application-b43fa54005da8e229d8c.js    125 KiB  application  [emitted] [immutable]  application
js/application-b43fa54005da8e229d8c.js.map    139 KiB  application  [emitted] [dev]        application
                             manifest.json  364 bytes               [emitted]              
Entrypoint application = js/application-b43fa54005da8e229d8c.js js/application-b43fa54005da8e229d8c.js.map
[./app/javascript/channels sync recursive _channel\.js$] ./app/javascript/channels sync _channel\.js$ 160 bytes {application} [built]
[./app/javascript/channels/index.js] 211 bytes {application} [built]
[./app/javascript/packs/application.js] 492 bytes {application} [built]
[./node_modules/webpack/buildin/module.js] (webpack)/buildin/module.js 552 bytes {application} [built]
    + 3 hidden modules

  Rendered layouts/_navbar.html.erb (Duration: 0.5ms | Allocations: 490)
  Rendered layouts/_alertsurl.html.erb (Duration: 0.2ms | Allocations: 145)
  Rendered layout layouts/application.html.erb (Duration: 2922.3ms | Allocations: 64873)
Completed 200 OK in 2932ms (Views: 2927.6ms | ActiveRecord: 0.0ms | Allocations: 68127)


Started POST "/users" for 192.168.137.1 at 2021-12-19 13:20:46 -0700
Cannot render console from 192.168.137.1! Allowed networks: 127.0.0.0/127.255.255.255, ::1
Processing by Devise::RegistrationsController#create as HTML
  Parameters: {"user"=>{"email"=>"vatlnetwork@vatlnetwork.net", "password"=>"[FILTERED]", "password_confirmation"=>"[FILTERED]"}, "commit"=>"Sign Up"}
  [1m[36mTRANSACTION (0.0ms)[0m  [1m[36mbegin transaction[0m
  [1m[36mUser Exists? (0.1ms)[0m  [1m[34mSELECT 1 AS one FROM "users" WHERE "users"."email" = ? LIMIT ?[0m  [["email", "vatlnetwork@vatlnetwork.net"], ["LIMIT", 1]]
  [1m[36mUser Create (0.3ms)[0m  [1m[32mINSERT INTO "users" ("email", "encrypted_password", "created_at", "updated_at") VALUES (?, ?, ?, ?)[0m  [["email", "vatlnetwork@vatlnetwork.net"], ["encrypted_password", "$2a$12$uw3l2SCglWMJikL8A6uGT.e1BqwGicuSdaAhHG2raAeJqnoiqF4c."], ["created_at", "2021-12-19 20:20:46.378488"], ["updated_at", "2021-12-19 20:20:46.378488"]]
  [1m[36mTRANSACTION (53.6ms)[0m  [1m[36mcommit transaction[0m
Redirected to http://vatlnetwork:3000/
Completed 302 Found in 276ms (ActiveRecord: 54.3ms | Allocations: 24910)


Started GET "/" for 192.168.137.1 at 2021-12-19 13:20:46 -0700
Cannot render console from 192.168.137.1! Allowed networks: 127.0.0.0/127.255.255.255, ::1
Processing by HomeController#index as HTML
  [1m[36mUser Load (0.2ms)[0m  [1m[34mSELECT "users".* FROM "users" WHERE "users"."id" = ? ORDER BY "users"."id" ASC LIMIT ?[0m  [["id", 1], ["LIMIT", 1]]
  ↳ app/controllers/application_controller.rb:10:in `verify_login'
  [1m[36mUser Load (0.4ms)[0m  [1m[34mSELECT "users".* FROM "users" WHERE "users"."id" = ? LIMIT ?[0m  [["id", 1], ["LIMIT", 1]]
  ↳ app/controllers/application_controller.rb:25:in `get_current_status'
  [1m[36mTRANSACTION (0.1ms)[0m  [1m[36mbegin transaction[0m
  ↳ app/controllers/application_controller.rb:28:in `get_current_status'
  [1m[36mUser Update (0.3ms)[0m  [1m[33mUPDATE "users" SET "updated_at" = ?, "status" = ? WHERE "users"."id" = ?[0m  [["updated_at", "2021-12-19 20:20:46.466790"], ["status", "enabled"], ["id", 1]]
  ↳ app/controllers/application_controller.rb:28:in `get_current_status'
  [1m[36mTRANSACTION (52.3ms)[0m  [1m[36mcommit transaction[0m
  ↳ app/controllers/application_controller.rb:28:in `get_current_status'
  [1m[36mTRANSACTION (0.2ms)[0m  [1m[36mbegin transaction[0m
  ↳ app/controllers/application_controller.rb:32:in `get_current_status'
  [1m[36mUser Update (0.7ms)[0m  [1m[33mUPDATE "users" SET "updated_at" = ?, "perm" = ? WHERE "users"."id" = ?[0m  [["updated_at", "2021-12-19 20:20:46.529109"], ["perm", "user"], ["id", 1]]
  ↳ app/controllers/application_controller.rb:32:in `get_current_status'
  [1m[36mTRANSACTION (52.1ms)[0m  [1m[36mcommit transaction[0m
  ↳ app/controllers/application_controller.rb:32:in `get_current_status'
  [1m[36mTRANSACTION (0.2ms)[0m  [1m[36mbegin transaction[0m
  ↳ app/controllers/application_controller.rb:36:in `get_current_status'
  [1m[36mUser Update (0.8ms)[0m  [1m[33mUPDATE "users" SET "updated_at" = ?, "username" = ? WHERE "users"."id" = ?[0m  [["updated_at", "2021-12-19 20:20:46.598395"], ["username", "User"], ["id", 1]]
  ↳ app/controllers/application_controller.rb:36:in `get_current_status'
  [1m[36mTRANSACTION (62.4ms)[0m  [1m[36mcommit transaction[0m
  ↳ app/controllers/application_controller.rb:36:in `get_current_status'
  [1m[36mUser Load (0.4ms)[0m  [1m[34mSELECT "users".* FROM "users" WHERE "users"."perm" = ? LIMIT ?[0m  [["perm", "admin"], ["LIMIT", 1]]
  ↳ app/controllers/application_controller.rb:38:in `get_current_status'
  [1m[36mTRANSACTION (0.2ms)[0m  [1m[36mbegin transaction[0m
  ↳ app/controllers/application_controller.rb:40:in `get_current_status'
  [1m[36mUser Update (1.6ms)[0m  [1m[33mUPDATE "users" SET "updated_at" = ?, "perm" = ? WHERE "users"."id" = ?[0m  [["updated_at", "2021-12-19 20:20:46.684188"], ["perm", "admin"], ["id", 1]]
  ↳ app/controllers/application_controller.rb:40:in `get_current_status'
  [1m[36mTRANSACTION (66.6ms)[0m  [1m[36mcommit transaction[0m
  ↳ app/controllers/application_controller.rb:40:in `get_current_status'
  Rendering layout layouts/application.html.erb
  Rendering home/index.html.erb within layouts/application
  Rendered home/index.html.erb within layouts/application (Duration: 1.0ms | Allocations: 133)
  Rendered layouts/_jqueryjs.html.erb (Duration: 0.2ms | Allocations: 9)
  Rendered layouts/_notifyjs.html.erb (Duration: 0.1ms | Allocations: 6)
  Rendered layouts/_script.html.erb (Duration: 0.0ms | Allocations: 6)
  Rendered layouts/_notifycss.html.erb (Duration: 0.0ms | Allocations: 6)
  Rendered layouts/_styles.html.erb (Duration: 0.1ms | Allocations: 19)
[Webpacker] Everything's up-to-date. Nothing to do
  Rendered layouts/_navbar.html.erb (Duration: 0.3ms | Allocations: 127)
  Rendered layouts/_legacy-al.html.erb (Duration: 0.4ms | Allocations: 112)
  Rendered layout layouts/application.html.erb (Duration: 12.9ms | Allocations: 5396)
Completed 200 OK in 323ms (Views: 15.8ms | ActiveRecord: 238.5ms | Allocations: 25616)


Started GET "/users/edit" for 192.168.137.1 at 2021-12-19 13:20:50 -0700
Cannot render console from 192.168.137.1! Allowed networks: 127.0.0.0/127.255.255.255, ::1
Processing by Devise::RegistrationsController#edit as HTML
  [1m[36mUser Load (0.4ms)[0m  [1m[34mSELECT "users".* FROM "users" WHERE "users"."id" = ? ORDER BY "users"."id" ASC LIMIT ?[0m  [["id", 1], ["LIMIT", 1]]
  [1m[36mUser Load (0.2ms)[0m  [1m[34mSELECT "users".* FROM "users" WHERE "users"."id" = ? LIMIT ?[0m  [["id", 1], ["LIMIT", 1]]
  ↳ app/controllers/application_controller.rb:25:in `get_current_status'
  [1m[36mUser Load (0.3ms)[0m  [1m[34mSELECT "users".* FROM "users" WHERE "users"."perm" = ? LIMIT ?[0m  [["perm", "admin"], ["LIMIT", 1]]
  ↳ app/controllers/application_controller.rb:38:in `get_current_status'
  Rendering layout layouts/application.html.erb
  Rendering devise/registrations/edit.html.erb within layouts/application
  Rendered devise/shared/_error_messages.html.erb (Duration: 0.6ms | Allocations: 219)
  Rendered devise/registrations/edit.html.erb within layouts/application (Duration: 8.9ms | Allocations: 2598)
  Rendered layouts/_jqueryjs.html.erb (Duration: 0.1ms | Allocations: 7)
  Rendered layouts/_notifyjs.html.erb (Duration: 0.0ms | Allocations: 6)
  Rendered layouts/_script.html.erb (Duration: 0.0ms | Allocations: 6)
  Rendered layouts/_notifycss.html.erb (Duration: 0.0ms | Allocations: 6)
  Rendered layouts/_styles.html.erb (Duration: 0.1ms | Allocations: 17)
[Webpacker] Everything's up-to-date. Nothing to do
  Rendered layouts/_navbar.html.erb (Duration: 0.2ms | Allocations: 96)
  Rendered layout layouts/application.html.erb (Duration: 16.5ms | Allocations: 7469)
Completed 200 OK in 31ms (Views: 19.5ms | ActiveRecord: 0.9ms | Allocations: 11004)


Started GET "/" for 192.168.137.1 at 2021-12-19 13:20:52 -0700
Cannot render console from 192.168.137.1! Allowed networks: 127.0.0.0/127.255.255.255, ::1
Processing by HomeController#index as HTML
  [1m[36mUser Load (0.3ms)[0m  [1m[34mSELECT "users".* FROM "users" WHERE "users"."id" = ? ORDER BY "users"."id" ASC LIMIT ?[0m  [["id", 1], ["LIMIT", 1]]
  ↳ app/controllers/application_controller.rb:10:in `verify_login'
  [1m[36mUser Load (0.3ms)[0m  [1m[34mSELECT "users".* FROM "users" WHERE "users"."id" = ? LIMIT ?[0m  [["id", 1], ["LIMIT", 1]]
  ↳ app/controllers/application_controller.rb:25:in `get_current_status'
  [1m[36mUser Load (0.3ms)[0m  [1m[34mSELECT "users".* FROM "users" WHERE "users"."perm" = ? LIMIT ?[0m  [["perm", "admin"], ["LIMIT", 1]]
  ↳ app/controllers/application_controller.rb:38:in `get_current_status'
  Rendering layout layouts/application.html.erb
  Rendering home/index.html.erb within layouts/application
  Rendered home/index.html.erb within layouts/application (Duration: 0.1ms | Allocations: 8)
  Rendered layouts/_jqueryjs.html.erb (Duration: 0.2ms | Allocations: 6)
  Rendered layouts/_notifyjs.html.erb (Duration: 0.1ms | Allocations: 5)
  Rendered layouts/_script.html.erb (Duration: 0.1ms | Allocations: 5)
  Rendered layouts/_notifycss.html.erb (Duration: 0.1ms | Allocations: 5)
  Rendered layouts/_styles.html.erb (Duration: 0.2ms | Allocations: 13)
[Webpacker] Everything's up-to-date. Nothing to do
  Rendered layouts/_navbar.html.erb (Duration: 0.3ms | Allocations: 91)
  Rendered layout layouts/application.html.erb (Duration: 15.9ms | Allocations: 4637)
Completed 200 OK in 28ms (Views: 17.0ms | ActiveRecord: 0.9ms | Allocations: 6960)


Started GET "/users/edit" for 192.168.137.1 at 2021-12-19 13:20:57 -0700
Cannot render console from 192.168.137.1! Allowed networks: 127.0.0.0/127.255.255.255, ::1
Processing by Devise::RegistrationsController#edit as HTML
  [1m[36mUser Load (0.3ms)[0m  [1m[34mSELECT "users".* FROM "users" WHERE "users"."id" = ? ORDER BY "users"."id" ASC LIMIT ?[0m  [["id", 1], ["LIMIT", 1]]
  [1m[36mUser Load (0.3ms)[0m  [1m[34mSELECT "users".* FROM "users" WHERE "users"."id" = ? LIMIT ?[0m  [["id", 1], ["LIMIT", 1]]
  ↳ app/controllers/application_controller.rb:25:in `get_current_status'
  [1m[36mUser Load (0.5ms)[0m  [1m[34mSELECT "users".* FROM "users" WHERE "users"."perm" = ? LIMIT ?[0m  [["perm", "admin"], ["LIMIT", 1]]
  ↳ app/controllers/application_controller.rb:38:in `get_current_status'
  Rendering layout layouts/application.html.erb
  Rendering devise/registrations/edit.html.erb within layouts/application
  Rendered devise/shared/_error_messages.html.erb (Duration: 0.1ms | Allocations: 10)
  Rendered devise/registrations/edit.html.erb within layouts/application (Duration: 1.9ms | Allocations: 521)
  Rendered layouts/_jqueryjs.html.erb (Duration: 0.2ms | Allocations: 5)
  Rendered layouts/_notifyjs.html.erb (Duration: 0.1ms | Allocations: 5)
  Rendered layouts/_script.html.erb (Duration: 0.0ms | Allocations: 5)
  Rendered layouts/_notifycss.html.erb (Duration: 0.0ms | Allocations: 5)
  Rendered layouts/_styles.html.erb (Duration: 0.1ms | Allocations: 13)
[Webpacker] Everything's up-to-date. Nothing to do
  Rendered layouts/_navbar.html.erb (Duration: 0.2ms | Allocations: 78)
  Rendered layout layouts/application.html.erb (Duration: 11.8ms | Allocations: 5121)
Completed 200 OK in 26ms (Views: 13.0ms | ActiveRecord: 1.1ms | Allocations: 7615)


Started POST "/update/username" for 192.168.137.1 at 2021-12-19 13:21:08 -0700
Cannot render console from 192.168.137.1! Allowed networks: 127.0.0.0/127.255.255.255, ::1
Processing by UpdateController#username as */*
  Parameters: {"username"=>"John Gustafson"}
  [1m[36mUser Load (0.3ms)[0m  [1m[34mSELECT "users".* FROM "users" WHERE "users"."id" = ? ORDER BY "users"."id" ASC LIMIT ?[0m  [["id", 1], ["LIMIT", 1]]
  ↳ app/controllers/application_controller.rb:10:in `verify_login'
  [1m[36mUser Load (0.2ms)[0m  [1m[34mSELECT "users".* FROM "users" WHERE "users"."id" = ? LIMIT ?[0m  [["id", 1], ["LIMIT", 1]]
  ↳ app/controllers/application_controller.rb:25:in `get_current_status'
  [1m[36mUser Load (0.2ms)[0m  [1m[34mSELECT "users".* FROM "users" WHERE "users"."perm" = ? LIMIT ?[0m  [["perm", "admin"], ["LIMIT", 1]]
  ↳ app/controllers/application_controller.rb:38:in `get_current_status'
  [1m[36mCACHE User Load (0.1ms)[0m  [1m[34mSELECT "users".* FROM "users" WHERE "users"."id" = ? LIMIT ?[0m  [["id", 1], ["LIMIT", 1]]
  ↳ app/controllers/update_controller.rb:5:in `username'
  [1m[36mTRANSACTION (0.2ms)[0m  [1m[36mbegin transaction[0m
  ↳ app/controllers/update_controller.rb:7:in `username'
  [1m[36mUser Update (0.5ms)[0m  [1m[33mUPDATE "users" SET "updated_at" = ?, "username" = ? WHERE "users"."id" = ?[0m  [["updated_at", "2021-12-19 20:21:08.661629"], ["username", "John Gustafson"], ["id", 1]]
  ↳ app/controllers/update_controller.rb:7:in `username'
  [1m[36mTRANSACTION (64.1ms)[0m  [1m[36mcommit transaction[0m
  ↳ app/controllers/update_controller.rb:7:in `username'
Redirected to http://vatlnetwork:3000/users/edit
Completed 302 Found in 86ms (ActiveRecord: 65.6ms | Allocations: 5861)


Started GET "/users/edit" for 192.168.137.1 at 2021-12-19 13:21:08 -0700
Cannot render console from 192.168.137.1! Allowed networks: 127.0.0.0/127.255.255.255, ::1
Processing by Devise::RegistrationsController#edit as */*
  [1m[36mUser Load (0.2ms)[0m  [1m[34mSELECT "users".* FROM "users" WHERE "users"."id" = ? ORDER BY "users"."id" ASC LIMIT ?[0m  [["id", 1], ["LIMIT", 1]]
  [1m[36mUser Load (0.2ms)[0m  [1m[34mSELECT "users".* FROM "users" WHERE "users"."id" = ? LIMIT ?[0m  [["id", 1], ["LIMIT", 1]]
  ↳ app/controllers/application_controller.rb:25:in `get_current_status'
  [1m[36mUser Load (0.2ms)[0m  [1m[34mSELECT "users".* FROM "users" WHERE "users"."perm" = ? LIMIT ?[0m  [["perm", "admin"], ["LIMIT", 1]]
  ↳ app/controllers/application_controller.rb:38:in `get_current_status'
  Rendering layout layouts/application.html.erb
  Rendering devise/registrations/edit.html.erb within layouts/application
  Rendered devise/shared/_error_messages.html.erb (Duration: 0.1ms | Allocations: 10)
  Rendered devise/registrations/edit.html.erb within layouts/application (Duration: 2.6ms | Allocations: 710)
  Rendered layouts/_jqueryjs.html.erb (Duration: 0.2ms | Allocations: 5)
  Rendered layouts/_notifyjs.html.erb (Duration: 0.1ms | Allocations: 5)
  Rendered layouts/_script.html.erb (Duration: 0.1ms | Allocations: 5)
  Rendered layouts/_notifycss.html.erb (Duration: 0.1ms | Allocations: 5)
  Rendered layouts/_styles.html.erb (Duration: 0.2ms | Allocations: 13)
[Webpacker] Everything's up-to-date. Nothing to do
  Rendered layouts/_navbar.html.erb (Duration: 0.2ms | Allocations: 80)
  Rendered layouts/_alerts.html.erb (Duration: 0.4ms | Allocations: 171)
  Rendered layout layouts/application.html.erb (Duration: 18.4ms | Allocations: 6655)
Completed 200 OK in 30ms (Views: 21.1ms | ActiveRecord: 0.6ms | Allocations: 9350)


Started GET "/" for 192.168.137.1 at 2021-12-19 13:21:11 -0700
Cannot render console from 192.168.137.1! Allowed networks: 127.0.0.0/127.255.255.255, ::1
Processing by HomeController#index as HTML
  [1m[36mUser Load (0.2ms)[0m  [1m[34mSELECT "users".* FROM "users" WHERE "users"."id" = ? ORDER BY "users"."id" ASC LIMIT ?[0m  [["id", 1], ["LIMIT", 1]]
  ↳ app/controllers/application_controller.rb:10:in `verify_login'
  [1m[36mUser Load (0.4ms)[0m  [1m[34mSELECT "users".* FROM "users" WHERE "users"."id" = ? LIMIT ?[0m  [["id", 1], ["LIMIT", 1]]
  ↳ app/controllers/application_controller.rb:25:in `get_current_status'
  [1m[36mUser Load (0.4ms)[0m  [1m[34mSELECT "users".* FROM "users" WHERE "users"."perm" = ? LIMIT ?[0m  [["perm", "admin"], ["LIMIT", 1]]
  ↳ app/controllers/application_controller.rb:38:in `get_current_status'
  Rendering layout layouts/application.html.erb
  Rendering home/index.html.erb within layouts/application
  Rendered home/index.html.erb within layouts/application (Duration: 0.2ms | Allocations: 8)
  Rendered layouts/_jqueryjs.html.erb (Duration: 0.1ms | Allocations: 6)
  Rendered layouts/_notifyjs.html.erb (Duration: 0.2ms | Allocations: 5)
  Rendered layouts/_script.html.erb (Duration: 0.1ms | Allocations: 5)
  Rendered layouts/_notifycss.html.erb (Duration: 0.1ms | Allocations: 5)
  Rendered layouts/_styles.html.erb (Duration: 0.1ms | Allocations: 13)
[Webpacker] Everything's up-to-date. Nothing to do
  Rendered layouts/_navbar.html.erb (Duration: 0.5ms | Allocations: 91)
  Rendered layout layouts/application.html.erb (Duration: 26.8ms | Allocations: 4639)
Completed 200 OK in 40ms (Views: 28.1ms | ActiveRecord: 1.1ms | Allocations: 6711)


Started GET "/" for 192.168.137.1 at 2021-12-19 13:21:55 -0700
Cannot render console from 192.168.137.1! Allowed networks: 127.0.0.0/127.255.255.255, ::1
Processing by HomeController#index as HTML
  [1m[36mUser Load (0.3ms)[0m  [1m[34mSELECT "users".* FROM "users" WHERE "users"."id" = ? ORDER BY "users"."id" ASC LIMIT ?[0m  [["id", 1], ["LIMIT", 1]]
  ↳ app/controllers/application_controller.rb:10:in `verify_login'
  [1m[36mUser Load (0.3ms)[0m  [1m[34mSELECT "users".* FROM "users" WHERE "users"."id" = ? LIMIT ?[0m  [["id", 1], ["LIMIT", 1]]
  ↳ app/controllers/application_controller.rb:25:in `get_current_status'
  [1m[36mUser Load (0.3ms)[0m  [1m[34mSELECT "users".* FROM "users" WHERE "users"."perm" = ? LIMIT ?[0m  [["perm", "admin"], ["LIMIT", 1]]
  ↳ app/controllers/application_controller.rb:38:in `get_current_status'
  Rendering layout layouts/application.html.erb
  Rendering home/index.html.erb within layouts/application
  Rendered home/index.html.erb within layouts/application (Duration: 0.6ms | Allocations: 140)
  Rendered layouts/_jqueryjs.html.erb (Duration: 2.5ms | Allocations: 387)
  Rendered layouts/_notifyjs.html.erb (Duration: 1.2ms | Allocations: 681)
  Rendered layouts/_script.html.erb (Duration: 0.4ms | Allocations: 343)
  Rendered layouts/_notifycss.html.erb (Duration: 0.6ms | Allocations: 273)
  Rendered layouts/_styles.html.erb (Duration: 1.5ms | Allocations: 707)
[Webpacker] Everything's up-to-date. Nothing to do
  Rendered layouts/_navbar.html.erb (Duration: 0.5ms | Allocations: 326)
  Rendered layout layouts/application.html.erb (Duration: 21.0ms | Allocations: 9178)
Completed 200 OK in 40ms (Views: 25.5ms | ActiveRecord: 0.9ms | Allocations: 12234)


Started GET "/" for 192.168.137.1 at 2021-12-19 13:23:22 -0700
Cannot render console from 192.168.137.1! Allowed networks: 127.0.0.0/127.255.255.255, ::1
Processing by HomeController#index as HTML
  [1m[36mUser Load (0.2ms)[0m  [1m[34mSELECT "users".* FROM "users" WHERE "users"."id" = ? ORDER BY "users"."id" ASC LIMIT ?[0m  [["id", 1], ["LIMIT", 1]]
  ↳ app/controllers/application_controller.rb:10:in `verify_login'
  [1m[36mUser Load (0.3ms)[0m  [1m[34mSELECT "users".* FROM "users" WHERE "users"."id" = ? LIMIT ?[0m  [["id", 1], ["LIMIT", 1]]
  ↳ app/controllers/application_controller.rb:25:in `get_current_status'
  [1m[36mUser Load (0.1ms)[0m  [1m[34mSELECT "users".* FROM "users" WHERE "users"."perm" = ? LIMIT ?[0m  [["perm", "admin"], ["LIMIT", 1]]
  ↳ app/controllers/application_controller.rb:38:in `get_current_status'
  Rendering layout layouts/application.html.erb
  Rendering home/index.html.erb within layouts/application
  Rendered home/index.html.erb within layouts/application (Duration: 0.4ms | Allocations: 135)
  Rendered layouts/_jqueryjs.html.erb (Duration: 1.5ms | Allocations: 387)
  Rendered layouts/_notifyjs.html.erb (Duration: 0.4ms | Allocations: 681)
  Rendered layouts/_script.html.erb (Duration: 0.3ms | Allocations: 343)
  Rendered layouts/_notifycss.html.erb (Duration: 0.2ms | Allocations: 273)
  Rendered layouts/_styles.html.erb (Duration: 1.0ms | Allocations: 707)
[Webpacker] Everything's up-to-date. Nothing to do
  Rendered layouts/_navbar.html.erb (Duration: 0.4ms | Allocations: 345)
  Rendered layout layouts/application.html.erb (Duration: 12.7ms | Allocations: 9177)
Completed 200 OK in 22ms (Views: 14.8ms | ActiveRecord: 0.6ms | Allocations: 12429)


Started GET "/" for 192.168.137.1 at 2021-12-19 13:23:28 -0700
Cannot render console from 192.168.137.1! Allowed networks: 127.0.0.0/127.255.255.255, ::1
Processing by HomeController#index as HTML
  [1m[36mUser Load (0.3ms)[0m  [1m[34mSELECT "users".* FROM "users" WHERE "users"."id" = ? ORDER BY "users"."id" ASC LIMIT ?[0m  [["id", 1], ["LIMIT", 1]]
  ↳ app/controllers/application_controller.rb:10:in `verify_login'
  [1m[36mUser Load (0.3ms)[0m  [1m[34mSELECT "users".* FROM "users" WHERE "users"."id" = ? LIMIT ?[0m  [["id", 1], ["LIMIT", 1]]
  ↳ app/controllers/application_controller.rb:25:in `get_current_status'
  [1m[36mUser Load (0.3ms)[0m  [1m[34mSELECT "users".* FROM "users" WHERE "users"."perm" = ? LIMIT ?[0m  [["perm", "admin"], ["LIMIT", 1]]
  ↳ app/controllers/application_controller.rb:38:in `get_current_status'
  Rendering layout layouts/application.html.erb
  Rendering home/index.html.erb within layouts/application
  Rendered home/index.html.erb within layouts/application (Duration: 0.1ms | Allocations: 8)
  Rendered layouts/_jqueryjs.html.erb (Duration: 0.2ms | Allocations: 6)
  Rendered layouts/_notifyjs.html.erb (Duration: 0.1ms | Allocations: 5)
  Rendered layouts/_script.html.erb (Duration: 0.1ms | Allocations: 5)
  Rendered layouts/_notifycss.html.erb (Duration: 0.1ms | Allocations: 5)
  Rendered layouts/_styles.html.erb (Duration: 0.1ms | Allocations: 13)
[Webpacker] Everything's up-to-date. Nothing to do
  Rendered layouts/_navbar.html.erb (Duration: 0.5ms | Allocations: 74)
  Rendered layout layouts/application.html.erb (Duration: 16.0ms | Allocations: 4616)
Completed 200 OK in 29ms (Views: 17.3ms | ActiveRecord: 0.9ms | Allocations: 6876)


Started GET "/users/edit" for 192.168.137.1 at 2021-12-19 13:23:30 -0700
Cannot render console from 192.168.137.1! Allowed networks: 127.0.0.0/127.255.255.255, ::1
Processing by Devise::RegistrationsController#edit as HTML
  [1m[36mUser Load (0.3ms)[0m  [1m[34mSELECT "users".* FROM "users" WHERE "users"."id" = ? ORDER BY "users"."id" ASC LIMIT ?[0m  [["id", 1], ["LIMIT", 1]]
  [1m[36mUser Load (0.6ms)[0m  [1m[34mSELECT "users".* FROM "users" WHERE "users"."id" = ? LIMIT ?[0m  [["id", 1], ["LIMIT", 1]]
  ↳ app/controllers/application_controller.rb:25:in `get_current_status'
  [1m[36mUser Load (0.2ms)[0m  [1m[34mSELECT "users".* FROM "users" WHERE "users"."perm" = ? LIMIT ?[0m  [["perm", "admin"], ["LIMIT", 1]]
  ↳ app/controllers/application_controller.rb:38:in `get_current_status'
  Rendering layout layouts/application.html.erb
  Rendering devise/registrations/edit.html.erb within layouts/application
  Rendered devise/shared/_error_messages.html.erb (Duration: 0.7ms | Allocations: 184)
  Rendered devise/registrations/edit.html.erb within layouts/application (Duration: 4.1ms | Allocations: 1544)
  Rendered layouts/_jqueryjs.html.erb (Duration: 0.0ms | Allocations: 6)
  Rendered layouts/_notifyjs.html.erb (Duration: 0.0ms | Allocations: 6)
  Rendered layouts/_script.html.erb (Duration: 0.0ms | Allocations: 6)
  Rendered layouts/_notifycss.html.erb (Duration: 0.0ms | Allocations: 6)
  Rendered layouts/_styles.html.erb (Duration: 0.1ms | Allocations: 17)
[Webpacker] Everything's up-to-date. Nothing to do
  Rendered layouts/_navbar.html.erb (Duration: 0.2ms | Allocations: 77)
  Rendered layout layouts/application.html.erb (Duration: 11.6ms | Allocations: 6368)
Completed 200 OK in 27ms (Views: 16.1ms | ActiveRecord: 1.2ms | Allocations: 9917)


Started GET "/" for 192.168.137.1 at 2021-12-19 13:23:36 -0700
Cannot render console from 192.168.137.1! Allowed networks: 127.0.0.0/127.255.255.255, ::1
Processing by HomeController#index as HTML
  [1m[36mUser Load (0.3ms)[0m  [1m[34mSELECT "users".* FROM "users" WHERE "users"."id" = ? ORDER BY "users"."id" ASC LIMIT ?[0m  [["id", 1], ["LIMIT", 1]]
  ↳ app/controllers/application_controller.rb:10:in `verify_login'
  [1m[36mUser Load (0.2ms)[0m  [1m[34mSELECT "users".* FROM "users" WHERE "users"."id" = ? LIMIT ?[0m  [["id", 1], ["LIMIT", 1]]
  ↳ app/controllers/application_controller.rb:25:in `get_current_status'
  [1m[36mUser Load (0.3ms)[0m  [1m[34mSELECT "users".* FROM "users" WHERE "users"."perm" = ? LIMIT ?[0m  [["perm", "admin"], ["LIMIT", 1]]
  ↳ app/controllers/application_controller.rb:38:in `get_current_status'
  Rendering layout layouts/application.html.erb
  Rendering home/index.html.erb within layouts/application
  Rendered home/index.html.erb within layouts/application (Duration: 0.1ms | Allocations: 8)
  Rendered layouts/_jqueryjs.html.erb (Duration: 0.2ms | Allocations: 6)
  Rendered layouts/_notifyjs.html.erb (Duration: 0.1ms | Allocations: 5)
  Rendered layouts/_script.html.erb (Duration: 0.1ms | Allocations: 5)
  Rendered layouts/_notifycss.html.erb (Duration: 0.1ms | Allocations: 5)
  Rendered layouts/_styles.html.erb (Duration: 0.1ms | Allocations: 13)
[Webpacker] Everything's up-to-date. Nothing to do
  Rendered layouts/_navbar.html.erb (Duration: 0.5ms | Allocations: 74)
  Rendered layout layouts/application.html.erb (Duration: 17.8ms | Allocations: 4616)
Completed 200 OK in 29ms (Views: 18.9ms | ActiveRecord: 0.8ms | Allocations: 6898)


  [1m[35m (1.3ms)[0m  [1m[34mSELECT sqlite_version(*)[0m
  [1m[36mUser Load (0.3ms)[0m  [1m[34mSELECT "users".* FROM "users" WHERE "users"."id" = ? LIMIT ?[0m  [["id", 1], ["LIMIT", 1]]
  [1m[36mTRANSACTION (0.2ms)[0m  [1m[36mbegin transaction[0m
  [1m[36mUser Update (1.5ms)[0m  [1m[33mUPDATE "users" SET "updated_at" = ?, "status" = ? WHERE "users"."id" = ?[0m  [["updated_at", "2021-12-19 20:24:08.114367"], ["status", "disabled"], ["id", 1]]
  [1m[36mTRANSACTION (57.7ms)[0m  [1m[36mcommit transaction[0m
Started GET "/" for 192.168.137.1 at 2021-12-19 13:24:11 -0700
Cannot render console from 192.168.137.1! Allowed networks: 127.0.0.0/127.255.255.255, ::1
Processing by HomeController#index as HTML
  [1m[36mUser Load (0.2ms)[0m  [1m[34mSELECT "users".* FROM "users" WHERE "users"."id" = ? ORDER BY "users"."id" ASC LIMIT ?[0m  [["id", 1], ["LIMIT", 1]]
  ↳ app/controllers/application_controller.rb:10:in `verify_login'
  [1m[36mUser Load (0.3ms)[0m  [1m[34mSELECT "users".* FROM "users" WHERE "users"."id" = ? LIMIT ?[0m  [["id", 1], ["LIMIT", 1]]
  ↳ app/controllers/application_controller.rb:25:in `get_current_status'
  [1m[36mUser Load (0.2ms)[0m  [1m[34mSELECT "users".* FROM "users" WHERE "users"."perm" = ? LIMIT ?[0m  [["perm", "admin"], ["LIMIT", 1]]
  ↳ app/controllers/application_controller.rb:38:in `get_current_status'
Redirected to http://vatlnetwork:3000/
Filter chain halted as :get_current_status rendered or redirected
Completed 302 Found in 28ms (ActiveRecord: 0.7ms | Allocations: 4850)


Started GET "/" for 192.168.137.1 at 2021-12-19 13:24:11 -0700
Cannot render console from 192.168.137.1! Allowed networks: 127.0.0.0/127.255.255.255, ::1
Processing by HomeController#index as HTML
Redirected to http://vatlnetwork:3000/login/sessions?notice=true&t=&b=Please select a session or create a new session to continue!&m=info
Filter chain halted as :verify_login rendered or redirected
Completed 302 Found in 3ms (ActiveRecord: 0.0ms | Allocations: 471)


Started GET "/login/sessions?notice=true&t=&b=Please%20select%20a%20session%20or%20create%20a%20new%20session%20to%20continue!&m=info" for 192.168.137.1 at 2021-12-19 13:24:11 -0700
Cannot render console from 192.168.137.1! Allowed networks: 127.0.0.0/127.255.255.255, ::1
Processing by LoginController#sessions as HTML
  Parameters: {"notice"=>"true", "t"=>"", "b"=>"Please select a session or create a new session to continue!", "m"=>"info"}
  Rendering layout layouts/application.html.erb
  Rendering login/sessions.html.erb within layouts/application
  Rendered login/_script.html.erb (Duration: 0.7ms | Allocations: 258)
  Rendered login/sessions.html.erb within layouts/application (Duration: 2.7ms | Allocations: 638)
  Rendered layouts/_jqueryjs.html.erb (Duration: 0.1ms | Allocations: 6)
  Rendered layouts/_notifyjs.html.erb (Duration: 0.0ms | Allocations: 6)
  Rendered layouts/_script.html.erb (Duration: 0.0ms | Allocations: 6)
  Rendered layouts/_notifycss.html.erb (Duration: 0.0ms | Allocations: 6)
  Rendered layouts/_styles.html.erb (Duration: 0.2ms | Allocations: 45)
[Webpacker] Everything's up-to-date. Nothing to do
  Rendered layouts/_navbar.html.erb (Duration: 0.5ms | Allocations: 29)
  Rendered layouts/_alerts.html.erb (Duration: 0.8ms | Allocations: 157)
  Rendered layouts/_alertsurl.html.erb (Duration: 1.0ms | Allocations: 141)
  Rendered layout layouts/application.html.erb (Duration: 21.9ms | Allocations: 6175)
Completed 200 OK in 28ms (Views: 24.0ms | ActiveRecord: 0.0ms | Allocations: 7587)


Started GET "/login/sessions?notice=true&t=&b=Please%20select%20a%20session%20or%20create%20a%20new%20session%20to%20continue!&m=info" for 192.168.137.1 at 2021-12-19 13:24:22 -0700
Cannot render console from 192.168.137.1! Allowed networks: 127.0.0.0/127.255.255.255, ::1
Processing by LoginController#sessions as HTML
  Parameters: {"notice"=>"true", "t"=>"", "b"=>"Please select a session or create a new session to continue!", "m"=>"info"}
  Rendering layout layouts/application.html.erb
  Rendering login/sessions.html.erb within layouts/application
  Rendered login/_script.html.erb (Duration: 0.0ms | Allocations: 6)
  Rendered login/sessions.html.erb within layouts/application (Duration: 0.5ms | Allocations: 68)
  Rendered layouts/_jqueryjs.html.erb (Duration: 0.1ms | Allocations: 5)
  Rendered layouts/_notifyjs.html.erb (Duration: 0.1ms | Allocations: 5)
  Rendered layouts/_script.html.erb (Duration: 0.0ms | Allocations: 5)
  Rendered layouts/_notifycss.html.erb (Duration: 0.0ms | Allocations: 5)
  Rendered layouts/_styles.html.erb (Duration: 0.3ms | Allocations: 28)
[Webpacker] Everything's up-to-date. Nothing to do
  Rendered layouts/_navbar.html.erb (Duration: 0.1ms | Allocations: 28)
  Rendered layouts/_alertsurl.html.erb (Duration: 0.1ms | Allocations: 12)
  Rendered layout layouts/application.html.erb (Duration: 12.9ms | Allocations: 4712)
Completed 200 OK in 17ms (Views: 14.2ms | ActiveRecord: 0.0ms | Allocations: 5408)


Started POST "/users/sign_in" for 192.168.137.1 at 2021-12-19 13:24:33 -0700
Cannot render console from 192.168.137.1! Allowed networks: 127.0.0.0/127.255.255.255, ::1
Processing by Devise::SessionsController#create as HTML
  Parameters: {"user"=>{"email"=>"vatlnetwork@vatlnetwork.net", "password"=>"[FILTERED]"}, "commit"=>"Log In"}
  [1m[36mUser Load (0.3ms)[0m  [1m[34mSELECT "users".* FROM "users" WHERE "users"."email" = ? ORDER BY "users"."id" ASC LIMIT ?[0m  [["email", "vatlnetwork@vatlnetwork.net"], ["LIMIT", 1]]
  ↳ app/controllers/application_controller.rb:18:in `redirect_ifloggedin'
  [1m[36mUser Load (0.1ms)[0m  [1m[34mSELECT "users".* FROM "users" WHERE "users"."id" = ? LIMIT ?[0m  [["id", 1], ["LIMIT", 1]]
  ↳ app/controllers/application_controller.rb:25:in `get_current_status'
  [1m[36mUser Load (0.1ms)[0m  [1m[34mSELECT "users".* FROM "users" WHERE "users"."perm" = ? LIMIT ?[0m  [["perm", "admin"], ["LIMIT", 1]]
  ↳ app/controllers/application_controller.rb:38:in `get_current_status'
Redirected to http://vatlnetwork:3000/
Filter chain halted as :get_current_status rendered or redirected
Completed 302 Found in 196ms (ActiveRecord: 0.5ms | Allocations: 3204)


Started GET "/" for 192.168.137.1 at 2021-12-19 13:24:33 -0700
Cannot render console from 192.168.137.1! Allowed networks: 127.0.0.0/127.255.255.255, ::1
Processing by HomeController#index as HTML
Redirected to http://vatlnetwork:3000/login/sessions?notice=true&t=&b=Please select a session or create a new session to continue!&m=info
Filter chain halted as :verify_login rendered or redirected
Completed 302 Found in 1ms (ActiveRecord: 0.0ms | Allocations: 466)


Started GET "/login/sessions?notice=true&t=&b=Please%20select%20a%20session%20or%20create%20a%20new%20session%20to%20continue!&m=info" for 192.168.137.1 at 2021-12-19 13:24:33 -0700
Cannot render console from 192.168.137.1! Allowed networks: 127.0.0.0/127.255.255.255, ::1
Processing by LoginController#sessions as HTML
  Parameters: {"notice"=>"true", "t"=>"", "b"=>"Please select a session or create a new session to continue!", "m"=>"info"}
  Rendering layout layouts/application.html.erb
  Rendering login/sessions.html.erb within layouts/application
  Rendered login/_script.html.erb (Duration: 0.0ms | Allocations: 7)
  Rendered login/sessions.html.erb within layouts/application (Duration: 0.6ms | Allocations: 75)
  Rendered layouts/_jqueryjs.html.erb (Duration: 0.1ms | Allocations: 5)
  Rendered layouts/_notifyjs.html.erb (Duration: 0.0ms | Allocations: 5)
  Rendered layouts/_script.html.erb (Duration: 0.0ms | Allocations: 5)
  Rendered layouts/_notifycss.html.erb (Duration: 0.0ms | Allocations: 5)
  Rendered layouts/_styles.html.erb (Duration: 0.1ms | Allocations: 28)
[Webpacker] Everything's up-to-date. Nothing to do
  Rendered layouts/_navbar.html.erb (Duration: 0.2ms | Allocations: 28)
  Rendered layouts/_alerts.html.erb (Duration: 0.0ms | Allocations: 22)
  Rendered layouts/_alertsurl.html.erb (Duration: 0.0ms | Allocations: 12)
  Rendered layout layouts/application.html.erb (Duration: 14.5ms | Allocations: 4954)
Completed 200 OK in 16ms (Views: 15.0ms | ActiveRecord: 0.0ms | Allocations: 5631)


  [1m[36mTRANSACTION (0.1ms)[0m  [1m[36mbegin transaction[0m
  [1m[36mUser Update (1.3ms)[0m  [1m[33mUPDATE "users" SET "updated_at" = ?, "status" = ? WHERE "users"."id" = ?[0m  [["updated_at", "2021-12-19 20:24:46.193274"], ["status", "enabled"], ["id", 1]]
  [1m[36mTRANSACTION (15.3ms)[0m  [1m[36mcommit transaction[0m
Started GET "/login/sessions?notice=true&t=&b=Please%20select%20a%20session%20or%20create%20a%20new%20session%20to%20continue!&m=info" for 192.168.137.1 at 2021-12-19 13:24:49 -0700
Cannot render console from 192.168.137.1! Allowed networks: 127.0.0.0/127.255.255.255, ::1
Processing by LoginController#sessions as HTML
  Parameters: {"notice"=>"true", "t"=>"", "b"=>"Please select a session or create a new session to continue!", "m"=>"info"}
  Rendering layout layouts/application.html.erb
  Rendering login/sessions.html.erb within layouts/application
  Rendered login/_script.html.erb (Duration: 0.1ms | Allocations: 6)
  Rendered login/sessions.html.erb within layouts/application (Duration: 0.4ms | Allocations: 68)
  Rendered layouts/_jqueryjs.html.erb (Duration: 0.1ms | Allocations: 5)
  Rendered layouts/_notifyjs.html.erb (Duration: 0.1ms | Allocations: 5)
  Rendered layouts/_script.html.erb (Duration: 0.1ms | Allocations: 5)
  Rendered layouts/_notifycss.html.erb (Duration: 0.1ms | Allocations: 5)
  Rendered layouts/_styles.html.erb (Duration: 0.2ms | Allocations: 28)
[Webpacker] Everything's up-to-date. Nothing to do
  Rendered layouts/_navbar.html.erb (Duration: 0.2ms | Allocations: 28)
  Rendered layouts/_alertsurl.html.erb (Duration: 0.3ms | Allocations: 12)
  Rendered layout layouts/application.html.erb (Duration: 15.6ms | Allocations: 4718)
Completed 200 OK in 18ms (Views: 16.9ms | ActiveRecord: 0.0ms | Allocations: 5343)


Started POST "/users/sign_in" for 192.168.137.1 at 2021-12-19 13:24:54 -0700
Cannot render console from 192.168.137.1! Allowed networks: 127.0.0.0/127.255.255.255, ::1
Processing by Devise::SessionsController#create as HTML
  Parameters: {"user"=>{"email"=>"vatlnetwork@vatlnetwork.net", "password"=>"[FILTERED]"}, "commit"=>"Log In"}
  [1m[36mUser Load (0.1ms)[0m  [1m[34mSELECT "users".* FROM "users" WHERE "users"."email" = ? ORDER BY "users"."id" ASC LIMIT ?[0m  [["email", "vatlnetwork@vatlnetwork.net"], ["LIMIT", 1]]
  ↳ app/controllers/application_controller.rb:18:in `redirect_ifloggedin'
  [1m[36mUser Load (0.1ms)[0m  [1m[34mSELECT "users".* FROM "users" WHERE "users"."id" = ? LIMIT ?[0m  [["id", 1], ["LIMIT", 1]]
  ↳ app/controllers/application_controller.rb:25:in `get_current_status'
  [1m[36mUser Load (0.1ms)[0m  [1m[34mSELECT "users".* FROM "users" WHERE "users"."perm" = ? LIMIT ?[0m  [["perm", "admin"], ["LIMIT", 1]]
  ↳ app/controllers/application_controller.rb:38:in `get_current_status'
Redirected to http://vatlnetwork:3000/
Completed 302 Found in 192ms (ActiveRecord: 0.4ms | Allocations: 4177)


Started GET "/" for 192.168.137.1 at 2021-12-19 13:24:54 -0700
Cannot render console from 192.168.137.1! Allowed networks: 127.0.0.0/127.255.255.255, ::1
Processing by HomeController#index as HTML
  [1m[36mUser Load (0.1ms)[0m  [1m[34mSELECT "users".* FROM "users" WHERE "users"."id" = ? ORDER BY "users"."id" ASC LIMIT ?[0m  [["id", 1], ["LIMIT", 1]]
  ↳ app/controllers/application_controller.rb:10:in `verify_login'
  [1m[36mUser Load (0.0ms)[0m  [1m[34mSELECT "users".* FROM "users" WHERE "users"."id" = ? LIMIT ?[0m  [["id", 1], ["LIMIT", 1]]
  ↳ app/controllers/application_controller.rb:25:in `get_current_status'
  [1m[36mUser Load (0.1ms)[0m  [1m[34mSELECT "users".* FROM "users" WHERE "users"."perm" = ? LIMIT ?[0m  [["perm", "admin"], ["LIMIT", 1]]
  ↳ app/controllers/application_controller.rb:38:in `get_current_status'
  Rendering layout layouts/application.html.erb
  Rendering home/index.html.erb within layouts/application
  Rendered home/index.html.erb within layouts/application (Duration: 0.1ms | Allocations: 10)
  Rendered layouts/_jqueryjs.html.erb (Duration: 0.1ms | Allocations: 7)
  Rendered layouts/_notifyjs.html.erb (Duration: 0.0ms | Allocations: 5)
  Rendered layouts/_script.html.erb (Duration: 0.0ms | Allocations: 5)
  Rendered layouts/_notifycss.html.erb (Duration: 0.0ms | Allocations: 5)
  Rendered layouts/_styles.html.erb (Duration: 0.0ms | Allocations: 13)
[Webpacker] Everything's up-to-date. Nothing to do
  Rendered layouts/_navbar.html.erb (Duration: 0.3ms | Allocations: 80)
  Rendered layouts/_legacy-al.html.erb (Duration: 0.2ms | Allocations: 126)
  Rendered layout layouts/application.html.erb (Duration: 7.7ms | Allocations: 5116)
Completed 200 OK in 12ms (Views: 8.9ms | ActiveRecord: 0.2ms | Allocations: 7423)


Started GET "/" for 192.168.137.1 at 2021-12-19 13:25:13 -0700
Cannot render console from 192.168.137.1! Allowed networks: 127.0.0.0/127.255.255.255, ::1
Processing by HomeController#index as HTML
  [1m[36mUser Load (0.3ms)[0m  [1m[34mSELECT "users".* FROM "users" WHERE "users"."id" = ? ORDER BY "users"."id" ASC LIMIT ?[0m  [["id", 1], ["LIMIT", 1]]
  ↳ app/controllers/application_controller.rb:10:in `verify_login'
  [1m[36mUser Load (0.1ms)[0m  [1m[34mSELECT "users".* FROM "users" WHERE "users"."id" = ? LIMIT ?[0m  [["id", 1], ["LIMIT", 1]]
  ↳ app/controllers/application_controller.rb:25:in `get_current_status'
  [1m[36mUser Load (0.2ms)[0m  [1m[34mSELECT "users".* FROM "users" WHERE "users"."perm" = ? LIMIT ?[0m  [["perm", "admin"], ["LIMIT", 1]]
  ↳ app/controllers/application_controller.rb:38:in `get_current_status'
  Rendering layout layouts/application.html.erb
  Rendering home/index.html.erb within layouts/application
  Rendered home/index.html.erb within layouts/application (Duration: 0.1ms | Allocations: 8)
  Rendered layouts/_jqueryjs.html.erb (Duration: 0.0ms | Allocations: 6)
  Rendered layouts/_notifyjs.html.erb (Duration: 0.0ms | Allocations: 5)
  Rendered layouts/_script.html.erb (Duration: 0.0ms | Allocations: 5)
  Rendered layouts/_notifycss.html.erb (Duration: 0.0ms | Allocations: 5)
  Rendered layouts/_styles.html.erb (Duration: 0.1ms | Allocations: 13)
[Webpacker] Everything's up-to-date. Nothing to do
  Rendered layouts/_navbar.html.erb (Duration: 0.4ms | Allocations: 74)
  Rendered layout layouts/application.html.erb (Duration: 13.1ms | Allocations: 4616)
Completed 200 OK in 24ms (Views: 15.3ms | ActiveRecord: 0.6ms | Allocations: 6677)


  [1m[35m (2.5ms)[0m  [1m[34mSELECT sqlite_version(*)[0m
  [1m[35m (0.1ms)[0m  [1m[34mSELECT "schema_migrations"."version" FROM "schema_migrations" ORDER BY "schema_migrations"."version" ASC[0m
  [1m[36mActiveRecord::InternalMetadata Load (0.1ms)[0m  [1m[34mSELECT "ar_internal_metadata".* FROM "ar_internal_metadata" WHERE "ar_internal_metadata"."key" = ? LIMIT ?[0m  [["key", "environment"], ["LIMIT", 1]]
  [1m[35m (0.0ms)[0m  [1m[34mSELECT sqlite_version(*)[0m
  [1m[35m (0.1ms)[0m  [1m[34mSELECT "schema_migrations"."version" FROM "schema_migrations" ORDER BY "schema_migrations"."version" ASC[0m
  [1m[35m (0.2ms)[0m  [1m[34mSELECT sqlite_version(*)[0m
  [1m[35m (0.1ms)[0m  [1m[34mSELECT "schema_migrations"."version" FROM "schema_migrations" ORDER BY "schema_migrations"."version" ASC[0m
  [1m[36mActiveRecord::InternalMetadata Load (0.1ms)[0m  [1m[34mSELECT "ar_internal_metadata".* FROM "ar_internal_metadata" WHERE "ar_internal_metadata"."key" = ? LIMIT ?[0m  [["key", "environment"], ["LIMIT", 1]]
  [1m[35m (0.0ms)[0m  [1m[34mSELECT sqlite_version(*)[0m
  [1m[35m (0.1ms)[0m  [1m[34mSELECT "schema_migrations"."version" FROM "schema_migrations" ORDER BY "schema_migrations"."version" ASC[0m
