=> Booting Puma
=> Rails 6.1.3.2 application starting in development 
=> Run `bin/rails server --help` for more startup options
Puma starting in single mode...
* Puma version: 5.3.2 (ruby 3.0.1-p64) ("Sweetnighter")
*  Min threads: 5
*  Max threads: 5
*  Environment: development
*          PID: 22585
* Listening on http://127.0.1.1:3000
Use Ctrl-C to stop
Started GET "/" for 127.0.0.1 at 2021-05-28 13:12:43 -0600
  [1m[35m (0.6ms)[0m  [1m[34mSELECT sqlite_version(*)[0m
  [1m[35m (0.2ms)[0m  [1m[34mSELECT "schema_migrations"."version" FROM "schema_migrations" ORDER BY "schema_migrations"."version" ASC[0m
Processing by HomeController#index as HTML
  [1m[36mDisabledAccount Load (0.5ms)[0m  [1m[34mSELECT "disabled_accounts".* FROM "disabled_accounts" WHERE "disabled_accounts"."email" IS NULL LIMIT ?[0m  [["LIMIT", 1]]
  ↳ app/controllers/application_controller.rb:4:in `validate_login'
  [1m[36mAdmSetting Load (0.2ms)[0m  [1m[34mSELECT "adm_settings".* FROM "adm_settings" WHERE "adm_settings"."adms1" = ? LIMIT ?[0m  [["adms1", 0], ["LIMIT", 1]]
  ↳ app/controllers/application_controller.rb:10:in `validate_login'
Redirected to http://vatlnetwork:3000/users/sign_in
  [1m[36mAdmin Load (0.1ms)[0m  [1m[34mSELECT "admins".* FROM "admins" WHERE "admins"."admin" IS NULL LIMIT ?[0m  [["LIMIT", 1]]
  ↳ app/controllers/home_controller.rb:4:in `index'
Completed 302 Found in 26ms (ActiveRecord: 2.0ms | Allocations: 8601)


Started GET "/users/sign_in" for 127.0.0.1 at 2021-05-28 13:12:43 -0600
Processing by Devise::SessionsController#new as HTML
  [1m[36mDisabledAccount Load (0.1ms)[0m  [1m[34mSELECT "disabled_accounts".* FROM "disabled_accounts" WHERE "disabled_accounts"."email" IS NULL LIMIT ?[0m  [["LIMIT", 1]]
  ↳ app/controllers/application_controller.rb:4:in `validate_login'
  [1m[36mAdmSetting Load (0.1ms)[0m  [1m[34mSELECT "adm_settings".* FROM "adm_settings" WHERE "adm_settings"."adms1" = ? LIMIT ?[0m  [["adms1", 0], ["LIMIT", 1]]
  ↳ app/controllers/application_controller.rb:10:in `validate_login'
  Rendering layout layouts/application.html.erb
  Rendering devise/sessions/new.html.erb within layouts/application
  Rendered devise/shared/_links.html.erb (Duration: 1.3ms | Allocations: 575)
  Rendered devise/sessions/new.html.erb within layouts/application (Duration: 12.9ms | Allocations: 7154)
  [1m[36mAdmSetting Load (0.2ms)[0m  [1m[34mSELECT "adm_settings".* FROM "adm_settings" WHERE "adm_settings"."adms6" = ? LIMIT ?[0m  [["adms6", 1], ["LIMIT", 1]]
  ↳ app/views/layouts/application.html.erb:9
  [1m[36mAdmSetting Load (0.2ms)[0m  [1m[34mSELECT "adm_settings".* FROM "adm_settings" WHERE "adm_settings"."adms7" = ? LIMIT ?[0m  [["adms7", 1], ["LIMIT", 1]]
  ↳ app/views/layouts/application.html.erb:12
[Webpacker] Everything's up-to-date. Nothing to do
  Rendered home/_header.html.erb (Duration: 1.1ms | Allocations: 637)
  [1m[36mCACHE AdmSetting Load (0.0ms)[0m  [1m[34mSELECT "adm_settings".* FROM "adm_settings" WHERE "adm_settings"."adms6" = ? LIMIT ?[0m  [["adms6", 1], ["LIMIT", 1]]
  ↳ app/views/layouts/application.html.erb:40
  [1m[36mCACHE AdmSetting Load (0.0ms)[0m  [1m[34mSELECT "adm_settings".* FROM "adm_settings" WHERE "adm_settings"."adms7" = ? LIMIT ?[0m  [["adms7", 1], ["LIMIT", 1]]
  ↳ app/views/layouts/application.html.erb:43
  Rendered layout layouts/application.html.erb (Duration: 34.8ms | Allocations: 16435)
Completed 200 OK in 54ms (Views: 39.9ms | ActiveRecord: 1.2ms | Allocations: 25337)


- Gracefully stopping, waiting for requests to finish
=== puma shutdown: 2021-05-28 13:19:58 -0600 ===
- Goodbye!
Exiting
