=> Booting Puma
=> Rails 6.1.3.2 application starting in development 
=> Run `bin/rails server --help` for more startup options
Puma starting in single mode...
* Puma version: 5.3.2 (ruby 3.0.1-p64) ("Sweetnighter")
*  Min threads: 5
*  Max threads: 5
*  Environment: development
*          PID: 6963
* Listening on http://127.0.0.1:3000
* Listening on http://[::1]:3000
Use Ctrl-C to stop
Started GET "/" for ::1 at 2021-05-28 10:17:29 -0600
  [1m[35m (1.0ms)[0m  [1m[34mSELECT sqlite_version(*)[0m
  [1m[35m (0.3ms)[0m  [1m[34mSELECT "schema_migrations"."version" FROM "schema_migrations" ORDER BY "schema_migrations"."version" ASC[0m
Processing by HomeController#index as HTML
  [1m[36mDisabledAccount Load (0.4ms)[0m  [1m[34mSELECT "disabled_accounts".* FROM "disabled_accounts" WHERE "disabled_accounts"."email" IS NULL LIMIT ?[0m  [["LIMIT", 1]]
  ↳ app/controllers/application_controller.rb:4:in `validate_login'
  [1m[36mAdmSetting Load (0.3ms)[0m  [1m[34mSELECT "adm_settings".* FROM "adm_settings" WHERE "adm_settings"."adms1" = ? LIMIT ?[0m  [["adms1", 0], ["LIMIT", 1]]
  ↳ app/controllers/application_controller.rb:10:in `validate_login'
Redirected to http://localhost:3000/users/sign_in
  [1m[36mAdmin Load (0.3ms)[0m  [1m[34mSELECT "admins".* FROM "admins" WHERE "admins"."admin" IS NULL LIMIT ?[0m  [["LIMIT", 1]]
  ↳ app/controllers/home_controller.rb:4:in `index'
Completed 302 Found in 36ms (ActiveRecord: 2.6ms | Allocations: 9255)


Started GET "/users/sign_in" for ::1 at 2021-05-28 10:17:29 -0600
Processing by Devise::SessionsController#new as HTML
  [1m[36mDisabledAccount Load (0.2ms)[0m  [1m[34mSELECT "disabled_accounts".* FROM "disabled_accounts" WHERE "disabled_accounts"."email" IS NULL LIMIT ?[0m  [["LIMIT", 1]]
  ↳ app/controllers/application_controller.rb:4:in `validate_login'
  [1m[36mAdmSetting Load (0.2ms)[0m  [1m[34mSELECT "adm_settings".* FROM "adm_settings" WHERE "adm_settings"."adms1" = ? LIMIT ?[0m  [["adms1", 0], ["LIMIT", 1]]
  ↳ app/controllers/application_controller.rb:10:in `validate_login'
  Rendering layout layouts/application.html.erb
  Rendering devise/sessions/new.html.erb within layouts/application
  Rendered devise/shared/_links.html.erb (Duration: 2.5ms | Allocations: 708)
  Rendered devise/sessions/new.html.erb within layouts/application (Duration: 13.3ms | Allocations: 7288)
[Webpacker] Everything's up-to-date. Nothing to do
  Rendered home/_header.html.erb (Duration: 2.0ms | Allocations: 639)
  Rendered layout layouts/application.html.erb (Duration: 40.0ms | Allocations: 16265)
Completed 200 OK in 85ms (Views: 45.5ms | ActiveRecord: 6.0ms | Allocations: 25187)


Started GET "/users/sign_in" for ::1 at 2021-05-28 10:17:29 -0600
Processing by Devise::SessionsController#new as HTML
  [1m[36mDisabledAccount Load (0.2ms)[0m  [1m[34mSELECT "disabled_accounts".* FROM "disabled_accounts" WHERE "disabled_accounts"."email" IS NULL LIMIT ?[0m  [["LIMIT", 1]]
  ↳ app/controllers/application_controller.rb:4:in `validate_login'
  [1m[36mAdmSetting Load (0.2ms)[0m  [1m[34mSELECT "adm_settings".* FROM "adm_settings" WHERE "adm_settings"."adms1" = ? LIMIT ?[0m  [["adms1", 0], ["LIMIT", 1]]
  ↳ app/controllers/application_controller.rb:10:in `validate_login'
  Rendering layout layouts/application.html.erb
  Rendering devise/sessions/new.html.erb within layouts/application
  Rendered devise/shared/_links.html.erb (Duration: 0.4ms | Allocations: 154)
  Rendered devise/sessions/new.html.erb within layouts/application (Duration: 2.4ms | Allocations: 794)
[Webpacker] Everything's up-to-date. Nothing to do
  Rendered home/_header.html.erb (Duration: 0.5ms | Allocations: 156)
  Rendered layout layouts/application.html.erb (Duration: 13.3ms | Allocations: 4279)
Completed 200 OK in 30ms (Views: 14.3ms | ActiveRecord: 0.5ms | Allocations: 6508)


- Gracefully stopping, waiting for requests to finish
=== puma shutdown: 2021-05-28 10:18:17 -0600 ===
- Goodbye!
Exiting
