=> Booting Puma
=> Rails 6.1.3.2 application starting in development 
=> Run `bin/rails server --help` for more startup options
Puma starting in single mode...
* Puma version: 5.3.2 (ruby 3.0.1-p64) ("Sweetnighter")
*  Min threads: 5
*  Max threads: 5
*  Environment: development
*          PID: 33213
* Listening on http://127.0.0.1:3000
* Listening on http://[::1]:3000
Use Ctrl-C to stop
Started GET "/" for ::1 at 2021-05-26 11:13:14 -0600
  [1m[35m (0.5ms)[0m  [1m[34mSELECT sqlite_version(*)[0m
  [1m[35m (0.2ms)[0m  [1m[34mSELECT "schema_migrations"."version" FROM "schema_migrations" ORDER BY "schema_migrations"."version" ASC[0m
Processing by HomeController#index as HTML
  Rendering layout layouts/application.html.erb
  Rendering home/index.html.erb within layouts/application
  Rendered home/index.html.erb within layouts/application (Duration: 0.8ms | Allocations: 347)
[Webpacker] Everything's up-to-date. Nothing to do
  Rendered home/_header.html.erb (Duration: 0.9ms | Allocations: 418)
  Rendered layout layouts/application.html.erb (Duration: 23.8ms | Allocations: 10970)
Completed 200 OK in 34ms (Views: 27.0ms | ActiveRecord: 0.0ms | Allocations: 14645)


Started GET "/home/about" for ::1 at 2021-05-26 11:13:19 -0600
Processing by HomeController#about as HTML
  Rendering layout layouts/application.html.erb
  Rendering home/about.html.erb within layouts/application
  Rendered home/about.html.erb within layouts/application (Duration: 0.5ms | Allocations: 126)
[Webpacker] Everything's up-to-date. Nothing to do
  Rendered home/_header.html.erb (Duration: 0.3ms | Allocations: 150)
  Rendered layout layouts/application.html.erb (Duration: 20.2ms | Allocations: 3396)
Completed 200 OK in 22ms (Views: 20.8ms | ActiveRecord: 0.0ms | Allocations: 4114)


Started GET "/friends" for ::1 at 2021-05-26 11:13:21 -0600
Processing by FriendsController#index as HTML
  Rendering layout layouts/application.html.erb
  Rendering friends/index.html.erb within layouts/application
  [1m[36mFriend Load (0.3ms)[0m  [1m[34mSELECT "friends".* FROM "friends"[0m
  ↳ app/views/friends/index.html.erb:16
  Rendered friends/index.html.erb within layouts/application (Duration: 16.4ms | Allocations: 6280)
[Webpacker] Everything's up-to-date. Nothing to do
  Rendered home/_header.html.erb (Duration: 0.3ms | Allocations: 143)
  Rendered layout layouts/application.html.erb (Duration: 22.1ms | Allocations: 9579)
Completed 200 OK in 28ms (Views: 22.8ms | ActiveRecord: 1.1ms | Allocations: 11454)


Started GET "/friends/new" for ::1 at 2021-05-26 11:13:23 -0600
Processing by FriendsController#new as HTML
  Rendering layout layouts/application.html.erb
  Rendering friends/new.html.erb within layouts/application
  Rendered friends/_form.html.erb (Duration: 11.2ms | Allocations: 5754)
  Rendered friends/new.html.erb within layouts/application (Duration: 13.0ms | Allocations: 6126)
[Webpacker] Everything's up-to-date. Nothing to do
  Rendered home/_header.html.erb (Duration: 0.3ms | Allocations: 129)
  Rendered layout layouts/application.html.erb (Duration: 21.0ms | Allocations: 9278)
Completed 200 OK in 24ms (Views: 22.0ms | ActiveRecord: 0.0ms | Allocations: 10019)


Started GET "/friends" for ::1 at 2021-05-26 11:13:28 -0600
Processing by FriendsController#index as HTML
  Rendering layout layouts/application.html.erb
  Rendering friends/index.html.erb within layouts/application
  [1m[36mFriend Load (0.1ms)[0m  [1m[34mSELECT "friends".* FROM "friends"[0m
  ↳ app/views/friends/index.html.erb:16
  Rendered friends/index.html.erb within layouts/application (Duration: 5.6ms | Allocations: 1288)
[Webpacker] Everything's up-to-date. Nothing to do
  Rendered home/_header.html.erb (Duration: 0.5ms | Allocations: 130)
  Rendered layout layouts/application.html.erb (Duration: 13.2ms | Allocations: 4397)
Completed 200 OK in 15ms (Views: 14.0ms | ActiveRecord: 0.1ms | Allocations: 4928)


Started GET "/" for ::1 at 2021-05-26 11:13:31 -0600
Processing by HomeController#index as HTML
  Rendering layout layouts/application.html.erb
  Rendering home/index.html.erb within layouts/application
  Rendered home/index.html.erb within layouts/application (Duration: 0.2ms | Allocations: 38)
[Webpacker] Everything's up-to-date. Nothing to do
  Rendered home/_header.html.erb (Duration: 0.6ms | Allocations: 144)
  Rendered layout layouts/application.html.erb (Duration: 6.8ms | Allocations: 3149)
Completed 200 OK in 9ms (Views: 7.9ms | ActiveRecord: 0.0ms | Allocations: 3598)


Started GET "/" for ::1 at 2021-05-26 11:14:54 -0600
Processing by HomeController#index as HTML
  Rendering layout layouts/application.html.erb
  Rendering home/index.html.erb within layouts/application
  Rendered home/index.html.erb within layouts/application (Duration: 0.8ms | Allocations: 142)
[Webpacker] Everything's up-to-date. Nothing to do
  Rendered home/_header.html.erb (Duration: 1.9ms | Allocations: 354)
  Rendered layout layouts/application.html.erb (Duration: 9.8ms | Allocations: 4049)
Completed 200 OK in 16ms (Views: 13.7ms | ActiveRecord: 0.0ms | Allocations: 5412)


Started GET "/friends" for ::1 at 2021-05-26 11:14:56 -0600
Processing by FriendsController#index as HTML
  Rendering layout layouts/application.html.erb
  Rendering friends/index.html.erb within layouts/application
  [1m[36mFriend Load (0.1ms)[0m  [1m[34mSELECT "friends".* FROM "friends"[0m
  ↳ app/views/friends/index.html.erb:16
  Rendered friends/index.html.erb within layouts/application (Duration: 3.4ms | Allocations: 1618)
[Webpacker] Everything's up-to-date. Nothing to do
  Rendered home/_header.html.erb (Duration: 0.2ms | Allocations: 143)
  Rendered layout layouts/application.html.erb (Duration: 8.6ms | Allocations: 4953)
Completed 200 OK in 11ms (Views: 10.2ms | ActiveRecord: 0.1ms | Allocations: 6090)


Started GET "/friends/new" for ::1 at 2021-05-26 11:14:57 -0600
Processing by FriendsController#new as HTML
  Rendering layout layouts/application.html.erb
  Rendering friends/new.html.erb within layouts/application
  Rendered friends/_form.html.erb (Duration: 3.8ms | Allocations: 1710)
  Rendered friends/new.html.erb within layouts/application (Duration: 4.7ms | Allocations: 2058)
[Webpacker] Everything's up-to-date. Nothing to do
  Rendered home/_header.html.erb (Duration: 0.4ms | Allocations: 129)
  Rendered layout layouts/application.html.erb (Duration: 12.1ms | Allocations: 5141)
Completed 200 OK in 14ms (Views: 12.8ms | ActiveRecord: 0.0ms | Allocations: 5808)


Started GET "/friends" for ::1 at 2021-05-26 11:14:59 -0600
Processing by FriendsController#index as HTML
  Rendering layout layouts/application.html.erb
  Rendering friends/index.html.erb within layouts/application
  [1m[36mFriend Load (0.1ms)[0m  [1m[34mSELECT "friends".* FROM "friends"[0m
  ↳ app/views/friends/index.html.erb:16
  Rendered friends/index.html.erb within layouts/application (Duration: 2.9ms | Allocations: 1112)
[Webpacker] Everything's up-to-date. Nothing to do
  Rendered home/_header.html.erb (Duration: 0.4ms | Allocations: 130)
  Rendered layout layouts/application.html.erb (Duration: 9.8ms | Allocations: 4210)
Completed 200 OK in 11ms (Views: 10.3ms | ActiveRecord: 0.1ms | Allocations: 4686)


Started GET "/friends/3/edit" for ::1 at 2021-05-26 11:15:02 -0600
Processing by FriendsController#edit as HTML
  Parameters: {"id"=>"3"}
  [1m[36mFriend Load (0.3ms)[0m  [1m[34mSELECT "friends".* FROM "friends" WHERE "friends"."id" = ? LIMIT ?[0m  [["id", 3], ["LIMIT", 1]]
  ↳ app/controllers/friends_controller.rb:62:in `set_friend'
  Rendering layout layouts/application.html.erb
  Rendering friends/edit.html.erb within layouts/application
  Rendered friends/_form.html.erb (Duration: 2.4ms | Allocations: 1410)
  Rendered friends/edit.html.erb within layouts/application (Duration: 3.2ms | Allocations: 1709)
[Webpacker] Everything's up-to-date. Nothing to do
  Rendered home/_header.html.erb (Duration: 0.4ms | Allocations: 129)
  Rendered layout layouts/application.html.erb (Duration: 9.1ms | Allocations: 4878)
Completed 200 OK in 23ms (Views: 9.8ms | ActiveRecord: 0.3ms | Allocations: 8848)


Started GET "/friends" for ::1 at 2021-05-26 11:15:08 -0600
Processing by FriendsController#index as HTML
  Rendering layout layouts/application.html.erb
  Rendering friends/index.html.erb within layouts/application
  [1m[36mFriend Load (0.3ms)[0m  [1m[34mSELECT "friends".* FROM "friends"[0m
  ↳ app/views/friends/index.html.erb:16
  Rendered friends/index.html.erb within layouts/application (Duration: 8.5ms | Allocations: 1117)
[Webpacker] Everything's up-to-date. Nothing to do
  Rendered home/_header.html.erb (Duration: 0.5ms | Allocations: 130)
  Rendered layout layouts/application.html.erb (Duration: 19.7ms | Allocations: 4213)
Completed 200 OK in 23ms (Views: 20.9ms | ActiveRecord: 0.3ms | Allocations: 4709)


Started GET "/friends" for ::1 at 2021-05-26 11:16:27 -0600
Processing by FriendsController#index as HTML
  Rendering layout layouts/application.html.erb
  Rendering friends/index.html.erb within layouts/application
  [1m[36mFriend Load (0.1ms)[0m  [1m[34mSELECT "friends".* FROM "friends"[0m
  ↳ app/views/friends/index.html.erb:16
  Rendered friends/index.html.erb within layouts/application (Duration: 4.1ms | Allocations: 1612)
[Webpacker] Everything's up-to-date. Nothing to do
  Rendered home/_header.html.erb (Duration: 1.4ms | Allocations: 314)
  Rendered layout layouts/application.html.erb (Duration: 14.2ms | Allocations: 5458)
Completed 200 OK in 18ms (Views: 16.4ms | ActiveRecord: 0.1ms | Allocations: 6797)


Started GET "/friends/3/edit" for ::1 at 2021-05-26 11:16:32 -0600
Processing by FriendsController#edit as HTML
  Parameters: {"id"=>"3"}
  [1m[36mFriend Load (0.3ms)[0m  [1m[34mSELECT "friends".* FROM "friends" WHERE "friends"."id" = ? LIMIT ?[0m  [["id", 3], ["LIMIT", 1]]
  ↳ app/controllers/friends_controller.rb:62:in `set_friend'
  Rendering layout layouts/application.html.erb
  Rendering friends/edit.html.erb within layouts/application
  Rendered friends/_form.html.erb (Duration: 7.9ms | Allocations: 1797)
  Rendered friends/edit.html.erb within layouts/application (Duration: 11.8ms | Allocations: 2326)
[Webpacker] Everything's up-to-date. Nothing to do
  Rendered home/_header.html.erb (Duration: 0.7ms | Allocations: 129)
  Rendered layout layouts/application.html.erb (Duration: 22.6ms | Allocations: 5427)
Completed 200 OK in 33ms (Views: 24.2ms | ActiveRecord: 0.3ms | Allocations: 7087)


Started GET "/friends" for ::1 at 2021-05-26 11:16:38 -0600
Processing by FriendsController#index as HTML
  Rendering layout layouts/application.html.erb
  Rendering friends/index.html.erb within layouts/application
  [1m[36mFriend Load (0.4ms)[0m  [1m[34mSELECT "friends".* FROM "friends"[0m
  ↳ app/views/friends/index.html.erb:16
  Rendered friends/index.html.erb within layouts/application (Duration: 9.7ms | Allocations: 1106)
[Webpacker] Everything's up-to-date. Nothing to do
  Rendered home/_header.html.erb (Duration: 0.7ms | Allocations: 130)
  Rendered layout layouts/application.html.erb (Duration: 26.5ms | Allocations: 4202)
Completed 200 OK in 31ms (Views: 28.6ms | ActiveRecord: 0.4ms | Allocations: 4667)


Started GET "/friends/new" for ::1 at 2021-05-26 11:16:44 -0600
Processing by FriendsController#new as HTML
  Rendering layout layouts/application.html.erb
  Rendering friends/new.html.erb within layouts/application
  Rendered friends/_form.html.erb (Duration: 5.3ms | Allocations: 1241)
  Rendered friends/new.html.erb within layouts/application (Duration: 6.3ms | Allocations: 1460)
[Webpacker] Everything's up-to-date. Nothing to do
  Rendered home/_header.html.erb (Duration: 0.3ms | Allocations: 129)
  Rendered layout layouts/application.html.erb (Duration: 19.2ms | Allocations: 5127)
Completed 200 OK in 22ms (Views: 20.1ms | ActiveRecord: 0.0ms | Allocations: 5728)


Started GET "/friends" for ::1 at 2021-05-26 11:16:46 -0600
Processing by FriendsController#index as HTML
  Rendering layout layouts/application.html.erb
  Rendering friends/index.html.erb within layouts/application
  [1m[36mFriend Load (0.2ms)[0m  [1m[34mSELECT "friends".* FROM "friends"[0m
  ↳ app/views/friends/index.html.erb:16
  Rendered friends/index.html.erb within layouts/application (Duration: 4.7ms | Allocations: 1106)
[Webpacker] Everything's up-to-date. Nothing to do
  Rendered home/_header.html.erb (Duration: 0.5ms | Allocations: 130)
  Rendered layout layouts/application.html.erb (Duration: 14.7ms | Allocations: 4212)
Completed 200 OK in 17ms (Views: 15.4ms | ActiveRecord: 0.2ms | Allocations: 4676)


Started GET "/friends" for ::1 at 2021-05-26 11:17:30 -0600
Processing by FriendsController#index as HTML
  Rendering layout layouts/application.html.erb
  Rendering friends/index.html.erb within layouts/application
  [1m[36mFriend Load (0.3ms)[0m  [1m[34mSELECT "friends".* FROM "friends"[0m
  ↳ app/views/friends/index.html.erb:16
  Rendered friends/index.html.erb within layouts/application (Duration: 9.3ms | Allocations: 1612)
[Webpacker] Everything's up-to-date. Nothing to do
  Rendered home/_header.html.erb (Duration: 1.7ms | Allocations: 314)
  Rendered layout layouts/application.html.erb (Duration: 25.0ms | Allocations: 5460)
Completed 200 OK in 32ms (Views: 28.8ms | ActiveRecord: 0.3ms | Allocations: 6802)


Started GET "/friends/3" for ::1 at 2021-05-26 11:17:32 -0600
Processing by FriendsController#show as HTML
  Parameters: {"id"=>"3"}
  [1m[36mFriend Load (0.1ms)[0m  [1m[34mSELECT "friends".* FROM "friends" WHERE "friends"."id" = ? LIMIT ?[0m  [["id", 3], ["LIMIT", 1]]
  ↳ app/controllers/friends_controller.rb:62:in `set_friend'
  Rendering layout layouts/application.html.erb
  Rendering friends/show.html.erb within layouts/application
  Rendered friends/show.html.erb within layouts/application (Duration: 0.9ms | Allocations: 333)
[Webpacker] Everything's up-to-date. Nothing to do
  Rendered home/_header.html.erb (Duration: 0.3ms | Allocations: 130)
  Rendered layout layouts/application.html.erb (Duration: 8.0ms | Allocations: 3429)
Completed 200 OK in 12ms (Views: 8.8ms | ActiveRecord: 0.1ms | Allocations: 4643)


Started GET "/friends" for ::1 at 2021-05-26 11:17:35 -0600
Processing by FriendsController#index as HTML
  Rendering layout layouts/application.html.erb
  Rendering friends/index.html.erb within layouts/application
  [1m[36mFriend Load (0.4ms)[0m  [1m[34mSELECT "friends".* FROM "friends"[0m
  ↳ app/views/friends/index.html.erb:16
  Rendered friends/index.html.erb within layouts/application (Duration: 4.6ms | Allocations: 1106)
[Webpacker] Everything's up-to-date. Nothing to do
  Rendered home/_header.html.erb (Duration: 0.4ms | Allocations: 130)
  Rendered layout layouts/application.html.erb (Duration: 15.0ms | Allocations: 4202)
Completed 200 OK in 17ms (Views: 15.8ms | ActiveRecord: 0.4ms | Allocations: 4666)


Started GET "/friends/3/edit" for ::1 at 2021-05-26 11:17:36 -0600
Processing by FriendsController#edit as HTML
  Parameters: {"id"=>"3"}
  [1m[36mFriend Load (0.2ms)[0m  [1m[34mSELECT "friends".* FROM "friends" WHERE "friends"."id" = ? LIMIT ?[0m  [["id", 3], ["LIMIT", 1]]
  ↳ app/controllers/friends_controller.rb:62:in `set_friend'
  Rendering layout layouts/application.html.erb
  Rendering friends/edit.html.erb within layouts/application
  Rendered friends/_form.html.erb (Duration: 11.0ms | Allocations: 4082)
  Rendered friends/edit.html.erb within layouts/application (Duration: 12.0ms | Allocations: 4437)
  Rendered layout layouts/application.html.erb (Duration: 12.3ms | Allocations: 4507)
Completed 500 Internal Server Error in 15ms (ActiveRecord: 0.2ms | Allocations: 5634)


  
ActionView::SyntaxErrorInTemplate (Encountered a syntax error while rendering template: check <%= form_with(model: friend) do |form| %>
  <% if friend.errors.any? %>
    <div id="error_explanation">
      <h2><%= pluralize(friend.errors.count, "error") %> prohibited this friend from being saved:</h2>

      <ul>
        <% friend.errors.each do |error| %>
          <li><%= error.full_message %></li>
        <% end %>
      </ul>
    </div>
  <% end %>

  <div class="field form-group">
    <%= form.label :first_name %>
    <%= form.text_field :first_name, class:'form-control' %>
  </div>

  <div class="field form-group">
    <%= form.label :last_name %>
    <%= form.text_field :last_name, class:'form-control' %>
  </div>

  <div class="field form-group">
    <%= form.label :email %>
    <%= form.text_field :email, class:'form-control' %>
  </div>

  <div class="field form-group">
    <%= form.label :phone %>
    <%= form.text_field :phone, class:'form-control' %>
  </div>

  <div class="field form-group">
    <%= form.label :twitter %>
    <%= form.text_field :twitter, class:'form-control' %>
  </div>

  <div class="actions">
    <%= form.submit, class:'bt btn-secondary' %>
  </div>
<% end %>

):
1:    <%= form_with(model: friend) do |form| %>
2:      <% if friend.errors.any? %>
3:        <div id="error_explanation">
4:          <h2><%= pluralize(friend.errors.count, "error") %> prohibited this friend from being saved:</h2>
5:    
6:          <ul>
7:            <% friend.errors.each do |error| %>
8:              <li><%= error.full_message %></li>
9:            <% end %>
10:          </ul>
11:        </div>
12:      <% end %>
13:    
14:      <div class="field form-group">
15:        <%= form.label :first_name %>
16:        <%= form.text_field :first_name, class:'form-control' %>
17:      </div>
18:    
19:      <div class="field form-group">
20:        <%= form.label :last_name %>
21:        <%= form.text_field :last_name, class:'form-control' %>
22:      </div>
23:    
24:      <div class="field form-group">
25:        <%= form.label :email %>
26:        <%= form.text_field :email, class:'form-control' %>
27:      </div>
28:    
29:      <div class="field form-group">
30:        <%= form.label :phone %>
31:        <%= form.text_field :phone, class:'form-control' %>
32:      </div>
33:    
34:      <div class="field form-group">
35:        <%= form.label :twitter %>
36:        <%= form.text_field :twitter, class:'form-control' %>
37:      </div>
38:    
39:      <div class="actions">
40:        <%= form.submit, class:'bt btn-secondary' %>
41:      </div>
42:    <% end %>
  
app/views/friends/_form.html.erb:40: syntax error, unexpected label, expecting '='
app/views/friends/_form.html.erb:40: syntax error, unexpected label, expecting '='
app/views/friends/_form.html.erb:40: syntax error, unexpected label, expecting '='
app/views/friends/_form.html.erb:40: syntax error, unexpected label, expecting '='
app/views/friends/_form.html.erb:40: syntax error, unexpected label, expecting '='
app/views/friends/_form.html.erb:40: syntax error, unexpected label, expecting '='
app/views/friends/edit.html.erb:3
Started GET "/friends/3/edit" for ::1 at 2021-05-26 11:17:48 -0600
Processing by FriendsController#edit as HTML
  Parameters: {"id"=>"3"}
  [1m[36mFriend Load (0.3ms)[0m  [1m[34mSELECT "friends".* FROM "friends" WHERE "friends"."id" = ? LIMIT ?[0m  [["id", 3], ["LIMIT", 1]]
  ↳ app/controllers/friends_controller.rb:62:in `set_friend'
  Rendering layout layouts/application.html.erb
  Rendering friends/edit.html.erb within layouts/application
  Rendered friends/_form.html.erb (Duration: 5.1ms | Allocations: 1891)
  Rendered friends/edit.html.erb within layouts/application (Duration: 6.3ms | Allocations: 2331)
[Webpacker] Everything's up-to-date. Nothing to do
  Rendered home/_header.html.erb (Duration: 0.8ms | Allocations: 311)
  Rendered layout layouts/application.html.erb (Duration: 16.0ms | Allocations: 6156)
Completed 200 OK in 22ms (Views: 18.0ms | ActiveRecord: 0.3ms | Allocations: 8182)


Started GET "/friends" for ::1 at 2021-05-26 11:17:57 -0600
Processing by FriendsController#index as HTML
  Rendering layout layouts/application.html.erb
  Rendering friends/index.html.erb within layouts/application
  [1m[36mFriend Load (0.4ms)[0m  [1m[34mSELECT "friends".* FROM "friends"[0m
  ↳ app/views/friends/index.html.erb:16
  Rendered friends/index.html.erb within layouts/application (Duration: 8.6ms | Allocations: 1489)
[Webpacker] Everything's up-to-date. Nothing to do
  Rendered home/_header.html.erb (Duration: 0.4ms | Allocations: 130)
  Rendered layout layouts/application.html.erb (Duration: 18.3ms | Allocations: 4585)
Completed 200 OK in 22ms (Views: 19.1ms | ActiveRecord: 0.4ms | Allocations: 5229)


Started GET "/friends/3/edit" for ::1 at 2021-05-26 11:18:20 -0600
Processing by FriendsController#edit as HTML
  Parameters: {"id"=>"3"}
  [1m[36mFriend Load (0.2ms)[0m  [1m[34mSELECT "friends".* FROM "friends" WHERE "friends"."id" = ? LIMIT ?[0m  [["id", 3], ["LIMIT", 1]]
  ↳ app/controllers/friends_controller.rb:62:in `set_friend'
  Rendering layout layouts/application.html.erb
  Rendering friends/edit.html.erb within layouts/application
  Rendered friends/_form.html.erb (Duration: 4.7ms | Allocations: 1290)
  Rendered friends/edit.html.erb within layouts/application (Duration: 8.4ms | Allocations: 1430)
[Webpacker] Everything's up-to-date. Nothing to do
  Rendered home/_header.html.erb (Duration: 0.4ms | Allocations: 129)
  Rendered layout layouts/application.html.erb (Duration: 19.2ms | Allocations: 4513)
Completed 200 OK in 24ms (Views: 20.3ms | ActiveRecord: 0.2ms | Allocations: 5546)


Started GET "/friends/3" for ::1 at 2021-05-26 11:18:23 -0600
Processing by FriendsController#show as HTML
  Parameters: {"id"=>"3"}
  [1m[36mFriend Load (0.2ms)[0m  [1m[34mSELECT "friends".* FROM "friends" WHERE "friends"."id" = ? LIMIT ?[0m  [["id", 3], ["LIMIT", 1]]
  ↳ app/controllers/friends_controller.rb:62:in `set_friend'
  Rendering layout layouts/application.html.erb
  Rendering friends/show.html.erb within layouts/application
  Rendered friends/show.html.erb within layouts/application (Duration: 1.6ms | Allocations: 326)
[Webpacker] Everything's up-to-date. Nothing to do
  Rendered home/_header.html.erb (Duration: 0.4ms | Allocations: 130)
  Rendered layout layouts/application.html.erb (Duration: 12.5ms | Allocations: 3422)
Completed 200 OK in 19ms (Views: 13.5ms | ActiveRecord: 0.2ms | Allocations: 4557)


Started GET "/friends" for ::1 at 2021-05-26 11:18:24 -0600
Processing by FriendsController#index as HTML
  Rendering layout layouts/application.html.erb
  Rendering friends/index.html.erb within layouts/application
  [1m[36mFriend Load (0.1ms)[0m  [1m[34mSELECT "friends".* FROM "friends"[0m
  ↳ app/views/friends/index.html.erb:16
  Rendered friends/index.html.erb within layouts/application (Duration: 3.4ms | Allocations: 1106)
[Webpacker] Everything's up-to-date. Nothing to do
  Rendered home/_header.html.erb (Duration: 0.3ms | Allocations: 130)
  Rendered layout layouts/application.html.erb (Duration: 17.9ms | Allocations: 4701)
Completed 200 OK in 19ms (Views: 18.6ms | ActiveRecord: 0.1ms | Allocations: 5175)


Started GET "/friends/new" for ::1 at 2021-05-26 11:18:26 -0600
Processing by FriendsController#new as HTML
  Rendering layout layouts/application.html.erb
  Rendering friends/new.html.erb within layouts/application
  Rendered friends/_form.html.erb (Duration: 4.6ms | Allocations: 1247)
  Rendered friends/new.html.erb within layouts/application (Duration: 5.3ms | Allocations: 1466)
[Webpacker] Everything's up-to-date. Nothing to do
  Rendered home/_header.html.erb (Duration: 0.3ms | Allocations: 129)
  Rendered layout layouts/application.html.erb (Duration: 13.3ms | Allocations: 4549)
Completed 200 OK in 15ms (Views: 13.9ms | ActiveRecord: 0.0ms | Allocations: 5147)


Started GET "/friends" for ::1 at 2021-05-26 11:18:27 -0600
Processing by FriendsController#index as HTML
  Rendering layout layouts/application.html.erb
  Rendering friends/index.html.erb within layouts/application
  [1m[36mFriend Load (0.2ms)[0m  [1m[34mSELECT "friends".* FROM "friends"[0m
  ↳ app/views/friends/index.html.erb:16
  Rendered friends/index.html.erb within layouts/application (Duration: 6.3ms | Allocations: 1106)
[Webpacker] Everything's up-to-date. Nothing to do
  Rendered home/_header.html.erb (Duration: 0.5ms | Allocations: 130)
  Rendered layout layouts/application.html.erb (Duration: 17.1ms | Allocations: 4202)
Completed 200 OK in 19ms (Views: 17.7ms | ActiveRecord: 0.2ms | Allocations: 4664)


Started GET "/friends/new" for ::1 at 2021-05-26 11:18:32 -0600
Processing by FriendsController#new as HTML
  Rendering layout layouts/application.html.erb
  Rendering friends/new.html.erb within layouts/application
  Rendered friends/_form.html.erb (Duration: 4.6ms | Allocations: 1246)
  Rendered friends/new.html.erb within layouts/application (Duration: 5.3ms | Allocations: 1359)
[Webpacker] Everything's up-to-date. Nothing to do
  Rendered home/_header.html.erb (Duration: 0.5ms | Allocations: 129)
  Rendered layout layouts/application.html.erb (Duration: 16.1ms | Allocations: 4442)
Completed 200 OK in 19ms (Views: 17.2ms | ActiveRecord: 0.0ms | Allocations: 4909)


Started GET "/friends" for ::1 at 2021-05-26 11:18:35 -0600
Processing by FriendsController#index as HTML
  Rendering layout layouts/application.html.erb
  Rendering friends/index.html.erb within layouts/application
  [1m[36mFriend Load (1.0ms)[0m  [1m[34mSELECT "friends".* FROM "friends"[0m
  ↳ app/views/friends/index.html.erb:16
  Rendered friends/index.html.erb within layouts/application (Duration: 6.9ms | Allocations: 1214)
[Webpacker] Everything's up-to-date. Nothing to do
  Rendered home/_header.html.erb (Duration: 0.3ms | Allocations: 130)
  Rendered layout layouts/application.html.erb (Duration: 14.3ms | Allocations: 4336)
Completed 200 OK in 18ms (Views: 16.1ms | ActiveRecord: 1.0ms | Allocations: 5215)


Started GET "/friends/3/edit" for ::1 at 2021-05-26 11:20:19 -0600
Processing by FriendsController#edit as HTML
  Parameters: {"id"=>"3"}
  [1m[36mFriend Load (0.1ms)[0m  [1m[34mSELECT "friends".* FROM "friends" WHERE "friends"."id" = ? LIMIT ?[0m  [["id", 3], ["LIMIT", 1]]
  ↳ app/controllers/friends_controller.rb:62:in `set_friend'
  Rendering layout layouts/application.html.erb
  Rendering friends/edit.html.erb within layouts/application
  Rendered friends/_form.html.erb (Duration: 2.9ms | Allocations: 1290)
  Rendered friends/edit.html.erb within layouts/application (Duration: 3.6ms | Allocations: 1506)
[Webpacker] Everything's up-to-date. Nothing to do
  Rendered home/_header.html.erb (Duration: 0.3ms | Allocations: 129)
  Rendered layout layouts/application.html.erb (Duration: 11.1ms | Allocations: 4614)
Completed 200 OK in 15ms (Views: 11.9ms | ActiveRecord: 0.1ms | Allocations: 5642)


Started GET "/friends" for ::1 at 2021-05-26 11:20:22 -0600
Processing by FriendsController#index as HTML
  Rendering layout layouts/application.html.erb
  Rendering friends/index.html.erb within layouts/application
  [1m[36mFriend Load (0.2ms)[0m  [1m[34mSELECT "friends".* FROM "friends"[0m
  ↳ app/views/friends/index.html.erb:16
  Rendered friends/index.html.erb within layouts/application (Duration: 4.1ms | Allocations: 1106)
[Webpacker] Everything's up-to-date. Nothing to do
  Rendered home/_header.html.erb (Duration: 0.4ms | Allocations: 130)
  Rendered layout layouts/application.html.erb (Duration: 13.2ms | Allocations: 4202)
Completed 200 OK in 15ms (Views: 14.0ms | ActiveRecord: 0.2ms | Allocations: 4664)


Started GET "/friends/2/edit" for ::1 at 2021-05-26 11:21:18 -0600
Processing by FriendsController#edit as HTML
  Parameters: {"id"=>"2"}
  [1m[36mFriend Load (0.1ms)[0m  [1m[34mSELECT "friends".* FROM "friends" WHERE "friends"."id" = ? LIMIT ?[0m  [["id", 2], ["LIMIT", 1]]
  ↳ app/controllers/friends_controller.rb:62:in `set_friend'
  Rendering layout layouts/application.html.erb
  Rendering friends/edit.html.erb within layouts/application
  Rendered friends/_form.html.erb (Duration: 6.1ms | Allocations: 1931)
  Rendered friends/edit.html.erb within layouts/application (Duration: 8.3ms | Allocations: 2374)
[Webpacker] Everything's up-to-date. Nothing to do
  Rendered home/_header.html.erb (Duration: 0.7ms | Allocations: 311)
  Rendered layout layouts/application.html.erb (Duration: 15.4ms | Allocations: 6189)
Completed 200 OK in 20ms (Views: 17.3ms | ActiveRecord: 0.1ms | Allocations: 8082)


Started GET "/friends" for ::1 at 2021-05-26 11:21:39 -0600
Processing by FriendsController#index as HTML
  Rendering layout layouts/application.html.erb
  Rendering friends/index.html.erb within layouts/application
  [1m[36mFriend Load (0.2ms)[0m  [1m[34mSELECT "friends".* FROM "friends"[0m
  ↳ app/views/friends/index.html.erb:16
  Rendered friends/index.html.erb within layouts/application (Duration: 5.8ms | Allocations: 1489)
[Webpacker] Everything's up-to-date. Nothing to do
  Rendered home/_header.html.erb (Duration: 0.3ms | Allocations: 130)
  Rendered layout layouts/application.html.erb (Duration: 14.8ms | Allocations: 4585)
Completed 200 OK in 17ms (Views: 15.4ms | ActiveRecord: 0.2ms | Allocations: 5229)


Started GET "/friends/new" for ::1 at 2021-05-26 11:21:40 -0600
Processing by FriendsController#new as HTML
  Rendering layout layouts/application.html.erb
  Rendering friends/new.html.erb within layouts/application
  Rendered friends/_form.html.erb (Duration: 4.7ms | Allocations: 1272)
  Rendered friends/new.html.erb within layouts/application (Duration: 6.1ms | Allocations: 1491)
[Webpacker] Everything's up-to-date. Nothing to do
  Rendered home/_header.html.erb (Duration: 0.8ms | Allocations: 129)
  Rendered layout layouts/application.html.erb (Duration: 16.8ms | Allocations: 4585)
Completed 200 OK in 19ms (Views: 17.8ms | ActiveRecord: 0.0ms | Allocations: 5186)


Started GET "/friends/new" for ::1 at 2021-05-26 11:22:09 -0600
Processing by FriendsController#new as HTML
  Rendering layout layouts/application.html.erb
  Rendering friends/new.html.erb within layouts/application
  Rendered friends/_form.html.erb (Duration: 6.0ms | Allocations: 1091)
  Rendered friends/new.html.erb within layouts/application (Duration: 9.7ms | Allocations: 1481)
[Webpacker] Everything's up-to-date. Nothing to do
  Rendered home/_header.html.erb (Duration: 1.7ms | Allocations: 311)
  Rendered layout layouts/application.html.erb (Duration: 29.0ms | Allocations: 5295)
Completed 200 OK in 37ms (Views: 33.6ms | ActiveRecord: 0.0ms | Allocations: 6645)


Started GET "/friends" for ::1 at 2021-05-26 11:22:46 -0600
Processing by FriendsController#index as HTML
  Rendering layout layouts/application.html.erb
  Rendering friends/index.html.erb within layouts/application
  [1m[36mFriend Load (0.1ms)[0m  [1m[34mSELECT "friends".* FROM "friends"[0m
  ↳ app/views/friends/index.html.erb:16
  Rendered friends/index.html.erb within layouts/application (Duration: 3.8ms | Allocations: 1511)
[Webpacker] Everything's up-to-date. Nothing to do
  Rendered home/_header.html.erb (Duration: 0.3ms | Allocations: 130)
  Rendered layout layouts/application.html.erb (Duration: 9.9ms | Allocations: 4607)
Completed 200 OK in 11ms (Views: 10.3ms | ActiveRecord: 0.1ms | Allocations: 5251)


Started GET "/friends/3/edit" for ::1 at 2021-05-26 11:22:47 -0600
Processing by FriendsController#edit as HTML
  Parameters: {"id"=>"3"}
  [1m[36mFriend Load (0.2ms)[0m  [1m[34mSELECT "friends".* FROM "friends" WHERE "friends"."id" = ? LIMIT ?[0m  [["id", 3], ["LIMIT", 1]]
  ↳ app/controllers/friends_controller.rb:62:in `set_friend'
  Rendering layout layouts/application.html.erb
  Rendering friends/edit.html.erb within layouts/application
  Rendered friends/_form.html.erb (Duration: 3.5ms | Allocations: 625)
  Rendered friends/edit.html.erb within layouts/application (Duration: 4.9ms | Allocations: 886)
[Webpacker] Everything's up-to-date. Nothing to do
  Rendered home/_header.html.erb (Duration: 0.5ms | Allocations: 129)
  Rendered layout layouts/application.html.erb (Duration: 14.5ms | Allocations: 3969)
Completed 200 OK in 20ms (Views: 15.4ms | ActiveRecord: 0.2ms | Allocations: 5128)


Started GET "/" for 127.0.0.1 at 2021-05-26 11:23:00 -0600
Processing by HomeController#index as HTML
  Rendering layout layouts/application.html.erb
  Rendering home/index.html.erb within layouts/application
  Rendered home/index.html.erb within layouts/application (Duration: 0.5ms | Allocations: 140)
[Webpacker] Everything's up-to-date. Nothing to do
  Rendered home/_header.html.erb (Duration: 0.5ms | Allocations: 183)
  Rendered layout layouts/application.html.erb (Duration: 11.2ms | Allocations: 3563)
Completed 200 OK in 15ms (Views: 13.8ms | ActiveRecord: 0.0ms | Allocations: 4584)


Started GET "/" for 127.0.0.1 at 2021-05-26 11:23:03 -0600
Processing by HomeController#index as HTML
  Rendering layout layouts/application.html.erb
  Rendering home/index.html.erb within layouts/application
  Rendered home/index.html.erb within layouts/application (Duration: 0.2ms | Allocations: 38)
[Webpacker] Everything's up-to-date. Nothing to do
  Rendered home/_header.html.erb (Duration: 0.5ms | Allocations: 144)
  Rendered layout layouts/application.html.erb (Duration: 8.1ms | Allocations: 3162)
Completed 200 OK in 10ms (Views: 9.1ms | ActiveRecord: 0.0ms | Allocations: 3589)


Started GET "/friends" for 127.0.0.1 at 2021-05-26 11:23:05 -0600
Processing by FriendsController#index as HTML
  Rendering layout layouts/application.html.erb
  Rendering friends/index.html.erb within layouts/application
  [1m[36mFriend Load (0.2ms)[0m  [1m[34mSELECT "friends".* FROM "friends"[0m
  ↳ app/views/friends/index.html.erb:16
  Rendered friends/index.html.erb within layouts/application (Duration: 4.8ms | Allocations: 1211)
[Webpacker] Everything's up-to-date. Nothing to do
  Rendered home/_header.html.erb (Duration: 0.4ms | Allocations: 130)
  Rendered layout layouts/application.html.erb (Duration: 15.8ms | Allocations: 4307)
Completed 200 OK in 18ms (Views: 16.6ms | ActiveRecord: 0.2ms | Allocations: 4785)


Started GET "/friends/new" for 127.0.0.1 at 2021-05-26 11:23:06 -0600
Processing by FriendsController#new as HTML
  Rendering layout layouts/application.html.erb
  Rendering friends/new.html.erb within layouts/application
  Rendered friends/_form.html.erb (Duration: 3.7ms | Allocations: 636)
  Rendered friends/new.html.erb within layouts/application (Duration: 4.9ms | Allocations: 749)
[Webpacker] Everything's up-to-date. Nothing to do
  Rendered home/_header.html.erb (Duration: 0.5ms | Allocations: 129)
  Rendered layout layouts/application.html.erb (Duration: 16.1ms | Allocations: 3832)
Completed 200 OK in 20ms (Views: 18.6ms | ActiveRecord: 0.0ms | Allocations: 4305)


Started GET "/friends" for 127.0.0.1 at 2021-05-26 11:23:08 -0600
Processing by FriendsController#index as HTML
  Rendering layout layouts/application.html.erb
  Rendering friends/index.html.erb within layouts/application
  [1m[36mFriend Load (0.3ms)[0m  [1m[34mSELECT "friends".* FROM "friends"[0m
  ↳ app/views/friends/index.html.erb:16
  Rendered friends/index.html.erb within layouts/application (Duration: 7.1ms | Allocations: 1108)
[Webpacker] Everything's up-to-date. Nothing to do
  Rendered home/_header.html.erb (Duration: 0.8ms | Allocations: 130)
  Rendered layout layouts/application.html.erb (Duration: 19.7ms | Allocations: 4215)
Completed 200 OK in 24ms (Views: 22.8ms | ActiveRecord: 0.3ms | Allocations: 4679)


Started GET "/friends/2/edit" for 127.0.0.1 at 2021-05-26 11:23:09 -0600
Processing by FriendsController#edit as HTML
  Parameters: {"id"=>"2"}
  [1m[36mFriend Load (0.3ms)[0m  [1m[34mSELECT "friends".* FROM "friends" WHERE "friends"."id" = ? LIMIT ?[0m  [["id", 2], ["LIMIT", 1]]
  ↳ app/controllers/friends_controller.rb:62:in `set_friend'
  Rendering layout layouts/application.html.erb
  Rendering friends/edit.html.erb within layouts/application
  Rendered friends/_form.html.erb (Duration: 3.6ms | Allocations: 622)
  Rendered friends/edit.html.erb within layouts/application (Duration: 5.0ms | Allocations: 762)
[Webpacker] Everything's up-to-date. Nothing to do
  Rendered home/_header.html.erb (Duration: 0.5ms | Allocations: 129)
  Rendered layout layouts/application.html.erb (Duration: 14.9ms | Allocations: 3856)
Completed 200 OK in 22ms (Views: 16.1ms | ActiveRecord: 0.3ms | Allocations: 4890)


Started GET "/friends" for 127.0.0.1 at 2021-05-26 11:23:11 -0600
Processing by FriendsController#index as HTML
  Rendering layout layouts/application.html.erb
  Rendering friends/index.html.erb within layouts/application
  [1m[36mFriend Load (0.4ms)[0m  [1m[34mSELECT "friends".* FROM "friends"[0m
  ↳ app/views/friends/index.html.erb:16
  Rendered friends/index.html.erb within layouts/application (Duration: 8.9ms | Allocations: 1106)
[Webpacker] Everything's up-to-date. Nothing to do
  Rendered home/_header.html.erb (Duration: 0.8ms | Allocations: 130)
  Rendered layout layouts/application.html.erb (Duration: 27.0ms | Allocations: 4202)
Completed 200 OK in 33ms (Views: 30.8ms | ActiveRecord: 0.4ms | Allocations: 4664)


Started GET "/friends" for ::1 at 2021-05-26 11:23:42 -0600
Processing by FriendsController#index as HTML
  Rendering layout layouts/application.html.erb
  Rendering friends/index.html.erb within layouts/application
  [1m[36mFriend Load (0.2ms)[0m  [1m[34mSELECT "friends".* FROM "friends"[0m
  ↳ app/views/friends/index.html.erb:16
  Rendered friends/index.html.erb within layouts/application (Duration: 9.7ms | Allocations: 1617)
[Webpacker] Everything's up-to-date. Nothing to do
  Rendered home/_header.html.erb (Duration: 1.5ms | Allocations: 314)
  Rendered layout layouts/application.html.erb (Duration: 29.5ms | Allocations: 6084)
Completed 200 OK in 35ms (Views: 32.7ms | ActiveRecord: 0.2ms | Allocations: 7451)


Started GET "/friends/new" for ::1 at 2021-05-26 11:23:42 -0600
Processing by FriendsController#new as HTML
  Rendering layout layouts/application.html.erb
  Rendering friends/new.html.erb within layouts/application
  Rendered friends/_form.html.erb (Duration: 3.5ms | Allocations: 1017)
  Rendered friends/new.html.erb within layouts/application (Duration: 7.3ms | Allocations: 1367)
[Webpacker] Everything's up-to-date. Nothing to do
  Rendered home/_header.html.erb (Duration: 0.7ms | Allocations: 129)
  Rendered layout layouts/application.html.erb (Duration: 20.1ms | Allocations: 4450)
Completed 200 OK in 24ms (Views: 21.8ms | ActiveRecord: 0.0ms | Allocations: 5102)


Started GET "/friends" for ::1 at 2021-05-26 11:23:44 -0600
Processing by FriendsController#index as HTML
  Rendering layout layouts/application.html.erb
  Rendering friends/index.html.erb within layouts/application
  [1m[36mFriend Load (0.3ms)[0m  [1m[34mSELECT "friends".* FROM "friends"[0m
  ↳ app/views/friends/index.html.erb:16
  Rendered friends/index.html.erb within layouts/application (Duration: 6.2ms | Allocations: 1106)
[Webpacker] Everything's up-to-date. Nothing to do
  Rendered home/_header.html.erb (Duration: 0.5ms | Allocations: 130)
  Rendered layout layouts/application.html.erb (Duration: 19.1ms | Allocations: 4213)
Completed 200 OK in 21ms (Views: 19.9ms | ActiveRecord: 0.3ms | Allocations: 4678)


Started GET "/friends/new" for ::1 at 2021-05-26 11:24:42 -0600
Processing by FriendsController#new as HTML
  Rendering layout layouts/application.html.erb
  Rendering friends/new.html.erb within layouts/application
  Rendered friends/_form.html.erb (Duration: 3.6ms | Allocations: 1091)
  Rendered friends/new.html.erb within layouts/application (Duration: 7.7ms | Allocations: 1490)
[Webpacker] Everything's up-to-date. Nothing to do
  Rendered home/_header.html.erb (Duration: 1.1ms | Allocations: 311)
  Rendered layout layouts/application.html.erb (Duration: 20.2ms | Allocations: 5304)
Completed 200 OK in 26ms (Views: 24.3ms | ActiveRecord: 0.0ms | Allocations: 6658)


Started GET "/friends/new" for ::1 at 2021-05-26 11:25:08 -0600
Processing by FriendsController#new as HTML
  Rendering layout layouts/application.html.erb
  Rendering friends/new.html.erb within layouts/application
  Rendered friends/_form.html.erb (Duration: 3.4ms | Allocations: 1091)
  Rendered friends/new.html.erb within layouts/application (Duration: 5.6ms | Allocations: 1490)
[Webpacker] Everything's up-to-date. Nothing to do
  Rendered home/_header.html.erb (Duration: 1.9ms | Allocations: 311)
  Rendered layout layouts/application.html.erb (Duration: 18.1ms | Allocations: 5303)
Completed 200 OK in 24ms (Views: 22.0ms | ActiveRecord: 0.0ms | Allocations: 6705)


Started GET "/friends" for ::1 at 2021-05-26 11:25:11 -0600
Processing by FriendsController#index as HTML
  Rendering layout layouts/application.html.erb
  Rendering friends/index.html.erb within layouts/application
  [1m[36mFriend Load (0.1ms)[0m  [1m[34mSELECT "friends".* FROM "friends"[0m
  ↳ app/views/friends/index.html.erb:16
  Rendered friends/index.html.erb within layouts/application (Duration: 4.0ms | Allocations: 1511)
[Webpacker] Everything's up-to-date. Nothing to do
  Rendered home/_header.html.erb (Duration: 0.3ms | Allocations: 130)
  Rendered layout layouts/application.html.erb (Duration: 12.1ms | Allocations: 4607)
Completed 200 OK in 14ms (Views: 12.5ms | ActiveRecord: 0.1ms | Allocations: 5251)


Started GET "/friends/new" for ::1 at 2021-05-26 11:25:28 -0600
Processing by FriendsController#new as HTML
  Rendering layout layouts/application.html.erb
  Rendering friends/new.html.erb within layouts/application
  Rendered friends/_form.html.erb (Duration: 2.4ms | Allocations: 576)
  Rendered friends/new.html.erb within layouts/application (Duration: 3.0ms | Allocations: 694)
[Webpacker] Everything's up-to-date. Nothing to do
  Rendered home/_header.html.erb (Duration: 0.4ms | Allocations: 129)
  Rendered layout layouts/application.html.erb (Duration: 11.9ms | Allocations: 3777)
Completed 200 OK in 13ms (Views: 12.7ms | ActiveRecord: 0.0ms | Allocations: 4250)


Started GET "/friends/new" for ::1 at 2021-05-26 11:25:47 -0600
Processing by FriendsController#new as HTML
  Rendering layout layouts/application.html.erb
  Rendering friends/new.html.erb within layouts/application
  Rendered friends/_form.html.erb (Duration: 4.2ms | Allocations: 1092)
  Rendered friends/new.html.erb within layouts/application (Duration: 6.5ms | Allocations: 1490)
[Webpacker] Everything's up-to-date. Nothing to do
  Rendered home/_header.html.erb (Duration: 1.2ms | Allocations: 311)
  Rendered layout layouts/application.html.erb (Duration: 21.7ms | Allocations: 5303)
Completed 200 OK in 30ms (Views: 27.3ms | ActiveRecord: 0.0ms | Allocations: 6649)


Started GET "/friends/new" for ::1 at 2021-05-26 11:26:01 -0600
Processing by FriendsController#new as HTML
  Rendering layout layouts/application.html.erb
  Rendering friends/new.html.erb within layouts/application
  Rendered friends/_form.html.erb (Duration: 2.1ms | Allocations: 1091)
  Rendered friends/new.html.erb within layouts/application (Duration: 3.5ms | Allocations: 1489)
[Webpacker] Everything's up-to-date. Nothing to do
  Rendered home/_header.html.erb (Duration: 1.1ms | Allocations: 311)
  Rendered layout layouts/application.html.erb (Duration: 13.5ms | Allocations: 5303)
Completed 200 OK in 19ms (Views: 17.1ms | ActiveRecord: 0.0ms | Allocations: 6705)


Started GET "/friends/new" for ::1 at 2021-05-26 11:26:56 -0600
Processing by FriendsController#new as HTML
  Rendering layout layouts/application.html.erb
  Rendering friends/new.html.erb within layouts/application
  Rendered friends/_form.html.erb (Duration: 4.6ms | Allocations: 1091)
  Rendered friends/new.html.erb within layouts/application (Duration: 6.7ms | Allocations: 1493)
[Webpacker] Everything's up-to-date. Nothing to do
  Rendered home/_header.html.erb (Duration: 1.3ms | Allocations: 311)
  Rendered layout layouts/application.html.erb (Duration: 19.9ms | Allocations: 5318)
Completed 200 OK in 25ms (Views: 22.6ms | ActiveRecord: 0.0ms | Allocations: 6727)


Started GET "/friends" for ::1 at 2021-05-26 11:26:58 -0600
Processing by FriendsController#index as HTML
  Rendering layout layouts/application.html.erb
  Rendering friends/index.html.erb within layouts/application
  [1m[36mFriend Load (0.1ms)[0m  [1m[34mSELECT "friends".* FROM "friends"[0m
  ↳ app/views/friends/index.html.erb:16
  Rendered friends/index.html.erb within layouts/application (Duration: 4.0ms | Allocations: 1513)
[Webpacker] Everything's up-to-date. Nothing to do
  Rendered home/_header.html.erb (Duration: 0.4ms | Allocations: 130)
  Rendered layout layouts/application.html.erb (Duration: 11.7ms | Allocations: 4616)
Completed 200 OK in 15ms (Views: 12.5ms | ActiveRecord: 0.1ms | Allocations: 5262)


Started GET "/friends/3/edit" for ::1 at 2021-05-26 11:26:59 -0600
Processing by FriendsController#edit as HTML
  Parameters: {"id"=>"3"}
  [1m[36mFriend Load (0.2ms)[0m  [1m[34mSELECT "friends".* FROM "friends" WHERE "friends"."id" = ? LIMIT ?[0m  [["id", 3], ["LIMIT", 1]]
  ↳ app/controllers/friends_controller.rb:62:in `set_friend'
  Rendering layout layouts/application.html.erb
  Rendering friends/edit.html.erb within layouts/application
  Rendered friends/_form.html.erb (Duration: 1.6ms | Allocations: 625)
  Rendered friends/edit.html.erb within layouts/application (Duration: 2.6ms | Allocations: 907)
[Webpacker] Everything's up-to-date. Nothing to do
  Rendered home/_header.html.erb (Duration: 0.3ms | Allocations: 129)
  Rendered layout layouts/application.html.erb (Duration: 9.8ms | Allocations: 3990)
Completed 200 OK in 14ms (Views: 10.4ms | ActiveRecord: 0.2ms | Allocations: 5149)


Started GET "/friends/3/edit" for ::1 at 2021-05-26 11:27:02 -0600
Processing by FriendsController#edit as HTML
  Parameters: {"id"=>"3"}
  [1m[36mFriend Load (0.3ms)[0m  [1m[34mSELECT "friends".* FROM "friends" WHERE "friends"."id" = ? LIMIT ?[0m  [["id", 3], ["LIMIT", 1]]
  ↳ app/controllers/friends_controller.rb:62:in `set_friend'
  Rendering layout layouts/application.html.erb
  Rendering friends/edit.html.erb within layouts/application
  Rendered friends/_form.html.erb (Duration: 2.1ms | Allocations: 620)
  Rendered friends/edit.html.erb within layouts/application (Duration: 2.8ms | Allocations: 770)
[Webpacker] Everything's up-to-date. Nothing to do
  Rendered home/_header.html.erb (Duration: 0.7ms | Allocations: 129)
  Rendered layout layouts/application.html.erb (Duration: 12.4ms | Allocations: 3853)
Completed 200 OK in 18ms (Views: 13.3ms | ActiveRecord: 0.3ms | Allocations: 4856)


Started PATCH "/friends/3" for ::1 at 2021-05-26 11:27:22 -0600
Processing by FriendsController#update as HTML
  Parameters: {"authenticity_token"=>"[FILTERED]", "friend"=>{"first_name"=>"test2", "last_name"=>"test2", "email"=>"test2", "phone"=>"test2", "twitter"=>"test2"}, "commit"=>"Update Friend", "id"=>"3"}
  [1m[36mFriend Load (0.2ms)[0m  [1m[34mSELECT "friends".* FROM "friends" WHERE "friends"."id" = ? LIMIT ?[0m  [["id", 3], ["LIMIT", 1]]
  ↳ app/controllers/friends_controller.rb:62:in `set_friend'
Redirected to http://localhost:3000/friends/3
Completed 302 Found in 7ms (ActiveRecord: 0.2ms | Allocations: 1789)


Started GET "/friends/3" for ::1 at 2021-05-26 11:27:22 -0600
Processing by FriendsController#show as HTML
  Parameters: {"id"=>"3"}
  [1m[36mFriend Load (0.1ms)[0m  [1m[34mSELECT "friends".* FROM "friends" WHERE "friends"."id" = ? LIMIT ?[0m  [["id", 3], ["LIMIT", 1]]
  ↳ app/controllers/friends_controller.rb:62:in `set_friend'
  Rendering layout layouts/application.html.erb
  Rendering friends/show.html.erb within layouts/application
  Rendered friends/show.html.erb within layouts/application (Duration: 0.8ms | Allocations: 331)
[Webpacker] Everything's up-to-date. Nothing to do
  Rendered home/_header.html.erb (Duration: 0.5ms | Allocations: 130)
  Rendered layout layouts/application.html.erb (Duration: 7.1ms | Allocations: 3438)
Completed 200 OK in 11ms (Views: 7.8ms | ActiveRecord: 0.1ms | Allocations: 4581)


Started GET "/friends" for ::1 at 2021-05-26 11:27:31 -0600
Processing by FriendsController#index as HTML
  Rendering layout layouts/application.html.erb
  Rendering friends/index.html.erb within layouts/application
  [1m[36mFriend Load (0.1ms)[0m  [1m[34mSELECT "friends".* FROM "friends"[0m
  ↳ app/views/friends/index.html.erb:16
  Rendered friends/index.html.erb within layouts/application (Duration: 4.4ms | Allocations: 1111)
[Webpacker] Everything's up-to-date. Nothing to do
  Rendered home/_header.html.erb (Duration: 1.2ms | Allocations: 130)
  Rendered layout layouts/application.html.erb (Duration: 18.1ms | Allocations: 4207)
Completed 200 OK in 19ms (Views: 18.6ms | ActiveRecord: 0.1ms | Allocations: 4669)


Started GET "/" for ::1 at 2021-05-26 11:27:34 -0600
Processing by HomeController#index as HTML
  Rendering layout layouts/application.html.erb
  Rendering home/index.html.erb within layouts/application
  Rendered home/index.html.erb within layouts/application (Duration: 0.5ms | Allocations: 140)
[Webpacker] Everything's up-to-date. Nothing to do
  Rendered home/_header.html.erb (Duration: 0.3ms | Allocations: 183)
  Rendered layout layouts/application.html.erb (Duration: 7.1ms | Allocations: 3532)
Completed 200 OK in 12ms (Views: 10.5ms | ActiveRecord: 0.0ms | Allocations: 4607)


Started GET "/home/about" for ::1 at 2021-05-26 11:27:36 -0600
Processing by HomeController#about as HTML
  Rendering layout layouts/application.html.erb
  Rendering home/about.html.erb within layouts/application
  Rendered home/about.html.erb within layouts/application (Duration: 0.4ms | Allocations: 105)
[Webpacker] Everything's up-to-date. Nothing to do
  Rendered home/_header.html.erb (Duration: 0.3ms | Allocations: 144)
  Rendered layout layouts/application.html.erb (Duration: 6.6ms | Allocations: 3215)
Completed 200 OK in 8ms (Views: 7.1ms | ActiveRecord: 0.0ms | Allocations: 3851)


Started GET "/friends" for ::1 at 2021-05-26 11:27:37 -0600
Processing by FriendsController#index as HTML
  Rendering layout layouts/application.html.erb
  Rendering friends/index.html.erb within layouts/application
  [1m[36mFriend Load (0.2ms)[0m  [1m[34mSELECT "friends".* FROM "friends"[0m
  ↳ app/views/friends/index.html.erb:16
  Rendered friends/index.html.erb within layouts/application (Duration: 5.8ms | Allocations: 1211)
[Webpacker] Everything's up-to-date. Nothing to do
  Rendered home/_header.html.erb (Duration: 0.5ms | Allocations: 130)
  Rendered layout layouts/application.html.erb (Duration: 22.7ms | Allocations: 4336)
Completed 200 OK in 27ms (Views: 25.3ms | ActiveRecord: 0.2ms | Allocations: 5254)


Started GET "/friends/new" for ::1 at 2021-05-26 11:27:38 -0600
Processing by FriendsController#new as HTML
  Rendering layout layouts/application.html.erb
  Rendering friends/new.html.erb within layouts/application
  Rendered friends/_form.html.erb (Duration: 2.5ms | Allocations: 636)
  Rendered friends/new.html.erb within layouts/application (Duration: 7.8ms | Allocations: 1298)
[Webpacker] Everything's up-to-date. Nothing to do
  Rendered home/_header.html.erb (Duration: 0.4ms | Allocations: 129)
  Rendered layout layouts/application.html.erb (Duration: 17.2ms | Allocations: 4381)
Completed 200 OK in 19ms (Views: 18.2ms | ActiveRecord: 0.0ms | Allocations: 4854)


Started GET "/friends" for ::1 at 2021-05-26 11:27:39 -0600
Processing by FriendsController#index as HTML
  Rendering layout layouts/application.html.erb
  Rendering friends/index.html.erb within layouts/application
  [1m[36mFriend Load (0.3ms)[0m  [1m[34mSELECT "friends".* FROM "friends"[0m
  ↳ app/views/friends/index.html.erb:16
  Rendered friends/index.html.erb within layouts/application (Duration: 2.7ms | Allocations: 1106)
[Webpacker] Everything's up-to-date. Nothing to do
  Rendered home/_header.html.erb (Duration: 0.2ms | Allocations: 130)
  Rendered layout layouts/application.html.erb (Duration: 8.1ms | Allocations: 4202)
Completed 200 OK in 9ms (Views: 8.4ms | ActiveRecord: 0.3ms | Allocations: 4664)


Started GET "/friends" for ::1 at 2021-05-26 11:27:40 -0600
Processing by FriendsController#index as HTML
  Rendering layout layouts/application.html.erb
  Rendering friends/index.html.erb within layouts/application
  [1m[36mFriend Load (0.4ms)[0m  [1m[34mSELECT "friends".* FROM "friends"[0m
  ↳ app/views/friends/index.html.erb:16
  Rendered friends/index.html.erb within layouts/application (Duration: 4.3ms | Allocations: 1106)
[Webpacker] Everything's up-to-date. Nothing to do
  Rendered home/_header.html.erb (Duration: 0.3ms | Allocations: 130)
  Rendered layout layouts/application.html.erb (Duration: 10.9ms | Allocations: 4202)
Completed 200 OK in 12ms (Views: 11.4ms | ActiveRecord: 0.4ms | Allocations: 4664)


Started GET "/friends/new" for ::1 at 2021-05-26 11:31:15 -0600
Processing by FriendsController#new as HTML
  Rendering layout layouts/application.html.erb
  Rendering friends/new.html.erb within layouts/application
  Rendered friends/_form.html.erb (Duration: 3.9ms | Allocations: 1092)
  Rendered friends/new.html.erb within layouts/application (Duration: 6.0ms | Allocations: 1496)
[Webpacker] Everything's up-to-date. Nothing to do
  Rendered home/_header.html.erb (Duration: 1.5ms | Allocations: 311)
  Rendered layout layouts/application.html.erb (Duration: 22.2ms | Allocations: 5397)
Completed 200 OK in 27ms (Views: 25.2ms | ActiveRecord: 0.0ms | Allocations: 6755)


Started POST "/friends" for ::1 at 2021-05-26 11:31:20 -0600
Processing by FriendsController#create as HTML
  Parameters: {"authenticity_token"=>"[FILTERED]", "friend"=>{"first_name"=>"asdf", "last_name"=>"asdf", "email"=>"asdf", "phone"=>"sadf", "twitter"=>"asfd"}, "commit"=>"Create Friend"}
  [1m[36mTRANSACTION (0.1ms)[0m  [1m[36mbegin transaction[0m
  ↳ app/controllers/friends_controller.rb:27:in `block in create'
  [1m[36mFriend Create (0.8ms)[0m  [1m[32mINSERT INTO "friends" ("first_name", "last_name", "email", "phone", "twitter", "created_at", "updated_at") VALUES (?, ?, ?, ?, ?, ?, ?)[0m  [["first_name", "asdf"], ["last_name", "asdf"], ["email", "asdf"], ["phone", "sadf"], ["twitter", "asfd"], ["created_at", "2021-05-26 17:31:20.280212"], ["updated_at", "2021-05-26 17:31:20.280212"]]
  ↳ app/controllers/friends_controller.rb:27:in `block in create'
  [1m[36mTRANSACTION (1.7ms)[0m  [1m[36mcommit transaction[0m
  ↳ app/controllers/friends_controller.rb:27:in `block in create'
Redirected to http://localhost:3000/friends/4
Completed 302 Found in 19ms (ActiveRecord: 2.6ms | Allocations: 5177)


Started GET "/friends/4" for ::1 at 2021-05-26 11:31:20 -0600
Processing by FriendsController#show as HTML
  Parameters: {"id"=>"4"}
  [1m[36mFriend Load (0.3ms)[0m  [1m[34mSELECT "friends".* FROM "friends" WHERE "friends"."id" = ? LIMIT ?[0m  [["id", 4], ["LIMIT", 1]]
  ↳ app/controllers/friends_controller.rb:62:in `set_friend'
  Rendering layout layouts/application.html.erb
  Rendering friends/show.html.erb within layouts/application
  Rendered friends/show.html.erb within layouts/application (Duration: 1.3ms | Allocations: 332)
[Webpacker] Everything's up-to-date. Nothing to do
  Rendered home/_header.html.erb (Duration: 0.3ms | Allocations: 130)
  Rendered layouts/_alerts.html.erb (Duration: 0.3ms | Allocations: 132)
  Rendered layout layouts/application.html.erb (Duration: 7.6ms | Allocations: 3760)
Completed 200 OK in 13ms (Views: 8.8ms | ActiveRecord: 0.3ms | Allocations: 4934)


Started GET "/friends/4" for ::1 at 2021-05-26 11:31:49 -0600
Processing by FriendsController#show as HTML
  Parameters: {"id"=>"4"}
  [1m[36mFriend Load (0.3ms)[0m  [1m[34mSELECT "friends".* FROM "friends" WHERE "friends"."id" = ? LIMIT ?[0m  [["id", 4], ["LIMIT", 1]]
  ↳ app/controllers/friends_controller.rb:62:in `set_friend'
  Rendering layout layouts/application.html.erb
  Rendering friends/show.html.erb within layouts/application
  Rendered friends/show.html.erb within layouts/application (Duration: 1.5ms | Allocations: 425)
[Webpacker] Everything's up-to-date. Nothing to do
  Rendered home/_header.html.erb (Duration: 1.5ms | Allocations: 314)
  Rendered layout layouts/application.html.erb (Duration: 16.7ms | Allocations: 4329)
Completed 200 OK in 25ms (Views: 19.7ms | ActiveRecord: 0.3ms | Allocations: 6220)


Started GET "/friends" for ::1 at 2021-05-26 11:31:51 -0600
Processing by FriendsController#index as HTML
  Rendering layout layouts/application.html.erb
  Rendering friends/index.html.erb within layouts/application
  [1m[36mFriend Load (0.2ms)[0m  [1m[34mSELECT "friends".* FROM "friends"[0m
  ↳ app/views/friends/index.html.erb:16
  Rendered friends/index.html.erb within layouts/application (Duration: 7.1ms | Allocations: 1623)
[Webpacker] Everything's up-to-date. Nothing to do
  Rendered home/_header.html.erb (Duration: 0.7ms | Allocations: 130)
  Rendered layout layouts/application.html.erb (Duration: 18.3ms | Allocations: 4726)
Completed 200 OK in 21ms (Views: 19.1ms | ActiveRecord: 0.2ms | Allocations: 5373)


Started DELETE "/friends/4" for ::1 at 2021-05-26 11:32:02 -0600
Processing by FriendsController#destroy as HTML
  Parameters: {"authenticity_token"=>"[FILTERED]", "id"=>"4"}
  [1m[36mFriend Load (0.5ms)[0m  [1m[34mSELECT "friends".* FROM "friends" WHERE "friends"."id" = ? LIMIT ?[0m  [["id", 4], ["LIMIT", 1]]
  ↳ app/controllers/friends_controller.rb:62:in `set_friend'
  [1m[36mTRANSACTION (0.1ms)[0m  [1m[36mbegin transaction[0m
  ↳ app/controllers/friends_controller.rb:52:in `destroy'
  [1m[36mFriend Destroy (0.6ms)[0m  [1m[31mDELETE FROM "friends" WHERE "friends"."id" = ?[0m  [["id", 4]]
  ↳ app/controllers/friends_controller.rb:52:in `destroy'
  [1m[36mTRANSACTION (4.4ms)[0m  [1m[36mcommit transaction[0m
  ↳ app/controllers/friends_controller.rb:52:in `destroy'
Redirected to http://localhost:3000/friends
Completed 302 Found in 21ms (ActiveRecord: 5.6ms | Allocations: 4936)


Started GET "/friends" for ::1 at 2021-05-26 11:32:02 -0600
Processing by FriendsController#index as HTML
  Rendering layout layouts/application.html.erb
  Rendering friends/index.html.erb within layouts/application
  [1m[36mFriend Load (0.1ms)[0m  [1m[34mSELECT "friends".* FROM "friends"[0m
  ↳ app/views/friends/index.html.erb:16
  Rendered friends/index.html.erb within layouts/application (Duration: 2.7ms | Allocations: 1109)
[Webpacker] Everything's up-to-date. Nothing to do
  Rendered home/_header.html.erb (Duration: 0.4ms | Allocations: 130)
  Rendered layouts/_alerts.html.erb (Duration: 0.6ms | Allocations: 129)
  Rendered layout layouts/application.html.erb (Duration: 11.7ms | Allocations: 4530)
Completed 200 OK in 13ms (Views: 12.1ms | ActiveRecord: 0.1ms | Allocations: 4998)


Started GET "/friends/new" for ::1 at 2021-05-26 11:32:43 -0600
Processing by FriendsController#new as HTML
  Rendering layout layouts/application.html.erb
  Rendering friends/new.html.erb within layouts/application
  Rendered friends/_form.html.erb (Duration: 4.3ms | Allocations: 1091)
  Rendered friends/new.html.erb within layouts/application (Duration: 5.8ms | Allocations: 1489)
[Webpacker] Everything's up-to-date. Nothing to do
  Rendered home/_header.html.erb (Duration: 0.7ms | Allocations: 311)
  Rendered layout layouts/application.html.erb (Duration: 21.5ms | Allocations: 5371)
Completed 200 OK in 27ms (Views: 25.4ms | ActiveRecord: 0.0ms | Allocations: 6725)


Started POST "/friends" for ::1 at 2021-05-26 11:32:47 -0600
Processing by FriendsController#create as HTML
  Parameters: {"authenticity_token"=>"[FILTERED]", "friend"=>{"first_name"=>"asdf", "last_name"=>"asdf", "email"=>"asdf", "phone"=>"asdf", "twitter"=>"asdf"}, "commit"=>"Create Friend"}
  [1m[36mTRANSACTION (0.1ms)[0m  [1m[36mbegin transaction[0m
  ↳ app/controllers/friends_controller.rb:27:in `block in create'
  [1m[36mFriend Create (1.9ms)[0m  [1m[32mINSERT INTO "friends" ("first_name", "last_name", "email", "phone", "twitter", "created_at", "updated_at") VALUES (?, ?, ?, ?, ?, ?, ?)[0m  [["first_name", "asdf"], ["last_name", "asdf"], ["email", "asdf"], ["phone", "asdf"], ["twitter", "asdf"], ["created_at", "2021-05-26 17:32:47.315700"], ["updated_at", "2021-05-26 17:32:47.315700"]]
  ↳ app/controllers/friends_controller.rb:27:in `block in create'
  [1m[36mTRANSACTION (2.1ms)[0m  [1m[36mcommit transaction[0m
  ↳ app/controllers/friends_controller.rb:27:in `block in create'
Redirected to http://localhost:3000/friends/5
Completed 302 Found in 23ms (ActiveRecord: 4.1ms | Allocations: 4294)


Started GET "/friends/5" for ::1 at 2021-05-26 11:32:47 -0600
Processing by FriendsController#show as HTML
  Parameters: {"id"=>"5"}
  [1m[36mFriend Load (0.1ms)[0m  [1m[34mSELECT "friends".* FROM "friends" WHERE "friends"."id" = ? LIMIT ?[0m  [["id", 5], ["LIMIT", 1]]
  ↳ app/controllers/friends_controller.rb:62:in `set_friend'
  Rendering layout layouts/application.html.erb
  Rendering friends/show.html.erb within layouts/application
  Rendered friends/show.html.erb within layouts/application (Duration: 0.9ms | Allocations: 303)
[Webpacker] Everything's up-to-date. Nothing to do
  Rendered home/_header.html.erb (Duration: 0.4ms | Allocations: 130)
  Rendered layouts/_alerts.html.erb (Duration: 0.5ms | Allocations: 130)
  Rendered layout layouts/application.html.erb (Duration: 15.8ms | Allocations: 3729)
Completed 200 OK in 20ms (Views: 16.5ms | ActiveRecord: 0.1ms | Allocations: 4900)


Started GET "/friends" for ::1 at 2021-05-26 11:32:54 -0600
Processing by FriendsController#index as HTML
  Rendering layout layouts/application.html.erb
  Rendering friends/index.html.erb within layouts/application
  [1m[36mFriend Load (0.1ms)[0m  [1m[34mSELECT "friends".* FROM "friends"[0m
  ↳ app/views/friends/index.html.erb:14
  Rendered friends/index.html.erb within layouts/application (Duration: 3.6ms | Allocations: 1539)
[Webpacker] Everything's up-to-date. Nothing to do
  Rendered home/_header.html.erb (Duration: 0.5ms | Allocations: 130)
  Rendered layout layouts/application.html.erb (Duration: 10.4ms | Allocations: 4648)
Completed 200 OK in 13ms (Views: 11.1ms | ActiveRecord: 0.1ms | Allocations: 5241)


Started GET "/friends/3/edit" for ::1 at 2021-05-26 11:33:01 -0600
Processing by FriendsController#edit as HTML
  Parameters: {"id"=>"3"}
  [1m[36mFriend Load (0.2ms)[0m  [1m[34mSELECT "friends".* FROM "friends" WHERE "friends"."id" = ? LIMIT ?[0m  [["id", 3], ["LIMIT", 1]]
  ↳ app/controllers/friends_controller.rb:62:in `set_friend'
  Rendering layout layouts/application.html.erb
  Rendering friends/edit.html.erb within layouts/application
  Rendered friends/_form.html.erb (Duration: 1.4ms | Allocations: 624)
  Rendered friends/edit.html.erb within layouts/application (Duration: 2.3ms | Allocations: 904)
[Webpacker] Everything's up-to-date. Nothing to do
  Rendered home/_header.html.erb (Duration: 0.3ms | Allocations: 129)
  Rendered layout layouts/application.html.erb (Duration: 9.8ms | Allocations: 4000)
Completed 200 OK in 15ms (Views: 10.5ms | ActiveRecord: 0.2ms | Allocations: 5132)


Started PATCH "/friends/3" for ::1 at 2021-05-26 11:33:02 -0600
Processing by FriendsController#update as HTML
  Parameters: {"authenticity_token"=>"[FILTERED]", "friend"=>{"first_name"=>"test2", "last_name"=>"test2", "email"=>"test2", "phone"=>"test2", "twitter"=>"test2"}, "commit"=>"Update Friend", "id"=>"3"}
  [1m[36mFriend Load (0.2ms)[0m  [1m[34mSELECT "friends".* FROM "friends" WHERE "friends"."id" = ? LIMIT ?[0m  [["id", 3], ["LIMIT", 1]]
  ↳ app/controllers/friends_controller.rb:62:in `set_friend'
Redirected to http://localhost:3000/friends/3
Completed 302 Found in 7ms (ActiveRecord: 0.2ms | Allocations: 1169)


Started GET "/friends/3" for ::1 at 2021-05-26 11:33:02 -0600
Processing by FriendsController#show as HTML
  Parameters: {"id"=>"3"}
  [1m[36mFriend Load (0.2ms)[0m  [1m[34mSELECT "friends".* FROM "friends" WHERE "friends"."id" = ? LIMIT ?[0m  [["id", 3], ["LIMIT", 1]]
  ↳ app/controllers/friends_controller.rb:62:in `set_friend'
  Rendering layout layouts/application.html.erb
  Rendering friends/show.html.erb within layouts/application
  Rendered friends/show.html.erb within layouts/application (Duration: 0.4ms | Allocations: 112)
[Webpacker] Everything's up-to-date. Nothing to do
  Rendered home/_header.html.erb (Duration: 0.4ms | Allocations: 130)
  Rendered layouts/_alerts.html.erb (Duration: 0.1ms | Allocations: 44)
  Rendered layout layouts/application.html.erb (Duration: 10.0ms | Allocations: 3340)
Completed 200 OK in 14ms (Views: 10.8ms | ActiveRecord: 0.2ms | Allocations: 4354)


Started GET "/friends" for ::1 at 2021-05-26 11:33:05 -0600
Processing by FriendsController#index as HTML
  Rendering layout layouts/application.html.erb
  Rendering friends/index.html.erb within layouts/application
  [1m[36mFriend Load (0.1ms)[0m  [1m[34mSELECT "friends".* FROM "friends"[0m
  ↳ app/views/friends/index.html.erb:14
  Rendered friends/index.html.erb within layouts/application (Duration: 4.3ms | Allocations: 1222)
[Webpacker] Everything's up-to-date. Nothing to do
  Rendered home/_header.html.erb (Duration: 0.3ms | Allocations: 130)
  Rendered layout layouts/application.html.erb (Duration: 11.9ms | Allocations: 4331)
Completed 200 OK in 13ms (Views: 12.3ms | ActiveRecord: 0.1ms | Allocations: 4794)


Started DELETE "/friends/5" for ::1 at 2021-05-26 11:33:07 -0600
Processing by FriendsController#destroy as HTML
  Parameters: {"authenticity_token"=>"[FILTERED]", "id"=>"5"}
  [1m[36mFriend Load (0.2ms)[0m  [1m[34mSELECT "friends".* FROM "friends" WHERE "friends"."id" = ? LIMIT ?[0m  [["id", 5], ["LIMIT", 1]]
  ↳ app/controllers/friends_controller.rb:62:in `set_friend'
  [1m[36mTRANSACTION (0.1ms)[0m  [1m[36mbegin transaction[0m
  ↳ app/controllers/friends_controller.rb:52:in `destroy'
  [1m[36mFriend Destroy (0.4ms)[0m  [1m[31mDELETE FROM "friends" WHERE "friends"."id" = ?[0m  [["id", 5]]
  ↳ app/controllers/friends_controller.rb:52:in `destroy'
  [1m[36mTRANSACTION (3.0ms)[0m  [1m[36mcommit transaction[0m
  ↳ app/controllers/friends_controller.rb:52:in `destroy'
Redirected to http://localhost:3000/friends
Completed 302 Found in 18ms (ActiveRecord: 3.8ms | Allocations: 4776)


Started GET "/friends" for ::1 at 2021-05-26 11:33:07 -0600
Processing by FriendsController#index as HTML
  Rendering layout layouts/application.html.erb
  Rendering friends/index.html.erb within layouts/application
  [1m[36mFriend Load (0.2ms)[0m  [1m[34mSELECT "friends".* FROM "friends"[0m
  ↳ app/views/friends/index.html.erb:14
  Rendered friends/index.html.erb within layouts/application (Duration: 4.6ms | Allocations: 1093)
[Webpacker] Everything's up-to-date. Nothing to do
  Rendered home/_header.html.erb (Duration: 0.4ms | Allocations: 130)
  Rendered layouts/_alerts.html.erb (Duration: 0.1ms | Allocations: 44)
  Rendered layout layouts/application.html.erb (Duration: 11.3ms | Allocations: 4311)
Completed 200 OK in 13ms (Views: 12.0ms | ActiveRecord: 0.2ms | Allocations: 4779)


- Gracefully stopping, waiting for requests to finish
=== puma shutdown: 2021-05-26 11:38:30 -0600 ===
- Goodbye!
Exiting
